{"/Users/nishchith.g.m/Desktop/UpShot_project/cold-email-dashboard-starter/app/api/admin/llm-usage/route.ts": {"path":"/Users/nishchith.g.m/Desktop/UpShot_project/cold-email-dashboard-starter/app/api/admin/llm-usage/route.ts","statementMap":{"0":{"start":{"line":18,"column":22},"end":{"line":18,"column":28}},"1":{"start":{"line":156,"column":22},"end":{"line":156,"column":25}},"2":{"start":{"line":1,"column":42},"end":{"line":1,"column":null}},"3":{"start":{"line":2,"column":30},"end":{"line":2,"column":null}},"4":{"start":{"line":20,"column":16},"end":{"line":20,"column":null}},"5":{"start":{"line":21,"column":24},"end":{"line":21,"column":54}},"6":{"start":{"line":23,"column":2},"end":{"line":28,"column":null}},"7":{"start":{"line":24,"column":4},"end":{"line":26,"column":null}},"8":{"start":{"line":31,"column":2},"end":{"line":36,"column":null}},"9":{"start":{"line":32,"column":4},"end":{"line":34,"column":null}},"10":{"start":{"line":38,"column":2},"end":{"line":152,"column":null}},"11":{"start":{"line":39,"column":17},"end":{"line":39,"column":null}},"12":{"start":{"line":40,"column":55},"end":{"line":40,"column":null}},"13":{"start":{"line":43,"column":4},"end":{"line":48,"column":null}},"14":{"start":{"line":44,"column":6},"end":{"line":46,"column":null}},"15":{"start":{"line":51,"column":16},"end":{"line":51,"column":null}},"16":{"start":{"line":53,"column":4},"end":{"line":63,"column":null}},"17":{"start":{"line":55,"column":25},"end":{"line":55,"column":null}},"18":{"start":{"line":56,"column":6},"end":{"line":61,"column":null}},"19":{"start":{"line":57,"column":8},"end":{"line":59,"column":null}},"20":{"start":{"line":62,"column":6},"end":{"line":62,"column":null}},"21":{"start":{"line":65,"column":4},"end":{"line":74,"column":null}},"22":{"start":{"line":66,"column":24},"end":{"line":66,"column":null}},"23":{"start":{"line":67,"column":6},"end":{"line":72,"column":null}},"24":{"start":{"line":68,"column":8},"end":{"line":70,"column":null}},"25":{"start":{"line":73,"column":6},"end":{"line":73,"column":null}},"26":{"start":{"line":76,"column":4},"end":{"line":93,"column":null}},"27":{"start":{"line":77,"column":29},"end":{"line":77,"column":null}},"28":{"start":{"line":78,"column":6},"end":{"line":83,"column":null}},"29":{"start":{"line":79,"column":8},"end":{"line":81,"column":null}},"30":{"start":{"line":84,"column":24},"end":{"line":84,"column":null}},"31":{"start":{"line":85,"column":22},"end":{"line":85,"column":null}},"32":{"start":{"line":86,"column":6},"end":{"line":91,"column":null}},"33":{"start":{"line":87,"column":8},"end":{"line":89,"column":null}},"34":{"start":{"line":92,"column":6},"end":{"line":92,"column":null}},"35":{"start":{"line":96,"column":41},"end":{"line":96,"column":null}},"36":{"start":{"line":98,"column":4},"end":{"line":104,"column":null}},"37":{"start":{"line":99,"column":6},"end":{"line":99,"column":null}},"38":{"start":{"line":100,"column":6},"end":{"line":102,"column":null}},"39":{"start":{"line":107,"column":4},"end":{"line":114,"column":null}},"40":{"start":{"line":108,"column":6},"end":{"line":113,"column":null}},"41":{"start":{"line":117,"column":22},"end":{"line":117,"column":null}},"42":{"start":{"line":119,"column":4},"end":{"line":121,"column":null}},"43":{"start":{"line":120,"column":6},"end":{"line":120,"column":null}},"44":{"start":{"line":122,"column":4},"end":{"line":124,"column":null}},"45":{"start":{"line":123,"column":6},"end":{"line":123,"column":null}},"46":{"start":{"line":125,"column":4},"end":{"line":127,"column":null}},"47":{"start":{"line":126,"column":6},"end":{"line":126,"column":null}},"48":{"start":{"line":129,"column":35},"end":{"line":129,"column":null}},"49":{"start":{"line":131,"column":4},"end":{"line":137,"column":null}},"50":{"start":{"line":132,"column":6},"end":{"line":132,"column":null}},"51":{"start":{"line":133,"column":6},"end":{"line":135,"column":null}},"52":{"start":{"line":139,"column":4},"end":{"line":144,"column":null}},"53":{"start":{"line":147,"column":4},"end":{"line":147,"column":null}},"54":{"start":{"line":148,"column":4},"end":{"line":150,"column":null}},"55":{"start":{"line":158,"column":16},"end":{"line":158,"column":null}},"56":{"start":{"line":159,"column":24},"end":{"line":159,"column":54}},"57":{"start":{"line":161,"column":2},"end":{"line":166,"column":null}},"58":{"start":{"line":162,"column":4},"end":{"line":164,"column":null}},"59":{"start":{"line":169,"column":2},"end":{"line":174,"column":null}},"60":{"start":{"line":170,"column":4},"end":{"line":172,"column":null}},"61":{"start":{"line":176,"column":27},"end":{"line":176,"column":null}},"62":{"start":{"line":177,"column":16},"end":{"line":177,"column":null}},"63":{"start":{"line":178,"column":17},"end":{"line":178,"column":null}},"64":{"start":{"line":179,"column":16},"end":{"line":179,"column":null}},"65":{"start":{"line":181,"column":2},"end":{"line":216,"column":null}},"66":{"start":{"line":182,"column":16},"end":{"line":186,"column":null}},"67":{"start":{"line":188,"column":4},"end":{"line":190,"column":null}},"68":{"start":{"line":189,"column":6},"end":{"line":189,"column":null}},"69":{"start":{"line":191,"column":4},"end":{"line":193,"column":null}},"70":{"start":{"line":192,"column":6},"end":{"line":192,"column":null}},"71":{"start":{"line":195,"column":35},"end":{"line":195,"column":null}},"72":{"start":{"line":197,"column":4},"end":{"line":202,"column":null}},"73":{"start":{"line":198,"column":6},"end":{"line":200,"column":null}},"74":{"start":{"line":204,"column":4},"end":{"line":208,"column":null}},"75":{"start":{"line":211,"column":4},"end":{"line":211,"column":null}},"76":{"start":{"line":212,"column":4},"end":{"line":214,"column":null}}},"fnMap":{"0":{"name":"DELETE","decl":{"start":{"line":18,"column":22},"end":{"line":18,"column":28}},"loc":{"start":{"line":18,"column":45},"end":{"line":153,"column":null}}},"1":{"name":"GET","decl":{"start":{"line":156,"column":22},"end":{"line":156,"column":25}},"loc":{"start":{"line":156,"column":42},"end":{"line":217,"column":null}}}},"branchMap":{"0":{"loc":{"start":{"line":23,"column":2},"end":{"line":28,"column":null}},"type":"if","locations":[{"start":{"line":23,"column":2},"end":{"line":28,"column":null}},{"start":{},"end":{}}]},"1":{"loc":{"start":{"line":23,"column":6},"end":{"line":23,"column":41}},"type":"binary-expr","locations":[{"start":{"line":23,"column":6},"end":{"line":23,"column":16}},{"start":{"line":23,"column":16},"end":{"line":23,"column":41}}]},"2":{"loc":{"start":{"line":31,"column":2},"end":{"line":36,"column":null}},"type":"if","locations":[{"start":{"line":31,"column":2},"end":{"line":36,"column":null}},{"start":{},"end":{}}]},"3":{"loc":{"start":{"line":40,"column":36},"end":{"line":40,"column":50}},"type":"default-arg","locations":[{"start":{"line":40,"column":45},"end":{"line":40,"column":50}}]},"4":{"loc":{"start":{"line":43,"column":4},"end":{"line":48,"column":null}},"type":"if","locations":[{"start":{"line":43,"column":4},"end":{"line":48,"column":null}},{"start":{},"end":{}}]},"5":{"loc":{"start":{"line":43,"column":8},"end":{"line":43,"column":39}},"type":"binary-expr","locations":[{"start":{"line":43,"column":8},"end":{"line":43,"column":19}},{"start":{"line":43,"column":19},"end":{"line":43,"column":29}},{"start":{"line":43,"column":29},"end":{"line":43,"column":39}}]},"6":{"loc":{"start":{"line":53,"column":4},"end":{"line":63,"column":null}},"type":"if","locations":[{"start":{"line":53,"column":4},"end":{"line":63,"column":null}},{"start":{},"end":{}}]},"7":{"loc":{"start":{"line":56,"column":6},"end":{"line":61,"column":null}},"type":"if","locations":[{"start":{"line":56,"column":6},"end":{"line":61,"column":null}},{"start":{},"end":{}}]},"8":{"loc":{"start":{"line":65,"column":4},"end":{"line":74,"column":null}},"type":"if","locations":[{"start":{"line":65,"column":4},"end":{"line":74,"column":null}},{"start":{},"end":{}}]},"9":{"loc":{"start":{"line":67,"column":6},"end":{"line":72,"column":null}},"type":"if","locations":[{"start":{"line":67,"column":6},"end":{"line":72,"column":null}},{"start":{},"end":{}}]},"10":{"loc":{"start":{"line":76,"column":4},"end":{"line":93,"column":null}},"type":"if","locations":[{"start":{"line":76,"column":4},"end":{"line":93,"column":null}},{"start":{},"end":{}}]},"11":{"loc":{"start":{"line":78,"column":6},"end":{"line":83,"column":null}},"type":"if","locations":[{"start":{"line":78,"column":6},"end":{"line":83,"column":null}},{"start":{},"end":{}}]},"12":{"loc":{"start":{"line":78,"column":10},"end":{"line":78,"column":26}},"type":"binary-expr","locations":[{"start":{"line":78,"column":10},"end":{"line":78,"column":20}},{"start":{"line":78,"column":20},"end":{"line":78,"column":26}}]},"13":{"loc":{"start":{"line":86,"column":6},"end":{"line":91,"column":null}},"type":"if","locations":[{"start":{"line":86,"column":6},"end":{"line":91,"column":null}},{"start":{},"end":{}}]},"14":{"loc":{"start":{"line":86,"column":10},"end":{"line":86,"column":66}},"type":"binary-expr","locations":[{"start":{"line":86,"column":10},"end":{"line":86,"column":40}},{"start":{"line":86,"column":40},"end":{"line":86,"column":66}}]},"15":{"loc":{"start":{"line":98,"column":4},"end":{"line":104,"column":null}},"type":"if","locations":[{"start":{"line":98,"column":4},"end":{"line":104,"column":null}},{"start":{},"end":{}}]},"16":{"loc":{"start":{"line":107,"column":4},"end":{"line":114,"column":null}},"type":"if","locations":[{"start":{"line":107,"column":4},"end":{"line":114,"column":null}},{"start":{},"end":{}}]},"17":{"loc":{"start":{"line":119,"column":4},"end":{"line":121,"column":null}},"type":"if","locations":[{"start":{"line":119,"column":4},"end":{"line":121,"column":null}},{"start":{},"end":{}}]},"18":{"loc":{"start":{"line":122,"column":4},"end":{"line":124,"column":null}},"type":"if","locations":[{"start":{"line":122,"column":4},"end":{"line":124,"column":null}},{"start":{},"end":{}}]},"19":{"loc":{"start":{"line":125,"column":4},"end":{"line":127,"column":null}},"type":"if","locations":[{"start":{"line":125,"column":4},"end":{"line":127,"column":null}},{"start":{},"end":{}}]},"20":{"loc":{"start":{"line":131,"column":4},"end":{"line":137,"column":null}},"type":"if","locations":[{"start":{"line":131,"column":4},"end":{"line":137,"column":null}},{"start":{},"end":{}}]},"21":{"loc":{"start":{"line":149,"column":49},"end":{"line":149,"column":106}},"type":"cond-expr","locations":[{"start":{"line":149,"column":74},"end":{"line":149,"column":87}},{"start":{"line":149,"column":90},"end":{"line":149,"column":106}}]},"22":{"loc":{"start":{"line":161,"column":2},"end":{"line":166,"column":null}},"type":"if","locations":[{"start":{"line":161,"column":2},"end":{"line":166,"column":null}},{"start":{},"end":{}}]},"23":{"loc":{"start":{"line":161,"column":6},"end":{"line":161,"column":41}},"type":"binary-expr","locations":[{"start":{"line":161,"column":6},"end":{"line":161,"column":16}},{"start":{"line":161,"column":16},"end":{"line":161,"column":41}}]},"24":{"loc":{"start":{"line":169,"column":2},"end":{"line":174,"column":null}},"type":"if","locations":[{"start":{"line":169,"column":2},"end":{"line":174,"column":null}},{"start":{},"end":{}}]},"25":{"loc":{"start":{"line":177,"column":25},"end":{"line":177,"column":null}},"type":"binary-expr","locations":[{"start":{"line":177,"column":25},"end":{"line":177,"column":54}},{"start":{"line":177,"column":54},"end":{"line":177,"column":null}}]},"26":{"loc":{"start":{"line":188,"column":4},"end":{"line":190,"column":null}},"type":"if","locations":[{"start":{"line":188,"column":4},"end":{"line":190,"column":null}},{"start":{},"end":{}}]},"27":{"loc":{"start":{"line":191,"column":4},"end":{"line":193,"column":null}},"type":"if","locations":[{"start":{"line":191,"column":4},"end":{"line":193,"column":null}},{"start":{},"end":{}}]},"28":{"loc":{"start":{"line":197,"column":4},"end":{"line":202,"column":null}},"type":"if","locations":[{"start":{"line":197,"column":4},"end":{"line":202,"column":null}},{"start":{},"end":{}}]},"29":{"loc":{"start":{"line":206,"column":13},"end":{"line":206,"column":null}},"type":"binary-expr","locations":[{"start":{"line":206,"column":13},"end":{"line":206,"column":29}},{"start":{"line":206,"column":29},"end":{"line":206,"column":null}}]}},"s":{"0":0,"1":0,"2":0,"3":0,"4":0,"5":0,"6":0,"7":0,"8":0,"9":0,"10":0,"11":0,"12":0,"13":0,"14":0,"15":0,"16":0,"17":0,"18":0,"19":0,"20":0,"21":0,"22":0,"23":0,"24":0,"25":0,"26":0,"27":0,"28":0,"29":0,"30":0,"31":0,"32":0,"33":0,"34":0,"35":0,"36":0,"37":0,"38":0,"39":0,"40":0,"41":0,"42":0,"43":0,"44":0,"45":0,"46":0,"47":0,"48":0,"49":0,"50":0,"51":0,"52":0,"53":0,"54":0,"55":0,"56":0,"57":0,"58":0,"59":0,"60":0,"61":0,"62":0,"63":0,"64":0,"65":0,"66":0,"67":0,"68":0,"69":0,"70":0,"71":0,"72":0,"73":0,"74":0,"75":0,"76":0},"f":{"0":0,"1":0},"b":{"0":[0,0],"1":[0,0],"2":[0,0],"3":[0],"4":[0,0],"5":[0,0,0],"6":[0,0],"7":[0,0],"8":[0,0],"9":[0,0],"10":[0,0],"11":[0,0],"12":[0,0],"13":[0,0],"14":[0,0],"15":[0,0],"16":[0,0],"17":[0,0],"18":[0,0],"19":[0,0],"20":[0,0],"21":[0,0],"22":[0,0],"23":[0,0],"24":[0,0],"25":[0,0],"26":[0,0],"27":[0,0],"28":[0,0],"29":[0,0]}}
,"/Users/nishchith.g.m/Desktop/UpShot_project/cold-email-dashboard-starter/app/api/admin/refresh-views/route.ts": {"path":"/Users/nishchith.g.m/Desktop/UpShot_project/cold-email-dashboard-starter/app/api/admin/refresh-views/route.ts","statementMap":{"0":{"start":{"line":97,"column":22},"end":{"line":97,"column":25}},"1":{"start":{"line":20,"column":22},"end":{"line":20,"column":26}},"2":{"start":{"line":4,"column":13},"end":{"line":4,"column":20}},"3":{"start":{"line":1,"column":42},"end":{"line":1,"column":null}},"4":{"start":{"line":2,"column":30},"end":{"line":2,"column":null}},"5":{"start":{"line":4,"column":23},"end":{"line":4,"column":null}},"6":{"start":{"line":21,"column":2},"end":{"line":88,"column":null}},"7":{"start":{"line":23,"column":24},"end":{"line":23,"column":null}},"8":{"start":{"line":24,"column":23},"end":{"line":24,"column":null}},"9":{"start":{"line":25,"column":18},"end":{"line":25,"column":null}},"10":{"start":{"line":27,"column":26},"end":{"line":27,"column":70}},"11":{"start":{"line":29,"column":4},"end":{"line":35,"column":null}},"12":{"start":{"line":30,"column":6},"end":{"line":30,"column":null}},"13":{"start":{"line":31,"column":6},"end":{"line":33,"column":null}},"14":{"start":{"line":37,"column":4},"end":{"line":42,"column":null}},"15":{"start":{"line":38,"column":6},"end":{"line":40,"column":null}},"16":{"start":{"line":44,"column":4},"end":{"line":49,"column":null}},"17":{"start":{"line":45,"column":6},"end":{"line":47,"column":null}},"18":{"start":{"line":52,"column":22},"end":{"line":52,"column":null}},"19":{"start":{"line":53,"column":28},"end":{"line":53,"column":null}},"20":{"start":{"line":55,"column":4},"end":{"line":64,"column":null}},"21":{"start":{"line":56,"column":6},"end":{"line":56,"column":null}},"22":{"start":{"line":57,"column":6},"end":{"line":62,"column":null}},"23":{"start":{"line":66,"column":21},"end":{"line":66,"column":null}},"24":{"start":{"line":69,"column":36},"end":{"line":69,"column":null}},"25":{"start":{"line":71,"column":4},"end":{"line":77,"column":null}},"26":{"start":{"line":80,"column":4},"end":{"line":80,"column":null}},"27":{"start":{"line":81,"column":4},"end":{"line":86,"column":null}},"28":{"start":{"line":98,"column":2},"end":{"line":128,"column":null}},"29":{"start":{"line":99,"column":4},"end":{"line":104,"column":null}},"30":{"start":{"line":100,"column":6},"end":{"line":102,"column":null}},"31":{"start":{"line":106,"column":28},"end":{"line":106,"column":null}},"32":{"start":{"line":108,"column":4},"end":{"line":114,"column":null}},"33":{"start":{"line":109,"column":6},"end":{"line":109,"column":null}},"34":{"start":{"line":110,"column":6},"end":{"line":112,"column":null}},"35":{"start":{"line":116,"column":4},"end":{"line":120,"column":null}},"36":{"start":{"line":123,"column":4},"end":{"line":123,"column":null}},"37":{"start":{"line":124,"column":4},"end":{"line":126,"column":null}}},"fnMap":{"0":{"name":"POST","decl":{"start":{"line":20,"column":22},"end":{"line":20,"column":26}},"loc":{"start":{"line":20,"column":47},"end":{"line":89,"column":null}}},"1":{"name":"GET","decl":{"start":{"line":97,"column":22},"end":{"line":97,"column":25}},"loc":{"start":{"line":97,"column":22},"end":{"line":129,"column":null}}}},"branchMap":{"0":{"loc":{"start":{"line":25,"column":18},"end":{"line":25,"column":null}},"type":"binary-expr","locations":[{"start":{"line":25,"column":18},"end":{"line":25,"column":33}},{"start":{"line":25,"column":33},"end":{"line":25,"column":null}}]},"1":{"loc":{"start":{"line":29,"column":4},"end":{"line":35,"column":null}},"type":"if","locations":[{"start":{"line":29,"column":4},"end":{"line":35,"column":null}},{"start":{},"end":{}}]},"2":{"loc":{"start":{"line":37,"column":4},"end":{"line":42,"column":null}},"type":"if","locations":[{"start":{"line":37,"column":4},"end":{"line":42,"column":null}},{"start":{},"end":{}}]},"3":{"loc":{"start":{"line":44,"column":4},"end":{"line":49,"column":null}},"type":"if","locations":[{"start":{"line":44,"column":4},"end":{"line":49,"column":null}},{"start":{},"end":{}}]},"4":{"loc":{"start":{"line":55,"column":4},"end":{"line":64,"column":null}},"type":"if","locations":[{"start":{"line":55,"column":4},"end":{"line":64,"column":null}},{"start":{},"end":{}}]},"5":{"loc":{"start":{"line":84,"column":17},"end":{"line":84,"column":null}},"type":"cond-expr","locations":[{"start":{"line":84,"column":42},"end":{"line":84,"column":55}},{"start":{"line":84,"column":58},"end":{"line":84,"column":null}}]},"6":{"loc":{"start":{"line":99,"column":4},"end":{"line":104,"column":null}},"type":"if","locations":[{"start":{"line":99,"column":4},"end":{"line":104,"column":null}},{"start":{},"end":{}}]},"7":{"loc":{"start":{"line":108,"column":4},"end":{"line":114,"column":null}},"type":"if","locations":[{"start":{"line":108,"column":4},"end":{"line":114,"column":null}},{"start":{},"end":{}}]}},"s":{"0":0,"1":0,"2":0,"3":0,"4":0,"5":0,"6":0,"7":0,"8":0,"9":0,"10":0,"11":0,"12":0,"13":0,"14":0,"15":0,"16":0,"17":0,"18":0,"19":0,"20":0,"21":0,"22":0,"23":0,"24":0,"25":0,"26":0,"27":0,"28":0,"29":0,"30":0,"31":0,"32":0,"33":0,"34":0,"35":0,"36":0,"37":0},"f":{"0":0,"1":0},"b":{"0":[0,0],"1":[0,0],"2":[0,0],"3":[0,0],"4":[0,0],"5":[0,0],"6":[0,0],"7":[0,0]}}
,"/Users/nishchith.g.m/Desktop/UpShot_project/cold-email-dashboard-starter/app/api/ask/route.ts": {"path":"/Users/nishchith.g.m/Desktop/UpShot_project/cold-email-dashboard-starter/app/api/ask/route.ts","statementMap":{"0":{"start":{"line":51,"column":22},"end":{"line":51,"column":26}},"1":{"start":{"line":4,"column":13},"end":{"line":4,"column":20}},"2":{"start":{"line":1,"column":42},"end":{"line":1,"column":null}},"3":{"start":{"line":2,"column":52},"end":{"line":2,"column":null}},"4":{"start":{"line":4,"column":23},"end":{"line":4,"column":null}},"5":{"start":{"line":7,"column":2},"end":{"line":9,"column":null}},"6":{"start":{"line":8,"column":4},"end":{"line":8,"column":null}},"7":{"start":{"line":11,"column":19},"end":{"line":16,"column":null}},"8":{"start":{"line":18,"column":17},"end":{"line":24,"column":null}},"9":{"start":{"line":19,"column":19},"end":{"line":23,"column":null}},"10":{"start":{"line":27,"column":23},"end":{"line":27,"column":null}},"11":{"start":{"line":28,"column":24},"end":{"line":28,"column":null}},"12":{"start":{"line":30,"column":2},"end":{"line":34,"column":null}},"13":{"start":{"line":38,"column":2},"end":{"line":38,"column":null}},"14":{"start":{"line":38,"column":22},"end":{"line":38,"column":null}},"15":{"start":{"line":40,"column":19},"end":{"line":45,"column":null}},"16":{"start":{"line":47,"column":16},"end":{"line":47,"column":null}},"17":{"start":{"line":47,"column":50},"end":{"line":47,"column":85}},"18":{"start":{"line":48,"column":2},"end":{"line":48,"column":null}},"19":{"start":{"line":52,"column":22},"end":{"line":52,"column":42}},"20":{"start":{"line":54,"column":17},"end":{"line":54,"column":null}},"21":{"start":{"line":55,"column":2},"end":{"line":60,"column":null}},"22":{"start":{"line":56,"column":17},"end":{"line":56,"column":null}},"23":{"start":{"line":57,"column":4},"end":{"line":57,"column":null}},"24":{"start":{"line":62,"column":16},"end":{"line":62,"column":null}},"25":{"start":{"line":63,"column":14},"end":{"line":63,"column":null}},"26":{"start":{"line":63,"column":27},"end":{"line":63,"column":null}},"27":{"start":{"line":66,"column":14},"end":{"line":66,"column":null}},"28":{"start":{"line":67,"column":16},"end":{"line":67,"column":null}},"29":{"start":{"line":70,"column":18},"end":{"line":70,"column":null}},"30":{"start":{"line":71,"column":20},"end":{"line":71,"column":null}},"31":{"start":{"line":73,"column":2},"end":{"line":150,"column":null}},"32":{"start":{"line":74,"column":43},"end":{"line":79,"column":null}},"33":{"start":{"line":81,"column":23},"end":{"line":81,"column":59}},"34":{"start":{"line":82,"column":24},"end":{"line":82,"column":62}},"35":{"start":{"line":83,"column":22},"end":{"line":83,"column":null}},"36":{"start":{"line":86,"column":17},"end":{"line":86,"column":null}},"37":{"start":{"line":88,"column":26},"end":{"line":88,"column":null}},"38":{"start":{"line":90,"column":4},"end":{"line":142,"column":null}},"39":{"start":{"line":91,"column":6},"end":{"line":101,"column":null}},"40":{"start":{"line":102,"column":11},"end":{"line":142,"column":null}},"41":{"start":{"line":103,"column":6},"end":{"line":113,"column":null}},"42":{"start":{"line":114,"column":11},"end":{"line":142,"column":null}},"43":{"start":{"line":115,"column":6},"end":{"line":125,"column":null}},"44":{"start":{"line":128,"column":6},"end":{"line":141,"column":null}},"45":{"start":{"line":144,"column":4},"end":{"line":144,"column":null}},"46":{"start":{"line":146,"column":4},"end":{"line":146,"column":null}},"47":{"start":{"line":147,"column":4},"end":{"line":149,"column":null}}},"fnMap":{"0":{"name":"getSummary","decl":{"start":{"line":6,"column":15},"end":{"line":6,"column":26}},"loc":{"start":{"line":6,"column":73},"end":{"line":35,"column":null}}},"1":{"name":"(anonymous_4)","decl":{"start":{"line":19,"column":4},"end":{"line":19,"column":5}},"loc":{"start":{"line":19,"column":19},"end":{"line":23,"column":null}}},"2":{"name":"getCosts","decl":{"start":{"line":37,"column":15},"end":{"line":37,"column":24}},"loc":{"start":{"line":37,"column":71},"end":{"line":49,"column":null}}},"3":{"name":"(anonymous_6)","decl":{"start":{"line":47,"column":36},"end":{"line":47,"column":37}},"loc":{"start":{"line":47,"column":50},"end":{"line":47,"column":85}}},"4":{"name":"POST","decl":{"start":{"line":51,"column":22},"end":{"line":51,"column":26}},"loc":{"start":{"line":51,"column":43},"end":{"line":151,"column":null}}},"5":{"name":"(anonymous_8)","decl":{"start":{"line":63,"column":14},"end":{"line":63,"column":15}},"loc":{"start":{"line":63,"column":27},"end":{"line":63,"column":null}}}},"branchMap":{"0":{"loc":{"start":{"line":7,"column":2},"end":{"line":9,"column":null}},"type":"if","locations":[{"start":{"line":7,"column":2},"end":{"line":9,"column":null}},{"start":{},"end":{}}]},"1":{"loc":{"start":{"line":18,"column":18},"end":{"line":18,"column":28}},"type":"binary-expr","locations":[{"start":{"line":18,"column":18},"end":{"line":18,"column":26}},{"start":{"line":18,"column":26},"end":{"line":18,"column":28}}]},"2":{"loc":{"start":{"line":20,"column":26},"end":{"line":20,"column":null}},"type":"binary-expr","locations":[{"start":{"line":20,"column":26},"end":{"line":20,"column":35}},{"start":{"line":20,"column":39},"end":{"line":20,"column":null}}]},"3":{"loc":{"start":{"line":21,"column":30},"end":{"line":21,"column":null}},"type":"binary-expr","locations":[{"start":{"line":21,"column":30},"end":{"line":21,"column":41}},{"start":{"line":21,"column":45},"end":{"line":21,"column":null}}]},"4":{"loc":{"start":{"line":22,"column":32},"end":{"line":22,"column":null}},"type":"binary-expr","locations":[{"start":{"line":22,"column":32},"end":{"line":22,"column":44}},{"start":{"line":22,"column":48},"end":{"line":22,"column":null}}]},"5":{"loc":{"start":{"line":27,"column":23},"end":{"line":27,"column":null}},"type":"cond-expr","locations":[{"start":{"line":27,"column":42},"end":{"line":27,"column":82}},{"start":{"line":27,"column":82},"end":{"line":27,"column":null}}]},"6":{"loc":{"start":{"line":28,"column":24},"end":{"line":28,"column":null}},"type":"cond-expr","locations":[{"start":{"line":28,"column":43},"end":{"line":28,"column":84}},{"start":{"line":28,"column":84},"end":{"line":28,"column":null}}]},"7":{"loc":{"start":{"line":38,"column":2},"end":{"line":38,"column":null}},"type":"if","locations":[{"start":{"line":38,"column":2},"end":{"line":38,"column":null}},{"start":{},"end":{}}]},"8":{"loc":{"start":{"line":47,"column":17},"end":{"line":47,"column":27}},"type":"binary-expr","locations":[{"start":{"line":47,"column":17},"end":{"line":47,"column":25}},{"start":{"line":47,"column":25},"end":{"line":47,"column":27}}]},"9":{"loc":{"start":{"line":47,"column":57},"end":{"line":47,"column":85}},"type":"binary-expr","locations":[{"start":{"line":47,"column":57},"end":{"line":47,"column":81}},{"start":{"line":47,"column":81},"end":{"line":47,"column":85}}]},"10":{"loc":{"start":{"line":57,"column":15},"end":{"line":57,"column":null}},"type":"binary-expr","locations":[{"start":{"line":57,"column":15},"end":{"line":57,"column":28}},{"start":{"line":57,"column":32},"end":{"line":57,"column":null}}]},"11":{"loc":{"start":{"line":90,"column":4},"end":{"line":142,"column":null}},"type":"if","locations":[{"start":{"line":90,"column":4},"end":{"line":142,"column":null}},{"start":{"line":102,"column":11},"end":{"line":142,"column":null}}]},"12":{"loc":{"start":{"line":90,"column":8},"end":{"line":90,"column":79}},"type":"binary-expr","locations":[{"start":{"line":90,"column":8},"end":{"line":90,"column":43}},{"start":{"line":90,"column":43},"end":{"line":90,"column":79}}]},"13":{"loc":{"start":{"line":99,"column":14},"end":{"line":99,"column":41}},"type":"cond-expr","locations":[{"start":{"line":99,"column":32},"end":{"line":99,"column":38}},{"start":{"line":99,"column":38},"end":{"line":99,"column":41}}]},"14":{"loc":{"start":{"line":101,"column":2},"end":{"line":101,"column":186}},"type":"cond-expr","locations":[{"start":{"line":101,"column":19},"end":{"line":101,"column":61}},{"start":{"line":101,"column":61},"end":{"line":101,"column":186}}]},"15":{"loc":{"start":{"line":101,"column":61},"end":{"line":101,"column":186}},"type":"cond-expr","locations":[{"start":{"line":101,"column":78},"end":{"line":101,"column":156}},{"start":{"line":101,"column":156},"end":{"line":101,"column":186}}]},"16":{"loc":{"start":{"line":102,"column":11},"end":{"line":142,"column":null}},"type":"if","locations":[{"start":{"line":102,"column":11},"end":{"line":142,"column":null}},{"start":{"line":114,"column":11},"end":{"line":142,"column":null}}]},"17":{"loc":{"start":{"line":102,"column":15},"end":{"line":102,"column":87}},"type":"binary-expr","locations":[{"start":{"line":102,"column":15},"end":{"line":102,"column":48}},{"start":{"line":102,"column":48},"end":{"line":102,"column":87}}]},"18":{"loc":{"start":{"line":111,"column":14},"end":{"line":111,"column":42}},"type":"cond-expr","locations":[{"start":{"line":111,"column":33},"end":{"line":111,"column":39}},{"start":{"line":111,"column":39},"end":{"line":111,"column":42}}]},"19":{"loc":{"start":{"line":113,"column":2},"end":{"line":113,"column":168}},"type":"cond-expr","locations":[{"start":{"line":113,"column":20},"end":{"line":113,"column":52}},{"start":{"line":113,"column":52},"end":{"line":113,"column":168}}]},"20":{"loc":{"start":{"line":113,"column":52},"end":{"line":113,"column":168}},"type":"cond-expr","locations":[{"start":{"line":113,"column":70},"end":{"line":113,"column":136}},{"start":{"line":113,"column":136},"end":{"line":113,"column":168}}]},"21":{"loc":{"start":{"line":114,"column":11},"end":{"line":142,"column":null}},"type":"if","locations":[{"start":{"line":114,"column":11},"end":{"line":142,"column":null}},{"start":{"line":126,"column":11},"end":{"line":142,"column":null}}]},"22":{"loc":{"start":{"line":114,"column":15},"end":{"line":114,"column":115}},"type":"binary-expr","locations":[{"start":{"line":114,"column":15},"end":{"line":114,"column":49}},{"start":{"line":114,"column":49},"end":{"line":114,"column":84}},{"start":{"line":114,"column":84},"end":{"line":114,"column":115}}]},"23":{"loc":{"start":{"line":123,"column":14},"end":{"line":123,"column":41}},"type":"cond-expr","locations":[{"start":{"line":123,"column":31},"end":{"line":123,"column":37}},{"start":{"line":123,"column":37},"end":{"line":123,"column":41}}]},"24":{"loc":{"start":{"line":125,"column":2},"end":{"line":125,"column":159}},"type":"cond-expr","locations":[{"start":{"line":125,"column":18},"end":{"line":125,"column":57}},{"start":{"line":125,"column":57},"end":{"line":125,"column":159}}]},"25":{"loc":{"start":{"line":125,"column":57},"end":{"line":125,"column":159}},"type":"cond-expr","locations":[{"start":{"line":125,"column":73},"end":{"line":125,"column":130}},{"start":{"line":125,"column":130},"end":{"line":125,"column":159}}]},"26":{"loc":{"start":{"line":137,"column":16},"end":{"line":137,"column":43}},"type":"cond-expr","locations":[{"start":{"line":137,"column":34},"end":{"line":137,"column":40}},{"start":{"line":137,"column":40},"end":{"line":137,"column":43}}]},"27":{"loc":{"start":{"line":138,"column":18},"end":{"line":138,"column":46}},"type":"cond-expr","locations":[{"start":{"line":138,"column":37},"end":{"line":138,"column":43}},{"start":{"line":138,"column":43},"end":{"line":138,"column":46}}]},"28":{"loc":{"start":{"line":139,"column":14},"end":{"line":139,"column":41}},"type":"cond-expr","locations":[{"start":{"line":139,"column":31},"end":{"line":139,"column":37}},{"start":{"line":139,"column":37},"end":{"line":139,"column":41}}]}},"s":{"0":0,"1":0,"2":0,"3":0,"4":0,"5":0,"6":0,"7":0,"8":0,"9":0,"10":0,"11":0,"12":0,"13":0,"14":0,"15":0,"16":0,"17":0,"18":0,"19":0,"20":0,"21":0,"22":0,"23":0,"24":0,"25":0,"26":0,"27":0,"28":0,"29":0,"30":0,"31":0,"32":0,"33":0,"34":0,"35":0,"36":0,"37":0,"38":0,"39":0,"40":0,"41":0,"42":0,"43":0,"44":0,"45":0,"46":0,"47":0},"f":{"0":0,"1":0,"2":0,"3":0,"4":0,"5":0},"b":{"0":[0,0],"1":[0,0],"2":[0,0],"3":[0,0],"4":[0,0],"5":[0,0],"6":[0,0],"7":[0,0],"8":[0,0],"9":[0,0],"10":[0,0],"11":[0,0],"12":[0,0],"13":[0,0],"14":[0,0],"15":[0,0],"16":[0,0],"17":[0,0],"18":[0,0],"19":[0,0],"20":[0,0],"21":[0,0],"22":[0,0,0],"23":[0,0],"24":[0,0],"25":[0,0],"26":[0,0],"27":[0,0],"28":[0,0]}}
,"/Users/nishchith.g.m/Desktop/UpShot_project/cold-email-dashboard-starter/app/api/billing/history/route.ts": {"path":"/Users/nishchith.g.m/Desktop/UpShot_project/cold-email-dashboard-starter/app/api/billing/history/route.ts","statementMap":{"0":{"start":{"line":18,"column":22},"end":{"line":18,"column":25}},"1":{"start":{"line":5,"column":13},"end":{"line":5,"column":20}},"2":{"start":{"line":1,"column":42},"end":{"line":1,"column":null}},"3":{"start":{"line":2,"column":52},"end":{"line":2,"column":null}},"4":{"start":{"line":3,"column":28},"end":{"line":3,"column":null}},"5":{"start":{"line":5,"column":23},"end":{"line":5,"column":null}},"6":{"start":{"line":19,"column":2},"end":{"line":21,"column":null}},"7":{"start":{"line":20,"column":4},"end":{"line":20,"column":null}},"8":{"start":{"line":23,"column":27},"end":{"line":23,"column":null}},"9":{"start":{"line":24,"column":22},"end":{"line":24,"column":78}},"10":{"start":{"line":25,"column":22},"end":{"line":25,"column":null}},"11":{"start":{"line":26,"column":22},"end":{"line":26,"column":null}},"12":{"start":{"line":28,"column":2},"end":{"line":85,"column":null}},"13":{"start":{"line":29,"column":20},"end":{"line":29,"column":22}},"14":{"start":{"line":30,"column":16},"end":{"line":30,"column":null}},"15":{"start":{"line":32,"column":4},"end":{"line":76,"column":null}},"16":{"start":{"line":32,"column":17},"end":{"line":32,"column":20}},"17":{"start":{"line":33,"column":19},"end":{"line":33,"column":null}},"18":{"start":{"line":34,"column":19},"end":{"line":34,"column":null}},"19":{"start":{"line":35,"column":20},"end":{"line":35,"column":null}},"20":{"start":{"line":37,"column":24},"end":{"line":37,"column":70}},"21":{"start":{"line":38,"column":22},"end":{"line":38,"column":null}},"22":{"start":{"line":39,"column":25},"end":{"line":39,"column":114}},"23":{"start":{"line":42,"column":36},"end":{"line":48,"column":null}},"24":{"start":{"line":50,"column":33},"end":{"line":56,"column":null}},"25":{"start":{"line":59,"column":32},"end":{"line":64,"column":null}},"26":{"start":{"line":66,"column":25},"end":{"line":66,"column":null}},"27":{"start":{"line":66,"column":55},"end":{"line":66,"column":90}},"28":{"start":{"line":68,"column":6},"end":{"line":75,"column":null}},"29":{"start":{"line":78,"column":4},"end":{"line":81,"column":null}},"30":{"start":{"line":83,"column":4},"end":{"line":83,"column":null}},"31":{"start":{"line":84,"column":4},"end":{"line":84,"column":null}}},"fnMap":{"0":{"name":"GET","decl":{"start":{"line":18,"column":22},"end":{"line":18,"column":25}},"loc":{"start":{"line":18,"column":42},"end":{"line":86,"column":null}}},"1":{"name":"(anonymous_4)","decl":{"start":{"line":66,"column":41},"end":{"line":66,"column":42}},"loc":{"start":{"line":66,"column":55},"end":{"line":66,"column":90}}}},"branchMap":{"0":{"loc":{"start":{"line":19,"column":2},"end":{"line":21,"column":null}},"type":"if","locations":[{"start":{"line":19,"column":2},"end":{"line":21,"column":null}},{"start":{},"end":{}}]},"1":{"loc":{"start":{"line":24,"column":22},"end":{"line":24,"column":78}},"type":"binary-expr","locations":[{"start":{"line":24,"column":22},"end":{"line":24,"column":58}},{"start":{"line":24,"column":58},"end":{"line":24,"column":78}}]},"2":{"loc":{"start":{"line":26,"column":22},"end":{"line":26,"column":null}},"type":"cond-expr","locations":[{"start":{"line":26,"column":36},"end":{"line":26,"column":64}},{"start":{"line":26,"column":64},"end":{"line":26,"column":null}}]},"3":{"loc":{"start":{"line":66,"column":25},"end":{"line":66,"column":null}},"type":"binary-expr","locations":[{"start":{"line":66,"column":25},"end":{"line":66,"column":96}},{"start":{"line":66,"column":96},"end":{"line":66,"column":null}}]},"4":{"loc":{"start":{"line":66,"column":62},"end":{"line":66,"column":90}},"type":"binary-expr","locations":[{"start":{"line":66,"column":62},"end":{"line":66,"column":86}},{"start":{"line":66,"column":86},"end":{"line":66,"column":90}}]},"5":{"loc":{"start":{"line":71,"column":21},"end":{"line":71,"column":null}},"type":"binary-expr","locations":[{"start":{"line":71,"column":21},"end":{"line":71,"column":35}},{"start":{"line":71,"column":35},"end":{"line":71,"column":null}}]},"6":{"loc":{"start":{"line":72,"column":17},"end":{"line":72,"column":null}},"type":"binary-expr","locations":[{"start":{"line":72,"column":17},"end":{"line":72,"column":28}},{"start":{"line":72,"column":28},"end":{"line":72,"column":null}}]},"7":{"loc":{"start":{"line":74,"column":19},"end":{"line":74,"column":null}},"type":"binary-expr","locations":[{"start":{"line":74,"column":19},"end":{"line":74,"column":38}},{"start":{"line":74,"column":38},"end":{"line":74,"column":null}}]}},"s":{"0":0,"1":0,"2":0,"3":0,"4":0,"5":0,"6":0,"7":0,"8":0,"9":0,"10":0,"11":0,"12":0,"13":0,"14":0,"15":0,"16":0,"17":0,"18":0,"19":0,"20":0,"21":0,"22":0,"23":0,"24":0,"25":0,"26":0,"27":0,"28":0,"29":0,"30":0,"31":0},"f":{"0":0,"1":0},"b":{"0":[0,0],"1":[0,0],"2":[0,0],"3":[0,0],"4":[0,0],"5":[0,0],"6":[0,0],"7":[0,0]}}
,"/Users/nishchith.g.m/Desktop/UpShot_project/cold-email-dashboard-starter/app/api/billing/usage/route.ts": {"path":"/Users/nishchith.g.m/Desktop/UpShot_project/cold-email-dashboard-starter/app/api/billing/usage/route.ts","statementMap":{"0":{"start":{"line":22,"column":22},"end":{"line":22,"column":25}},"1":{"start":{"line":5,"column":13},"end":{"line":5,"column":20}},"2":{"start":{"line":1,"column":42},"end":{"line":1,"column":null}},"3":{"start":{"line":2,"column":52},"end":{"line":2,"column":null}},"4":{"start":{"line":3,"column":28},"end":{"line":3,"column":null}},"5":{"start":{"line":5,"column":23},"end":{"line":5,"column":null}},"6":{"start":{"line":23,"column":2},"end":{"line":30,"column":null}},"7":{"start":{"line":24,"column":4},"end":{"line":29,"column":null}},"8":{"start":{"line":32,"column":27},"end":{"line":32,"column":null}},"9":{"start":{"line":33,"column":22},"end":{"line":33,"column":78}},"10":{"start":{"line":36,"column":21},"end":{"line":36,"column":null}},"11":{"start":{"line":37,"column":14},"end":{"line":37,"column":null}},"12":{"start":{"line":40,"column":2},"end":{"line":45,"column":null}},"13":{"start":{"line":41,"column":4},"end":{"line":41,"column":null}},"14":{"start":{"line":43,"column":4},"end":{"line":43,"column":null}},"15":{"start":{"line":44,"column":4},"end":{"line":44,"column":null}},"16":{"start":{"line":48,"column":20},"end":{"line":48,"column":66}},"17":{"start":{"line":49,"column":18},"end":{"line":49,"column":44}},"18":{"start":{"line":50,"column":21},"end":{"line":50,"column":110}},"19":{"start":{"line":52,"column":2},"end":{"line":124,"column":null}},"20":{"start":{"line":54,"column":32},"end":{"line":58,"column":null}},"21":{"start":{"line":60,"column":17},"end":{"line":60,"column":null}},"22":{"start":{"line":63,"column":34},"end":{"line":69,"column":null}},"23":{"start":{"line":71,"column":31},"end":{"line":77,"column":null}},"24":{"start":{"line":79,"column":31},"end":{"line":85,"column":null}},"25":{"start":{"line":88,"column":30},"end":{"line":93,"column":null}},"26":{"start":{"line":95,"column":23},"end":{"line":95,"column":null}},"27":{"start":{"line":95,"column":53},"end":{"line":95,"column":88}},"28":{"start":{"line":96,"column":21},"end":{"line":96,"column":null}},"29":{"start":{"line":99,"column":23},"end":{"line":99,"column":null}},"30":{"start":{"line":100,"column":25},"end":{"line":100,"column":null}},"31":{"start":{"line":102,"column":4},"end":{"line":120,"column":null}},"32":{"start":{"line":122,"column":4},"end":{"line":122,"column":null}},"33":{"start":{"line":123,"column":4},"end":{"line":123,"column":null}},"34":{"start":{"line":139,"column":45},"end":{"line":164,"column":null}},"35":{"start":{"line":166,"column":2},"end":{"line":166,"column":null}},"36":{"start":{"line":170,"column":45},"end":{"line":200,"column":null}},"37":{"start":{"line":202,"column":2},"end":{"line":202,"column":null}}},"fnMap":{"0":{"name":"GET","decl":{"start":{"line":22,"column":22},"end":{"line":22,"column":25}},"loc":{"start":{"line":22,"column":42},"end":{"line":125,"column":null}}},"1":{"name":"(anonymous_4)","decl":{"start":{"line":95,"column":39},"end":{"line":95,"column":40}},"loc":{"start":{"line":95,"column":53},"end":{"line":95,"column":88}}},"2":{"name":"getPlanLimits","decl":{"start":{"line":138,"column":9},"end":{"line":138,"column":23}},"loc":{"start":{"line":138,"column":35},"end":{"line":167,"column":null}}},"3":{"name":"getPlanFeatures","decl":{"start":{"line":169,"column":9},"end":{"line":169,"column":25}},"loc":{"start":{"line":169,"column":37},"end":{"line":203,"column":null}}}},"branchMap":{"0":{"loc":{"start":{"line":23,"column":2},"end":{"line":30,"column":null}},"type":"if","locations":[{"start":{"line":23,"column":2},"end":{"line":30,"column":null}},{"start":{},"end":{}}]},"1":{"loc":{"start":{"line":33,"column":22},"end":{"line":33,"column":78}},"type":"binary-expr","locations":[{"start":{"line":33,"column":22},"end":{"line":33,"column":58}},{"start":{"line":33,"column":58},"end":{"line":33,"column":78}}]},"2":{"loc":{"start":{"line":40,"column":2},"end":{"line":45,"column":null}},"type":"if","locations":[{"start":{"line":40,"column":2},"end":{"line":45,"column":null}},{"start":{"line":42,"column":9},"end":{"line":45,"column":null}}]},"3":{"loc":{"start":{"line":40,"column":6},"end":{"line":40,"column":54}},"type":"binary-expr","locations":[{"start":{"line":40,"column":6},"end":{"line":40,"column":20}},{"start":{"line":40,"column":20},"end":{"line":40,"column":54}}]},"4":{"loc":{"start":{"line":60,"column":17},"end":{"line":60,"column":null}},"type":"binary-expr","locations":[{"start":{"line":60,"column":17},"end":{"line":60,"column":36}},{"start":{"line":60,"column":36},"end":{"line":60,"column":null}}]},"5":{"loc":{"start":{"line":95,"column":23},"end":{"line":95,"column":null}},"type":"binary-expr","locations":[{"start":{"line":95,"column":23},"end":{"line":95,"column":94}},{"start":{"line":95,"column":94},"end":{"line":95,"column":null}}]},"6":{"loc":{"start":{"line":95,"column":60},"end":{"line":95,"column":88}},"type":"binary-expr","locations":[{"start":{"line":95,"column":60},"end":{"line":95,"column":84}},{"start":{"line":95,"column":84},"end":{"line":95,"column":88}}]},"7":{"loc":{"start":{"line":96,"column":21},"end":{"line":96,"column":null}},"type":"binary-expr","locations":[{"start":{"line":96,"column":21},"end":{"line":96,"column":40}},{"start":{"line":96,"column":40},"end":{"line":96,"column":null}}]},"8":{"loc":{"start":{"line":109,"column":21},"end":{"line":109,"column":null}},"type":"binary-expr","locations":[{"start":{"line":109,"column":21},"end":{"line":109,"column":35}},{"start":{"line":109,"column":35},"end":{"line":109,"column":null}}]},"9":{"loc":{"start":{"line":110,"column":17},"end":{"line":110,"column":null}},"type":"binary-expr","locations":[{"start":{"line":110,"column":17},"end":{"line":110,"column":28}},{"start":{"line":110,"column":28},"end":{"line":110,"column":null}}]},"10":{"loc":{"start":{"line":111,"column":18},"end":{"line":111,"column":null}},"type":"binary-expr","locations":[{"start":{"line":111,"column":18},"end":{"line":111,"column":29}},{"start":{"line":111,"column":29},"end":{"line":111,"column":null}}]},"11":{"loc":{"start":{"line":166,"column":9},"end":{"line":166,"column":36}},"type":"binary-expr","locations":[{"start":{"line":166,"column":9},"end":{"line":166,"column":21}},{"start":{"line":166,"column":25},"end":{"line":166,"column":36}}]},"12":{"loc":{"start":{"line":202,"column":9},"end":{"line":202,"column":40}},"type":"binary-expr","locations":[{"start":{"line":202,"column":9},"end":{"line":202,"column":23}},{"start":{"line":202,"column":27},"end":{"line":202,"column":40}}]}},"s":{"0":0,"1":0,"2":0,"3":0,"4":0,"5":0,"6":0,"7":0,"8":0,"9":0,"10":0,"11":0,"12":0,"13":0,"14":0,"15":0,"16":0,"17":0,"18":0,"19":0,"20":0,"21":0,"22":0,"23":0,"24":0,"25":0,"26":0,"27":0,"28":0,"29":0,"30":0,"31":0,"32":0,"33":0,"34":0,"35":0,"36":0,"37":0},"f":{"0":0,"1":0,"2":0,"3":0},"b":{"0":[0,0],"1":[0,0],"2":[0,0],"3":[0,0],"4":[0,0],"5":[0,0],"6":[0,0],"7":[0,0],"8":[0,0],"9":[0,0],"10":[0,0],"11":[0,0],"12":[0,0]}}
,"/Users/nishchith.g.m/Desktop/UpShot_project/cold-email-dashboard-starter/app/api/cache/route.ts": {"path":"/Users/nishchith.g.m/Desktop/UpShot_project/cold-email-dashboard-starter/app/api/cache/route.ts","statementMap":{"0":{"start":{"line":88,"column":22},"end":{"line":88,"column":28}},"1":{"start":{"line":7,"column":22},"end":{"line":7,"column":25}},"2":{"start":{"line":18,"column":22},"end":{"line":18,"column":26}},"3":{"start":{"line":4,"column":13},"end":{"line":4,"column":20}},"4":{"start":{"line":1,"column":42},"end":{"line":1,"column":null}},"5":{"start":{"line":2,"column":29},"end":{"line":2,"column":null}},"6":{"start":{"line":4,"column":23},"end":{"line":4,"column":null}},"7":{"start":{"line":8,"column":16},"end":{"line":8,"column":null}},"8":{"start":{"line":10,"column":2},"end":{"line":14,"column":null}},"9":{"start":{"line":19,"column":2},"end":{"line":84,"column":null}},"10":{"start":{"line":20,"column":17},"end":{"line":20,"column":null}},"11":{"start":{"line":21,"column":46},"end":{"line":21,"column":null}},"12":{"start":{"line":23,"column":4},"end":{"line":78,"column":null}},"13":{"start":{"line":26,"column":22},"end":{"line":26,"column":null}},"14":{"start":{"line":27,"column":8},"end":{"line":32,"column":null}},"15":{"start":{"line":36,"column":8},"end":{"line":41,"column":null}},"16":{"start":{"line":37,"column":10},"end":{"line":39,"column":null}},"17":{"start":{"line":42,"column":24},"end":{"line":42,"column":null}},"18":{"start":{"line":43,"column":8},"end":{"line":49,"column":null}},"19":{"start":{"line":53,"column":8},"end":{"line":58,"column":null}},"20":{"start":{"line":54,"column":10},"end":{"line":56,"column":null}},"21":{"start":{"line":59,"column":22},"end":{"line":59,"column":null}},"22":{"start":{"line":60,"column":8},"end":{"line":66,"column":null}},"23":{"start":{"line":71,"column":22},"end":{"line":71,"column":null}},"24":{"start":{"line":72,"column":8},"end":{"line":76,"column":null}},"25":{"start":{"line":80,"column":4},"end":{"line":82,"column":null}},"26":{"start":{"line":89,"column":16},"end":{"line":89,"column":null}},"27":{"start":{"line":91,"column":2},"end":{"line":95,"column":null}}},"fnMap":{"0":{"name":"GET","decl":{"start":{"line":7,"column":22},"end":{"line":7,"column":25}},"loc":{"start":{"line":7,"column":22},"end":{"line":15,"column":null}}},"1":{"name":"POST","decl":{"start":{"line":18,"column":22},"end":{"line":18,"column":26}},"loc":{"start":{"line":18,"column":43},"end":{"line":85,"column":null}}},"2":{"name":"DELETE","decl":{"start":{"line":88,"column":22},"end":{"line":88,"column":28}},"loc":{"start":{"line":88,"column":22},"end":{"line":96,"column":null}}}},"branchMap":{"0":{"loc":{"start":{"line":21,"column":12},"end":{"line":21,"column":28}},"type":"default-arg","locations":[{"start":{"line":21,"column":21},"end":{"line":21,"column":28}}]},"1":{"loc":{"start":{"line":23,"column":4},"end":{"line":78,"column":null}},"type":"switch","locations":[{"start":{"line":24,"column":6},"end":{"line":24,"column":null}},{"start":{"line":25,"column":6},"end":{"line":33,"column":null}},{"start":{"line":35,"column":6},"end":{"line":50,"column":null}},{"start":{"line":52,"column":6},"end":{"line":67,"column":null}},{"start":{"line":69,"column":6},"end":{"line":69,"column":null}},{"start":{"line":70,"column":6},"end":{"line":77,"column":null}}]},"2":{"loc":{"start":{"line":36,"column":8},"end":{"line":41,"column":null}},"type":"if","locations":[{"start":{"line":36,"column":8},"end":{"line":41,"column":null}},{"start":{},"end":{}}]},"3":{"loc":{"start":{"line":48,"column":19},"end":{"line":48,"column":95}},"type":"cond-expr","locations":[{"start":{"line":48,"column":29},"end":{"line":48,"column":61}},{"start":{"line":48,"column":64},"end":{"line":48,"column":95}}]},"4":{"loc":{"start":{"line":53,"column":8},"end":{"line":58,"column":null}},"type":"if","locations":[{"start":{"line":53,"column":8},"end":{"line":58,"column":null}},{"start":{},"end":{}}]}},"s":{"0":0,"1":0,"2":0,"3":0,"4":0,"5":0,"6":0,"7":0,"8":0,"9":0,"10":0,"11":0,"12":0,"13":0,"14":0,"15":0,"16":0,"17":0,"18":0,"19":0,"20":0,"21":0,"22":0,"23":0,"24":0,"25":0,"26":0,"27":0},"f":{"0":0,"1":0,"2":0},"b":{"0":[0],"1":[0,0,0,0,0,0],"2":[0,0],"3":[0,0],"4":[0,0]}}
,"/Users/nishchith.g.m/Desktop/UpShot_project/cold-email-dashboard-starter/app/api/campaigns/route.ts": {"path":"/Users/nishchith.g.m/Desktop/UpShot_project/cold-email-dashboard-starter/app/api/campaigns/route.ts","statementMap":{"0":{"start":{"line":7,"column":22},"end":{"line":7,"column":25}},"1":{"start":{"line":5,"column":13},"end":{"line":5,"column":20}},"2":{"start":{"line":1,"column":42},"end":{"line":1,"column":null}},"3":{"start":{"line":2,"column":52},"end":{"line":2,"column":null}},"4":{"start":{"line":3,"column":58},"end":{"line":3,"column":null}},"5":{"start":{"line":5,"column":23},"end":{"line":5,"column":null}},"6":{"start":{"line":9,"column":2},"end":{"line":15,"column":null}},"7":{"start":{"line":11,"column":4},"end":{"line":14,"column":null}},"8":{"start":{"line":17,"column":27},"end":{"line":17,"column":null}},"9":{"start":{"line":18,"column":22},"end":{"line":18,"column":78}},"10":{"start":{"line":20,"column":2},"end":{"line":59,"column":null}},"11":{"start":{"line":23,"column":16},"end":{"line":27,"column":null}},"12":{"start":{"line":30,"column":4},"end":{"line":32,"column":null}},"13":{"start":{"line":31,"column":6},"end":{"line":31,"column":null}},"14":{"start":{"line":34,"column":28},"end":{"line":34,"column":null}},"15":{"start":{"line":36,"column":4},"end":{"line":39,"column":null}},"16":{"start":{"line":37,"column":6},"end":{"line":37,"column":null}},"17":{"start":{"line":38,"column":6},"end":{"line":38,"column":null}},"18":{"start":{"line":42,"column":24},"end":{"line":42,"column":null}},"19":{"start":{"line":43,"column":4},"end":{"line":47,"column":null}},"20":{"start":{"line":44,"column":6},"end":{"line":46,"column":null}},"21":{"start":{"line":45,"column":8},"end":{"line":45,"column":null}},"22":{"start":{"line":49,"column":22},"end":{"line":51,"column":null}},"23":{"start":{"line":50,"column":20},"end":{"line":50,"column":null}},"24":{"start":{"line":51,"column":22},"end":{"line":51,"column":null}},"25":{"start":{"line":53,"column":4},"end":{"line":55,"column":null}},"26":{"start":{"line":57,"column":4},"end":{"line":57,"column":null}},"27":{"start":{"line":58,"column":4},"end":{"line":58,"column":null}}},"fnMap":{"0":{"name":"GET","decl":{"start":{"line":7,"column":22},"end":{"line":7,"column":25}},"loc":{"start":{"line":7,"column":42},"end":{"line":60,"column":null}}},"1":{"name":"(anonymous_4)","decl":{"start":{"line":50,"column":11},"end":{"line":50,"column":20}},"loc":{"start":{"line":50,"column":20},"end":{"line":50,"column":null}}},"2":{"name":"(anonymous_5)","decl":{"start":{"line":51,"column":12},"end":{"line":51,"column":13}},"loc":{"start":{"line":51,"column":22},"end":{"line":51,"column":null}}}},"branchMap":{"0":{"loc":{"start":{"line":9,"column":2},"end":{"line":15,"column":null}},"type":"if","locations":[{"start":{"line":9,"column":2},"end":{"line":15,"column":null}},{"start":{},"end":{}}]},"1":{"loc":{"start":{"line":18,"column":22},"end":{"line":18,"column":78}},"type":"binary-expr","locations":[{"start":{"line":18,"column":22},"end":{"line":18,"column":58}},{"start":{"line":18,"column":58},"end":{"line":18,"column":78}}]},"2":{"loc":{"start":{"line":36,"column":4},"end":{"line":39,"column":null}},"type":"if","locations":[{"start":{"line":36,"column":4},"end":{"line":39,"column":null}},{"start":{},"end":{}}]},"3":{"loc":{"start":{"line":43,"column":22},"end":{"line":43,"column":32}},"type":"binary-expr","locations":[{"start":{"line":43,"column":22},"end":{"line":43,"column":30}},{"start":{"line":43,"column":30},"end":{"line":43,"column":32}}]},"4":{"loc":{"start":{"line":44,"column":6},"end":{"line":46,"column":null}},"type":"if","locations":[{"start":{"line":44,"column":6},"end":{"line":46,"column":null}},{"start":{},"end":{}}]},"5":{"loc":{"start":{"line":44,"column":10},"end":{"line":44,"column":74}},"type":"binary-expr","locations":[{"start":{"line":44,"column":10},"end":{"line":44,"column":27}},{"start":{"line":44,"column":31},"end":{"line":44,"column":74}}]}},"s":{"0":0,"1":0,"2":0,"3":0,"4":0,"5":0,"6":0,"7":0,"8":0,"9":0,"10":0,"11":0,"12":0,"13":0,"14":0,"15":0,"16":0,"17":0,"18":0,"19":0,"20":0,"21":0,"22":0,"23":0,"24":0,"25":0,"26":0,"27":0},"f":{"0":0,"1":0,"2":0},"b":{"0":[0,0],"1":[0,0],"2":[0,0],"3":[0,0],"4":[0,0],"5":[0,0]}}
,"/Users/nishchith.g.m/Desktop/UpShot_project/cold-email-dashboard-starter/app/api/cost-events/route.ts": {"path":"/Users/nishchith.g.m/Desktop/UpShot_project/cold-email-dashboard-starter/app/api/cost-events/route.ts","statementMap":{"0":{"start":{"line":172,"column":22},"end":{"line":172,"column":25}},"1":{"start":{"line":48,"column":22},"end":{"line":48,"column":26}},"2":{"start":{"line":7,"column":13},"end":{"line":7,"column":20}},"3":{"start":{"line":1,"column":42},"end":{"line":1,"column":null}},"4":{"start":{"line":2,"column":52},"end":{"line":2,"column":null}},"5":{"start":{"line":4,"column":18},"end":{"line":4,"column":null}},"6":{"start":{"line":5,"column":82},"end":{"line":5,"column":null}},"7":{"start":{"line":7,"column":23},"end":{"line":7,"column":null}},"8":{"start":{"line":10,"column":24},"end":{"line":27,"column":null}},"9":{"start":{"line":29,"column":30},"end":{"line":32,"column":null}},"10":{"start":{"line":36,"column":16},"end":{"line":36,"column":null}},"11":{"start":{"line":37,"column":24},"end":{"line":37,"column":54}},"12":{"start":{"line":39,"column":2},"end":{"line":42,"column":null}},"13":{"start":{"line":40,"column":4},"end":{"line":40,"column":null}},"14":{"start":{"line":41,"column":4},"end":{"line":41,"column":null}},"15":{"start":{"line":44,"column":2},"end":{"line":44,"column":null}},"16":{"start":{"line":50,"column":19},"end":{"line":50,"column":null}},"17":{"start":{"line":51,"column":20},"end":{"line":51,"column":null}},"18":{"start":{"line":53,"column":2},"end":{"line":58,"column":null}},"19":{"start":{"line":54,"column":4},"end":{"line":56,"column":null}},"20":{"start":{"line":61,"column":2},"end":{"line":66,"column":null}},"21":{"start":{"line":62,"column":4},"end":{"line":64,"column":null}},"22":{"start":{"line":69,"column":2},"end":{"line":74,"column":null}},"23":{"start":{"line":70,"column":4},"end":{"line":72,"column":null}},"24":{"start":{"line":76,"column":2},"end":{"line":168,"column":null}},"25":{"start":{"line":77,"column":20},"end":{"line":77,"column":null}},"26":{"start":{"line":80,"column":23},"end":{"line":80,"column":null}},"27":{"start":{"line":81,"column":4},"end":{"line":92,"column":null}},"28":{"start":{"line":82,"column":6},"end":{"line":90,"column":null}},"29":{"start":{"line":85,"column":53},"end":{"line":88,"column":null}},"30":{"start":{"line":95,"column":19},"end":{"line":95,"column":null}},"31":{"start":{"line":97,"column":20},"end":{"line":97,"column":22}},"32":{"start":{"line":98,"column":19},"end":{"line":98,"column":21}},"33":{"start":{"line":101,"column":4},"end":{"line":148,"column":null}},"34":{"start":{"line":102,"column":6},"end":{"line":147,"column":null}},"35":{"start":{"line":104,"column":31},"end":{"line":106,"column":null}},"36":{"start":{"line":109,"column":38},"end":{"line":117,"column":null}},"37":{"start":{"line":120,"column":8},"end":{"line":143,"column":null}},"38":{"start":{"line":121,"column":10},"end":{"line":134,"column":null}},"39":{"start":{"line":123,"column":12},"end":{"line":129,"column":null}},"40":{"start":{"line":132,"column":12},"end":{"line":132,"column":null}},"41":{"start":{"line":133,"column":12},"end":{"line":133,"column":null}},"42":{"start":{"line":137,"column":10},"end":{"line":142,"column":null}},"43":{"start":{"line":145,"column":8},"end":{"line":145,"column":null}},"44":{"start":{"line":146,"column":8},"end":{"line":146,"column":null}},"45":{"start":{"line":151,"column":19},"end":{"line":151,"column":null}},"46":{"start":{"line":152,"column":4},"end":{"line":160,"column":null}},"47":{"start":{"line":163,"column":4},"end":{"line":163,"column":null}},"48":{"start":{"line":164,"column":4},"end":{"line":166,"column":null}},"49":{"start":{"line":173,"column":2},"end":{"line":175,"column":null}},"50":{"start":{"line":174,"column":4},"end":{"line":174,"column":null}},"51":{"start":{"line":177,"column":27},"end":{"line":177,"column":null}},"52":{"start":{"line":178,"column":16},"end":{"line":178,"column":null}},"53":{"start":{"line":179,"column":22},"end":{"line":179,"column":78}},"54":{"start":{"line":181,"column":2},"end":{"line":199,"column":null}},"55":{"start":{"line":182,"column":28},"end":{"line":187,"column":null}},"56":{"start":{"line":189,"column":4},"end":{"line":191,"column":null}},"57":{"start":{"line":190,"column":6},"end":{"line":190,"column":null}},"58":{"start":{"line":193,"column":4},"end":{"line":196,"column":null}},"59":{"start":{"line":198,"column":4},"end":{"line":198,"column":null}}},"fnMap":{"0":{"name":"validateToken","decl":{"start":{"line":35,"column":9},"end":{"line":35,"column":23}},"loc":{"start":{"line":35,"column":39},"end":{"line":45,"column":null}}},"1":{"name":"POST","decl":{"start":{"line":48,"column":22},"end":{"line":48,"column":26}},"loc":{"start":{"line":48,"column":43},"end":{"line":169,"column":null}}},"2":{"name":"(anonymous_6)","decl":{"start":{"line":85,"column":47},"end":{"line":85,"column":53}},"loc":{"start":{"line":85,"column":53},"end":{"line":88,"column":null}}},"3":{"name":"GET","decl":{"start":{"line":172,"column":22},"end":{"line":172,"column":25}},"loc":{"start":{"line":172,"column":42},"end":{"line":200,"column":null}}}},"branchMap":{"0":{"loc":{"start":{"line":39,"column":2},"end":{"line":42,"column":null}},"type":"if","locations":[{"start":{"line":39,"column":2},"end":{"line":42,"column":null}},{"start":{},"end":{}}]},"1":{"loc":{"start":{"line":53,"column":2},"end":{"line":58,"column":null}},"type":"if","locations":[{"start":{"line":53,"column":2},"end":{"line":58,"column":null}},{"start":{},"end":{}}]},"2":{"loc":{"start":{"line":61,"column":2},"end":{"line":66,"column":null}},"type":"if","locations":[{"start":{"line":61,"column":2},"end":{"line":66,"column":null}},{"start":{},"end":{}}]},"3":{"loc":{"start":{"line":69,"column":2},"end":{"line":74,"column":null}},"type":"if","locations":[{"start":{"line":69,"column":2},"end":{"line":74,"column":null}},{"start":{},"end":{}}]},"4":{"loc":{"start":{"line":81,"column":4},"end":{"line":92,"column":null}},"type":"if","locations":[{"start":{"line":81,"column":4},"end":{"line":92,"column":null}},{"start":{},"end":{}}]},"5":{"loc":{"start":{"line":95,"column":19},"end":{"line":95,"column":null}},"type":"cond-expr","locations":[{"start":{"line":95,"column":52},"end":{"line":95,"column":67}},{"start":{"line":95,"column":70},"end":{"line":95,"column":null}}]},"6":{"loc":{"start":{"line":104,"column":31},"end":{"line":106,"column":null}},"type":"binary-expr","locations":[{"start":{"line":104,"column":31},"end":{"line":104,"column":52}},{"start":{"line":105,"column":10},"end":{"line":105,"column":32}},{"start":{"line":106,"column":10},"end":{"line":106,"column":null}}]},"7":{"loc":{"start":{"line":120,"column":8},"end":{"line":143,"column":null}},"type":"if","locations":[{"start":{"line":120,"column":8},"end":{"line":143,"column":null}},{"start":{"line":135,"column":15},"end":{"line":143,"column":null}}]},"8":{"loc":{"start":{"line":121,"column":10},"end":{"line":134,"column":null}},"type":"if","locations":[{"start":{"line":121,"column":10},"end":{"line":134,"column":null}},{"start":{"line":130,"column":17},"end":{"line":134,"column":null}}]},"9":{"loc":{"start":{"line":151,"column":19},"end":{"line":151,"column":null}},"type":"cond-expr","locations":[{"start":{"line":151,"column":63},"end":{"line":151,"column":69}},{"start":{"line":151,"column":69},"end":{"line":151,"column":null}}]},"10":{"loc":{"start":{"line":151,"column":19},"end":{"line":151,"column":63}},"type":"binary-expr","locations":[{"start":{"line":151,"column":19},"end":{"line":151,"column":40}},{"start":{"line":151,"column":40},"end":{"line":151,"column":63}}]},"11":{"loc":{"start":{"line":158,"column":23},"end":{"line":158,"column":null}},"type":"cond-expr","locations":[{"start":{"line":158,"column":43},"end":{"line":158,"column":52}},{"start":{"line":158,"column":52},"end":{"line":158,"column":null}}]},"12":{"loc":{"start":{"line":173,"column":2},"end":{"line":175,"column":null}},"type":"if","locations":[{"start":{"line":173,"column":2},"end":{"line":175,"column":null}},{"start":{},"end":{}}]},"13":{"loc":{"start":{"line":178,"column":51},"end":{"line":178,"column":86}},"type":"binary-expr","locations":[{"start":{"line":178,"column":51},"end":{"line":178,"column":80}},{"start":{"line":178,"column":80},"end":{"line":178,"column":86}}]},"14":{"loc":{"start":{"line":179,"column":22},"end":{"line":179,"column":78}},"type":"binary-expr","locations":[{"start":{"line":179,"column":22},"end":{"line":179,"column":58}},{"start":{"line":179,"column":58},"end":{"line":179,"column":78}}]},"15":{"loc":{"start":{"line":189,"column":4},"end":{"line":191,"column":null}},"type":"if","locations":[{"start":{"line":189,"column":4},"end":{"line":191,"column":null}},{"start":{},"end":{}}]}},"s":{"0":0,"1":0,"2":0,"3":0,"4":0,"5":0,"6":0,"7":0,"8":0,"9":0,"10":0,"11":0,"12":0,"13":0,"14":0,"15":0,"16":0,"17":0,"18":0,"19":0,"20":0,"21":0,"22":0,"23":0,"24":0,"25":0,"26":0,"27":0,"28":0,"29":0,"30":0,"31":0,"32":0,"33":0,"34":0,"35":0,"36":0,"37":0,"38":0,"39":0,"40":0,"41":0,"42":0,"43":0,"44":0,"45":0,"46":0,"47":0,"48":0,"49":0,"50":0,"51":0,"52":0,"53":0,"54":0,"55":0,"56":0,"57":0,"58":0,"59":0},"f":{"0":0,"1":0,"2":0,"3":0},"b":{"0":[0,0],"1":[0,0],"2":[0,0],"3":[0,0],"4":[0,0],"5":[0,0],"6":[0,0,0],"7":[0,0],"8":[0,0],"9":[0,0],"10":[0,0],"11":[0,0],"12":[0,0],"13":[0,0],"14":[0,0],"15":[0,0]}}
,"/Users/nishchith.g.m/Desktop/UpShot_project/cold-email-dashboard-starter/app/api/dashboard/aggregate/route.ts": {"path":"/Users/nishchith.g.m/Desktop/UpShot_project/cold-email-dashboard-starter/app/api/dashboard/aggregate/route.ts","statementMap":{"0":{"start":{"line":689,"column":22},"end":{"line":689,"column":25}},"1":{"start":{"line":8,"column":13},"end":{"line":8,"column":20}},"2":{"start":{"line":1,"column":42},"end":{"line":1,"column":null}},"3":{"start":{"line":2,"column":52},"end":{"line":2,"column":null}},"4":{"start":{"line":3,"column":28},"end":{"line":3,"column":null}},"5":{"start":{"line":4,"column":79},"end":{"line":4,"column":null}},"6":{"start":{"line":5,"column":53},"end":{"line":5,"column":null}},"7":{"start":{"line":6,"column":58},"end":{"line":6,"column":null}},"8":{"start":{"line":8,"column":23},"end":{"line":8,"column":null}},"9":{"start":{"line":131,"column":19},"end":{"line":131,"column":null}},"10":{"start":{"line":131,"column":43},"end":{"line":131,"column":null}},"11":{"start":{"line":132,"column":36},"end":{"line":132,"column":38}},"12":{"start":{"line":134,"column":16},"end":{"line":134,"column":null}},"13":{"start":{"line":135,"column":14},"end":{"line":135,"column":null}},"14":{"start":{"line":137,"column":2},"end":{"line":143,"column":null}},"15":{"start":{"line":137,"column":15},"end":{"line":137,"column":32}},"16":{"start":{"line":138,"column":19},"end":{"line":138,"column":null}},"17":{"start":{"line":139,"column":4},"end":{"line":142,"column":null}},"18":{"start":{"line":145,"column":2},"end":{"line":145,"column":null}},"19":{"start":{"line":149,"column":2},"end":{"line":199,"column":null}},"20":{"start":{"line":213,"column":2},"end":{"line":215,"column":null}},"21":{"start":{"line":214,"column":4},"end":{"line":214,"column":null}},"22":{"start":{"line":217,"column":2},"end":{"line":682,"column":null}},"23":{"start":{"line":219,"column":23},"end":{"line":221,"column":null}},"24":{"start":{"line":222,"column":26},"end":{"line":224,"column":null}},"25":{"start":{"line":225,"column":24},"end":{"line":227,"column":null}},"26":{"start":{"line":237,"column":26},"end":{"line":242,"column":null}},"27":{"start":{"line":245,"column":23},"end":{"line":250,"column":null}},"28":{"start":{"line":253,"column":23},"end":{"line":257,"column":null}},"29":{"start":{"line":261,"column":27},"end":{"line":265,"column":null}},"30":{"start":{"line":268,"column":26},"end":{"line":270,"column":null}},"31":{"start":{"line":277,"column":26},"end":{"line":277,"column":null}},"32":{"start":{"line":279,"column":2},"end":{"line":293,"column":null}},"33":{"start":{"line":282,"column":4},"end":{"line":282,"column":null}},"34":{"start":{"line":283,"column":4},"end":{"line":283,"column":null}},"35":{"start":{"line":288,"column":4},"end":{"line":292,"column":null}},"36":{"start":{"line":289,"column":6},"end":{"line":289,"column":null}},"37":{"start":{"line":290,"column":6},"end":{"line":290,"column":null}},"38":{"start":{"line":291,"column":6},"end":{"line":291,"column":null}},"39":{"start":{"line":296,"column":2},"end":{"line":298,"column":null}},"40":{"start":{"line":297,"column":4},"end":{"line":297,"column":null}},"41":{"start":{"line":310,"column":6},"end":{"line":316,"column":null}},"42":{"start":{"line":319,"column":2},"end":{"line":322,"column":null}},"43":{"start":{"line":320,"column":4},"end":{"line":320,"column":null}},"44":{"start":{"line":321,"column":4},"end":{"line":321,"column":null}},"45":{"start":{"line":328,"column":21},"end":{"line":328,"column":90}},"46":{"start":{"line":332,"column":26},"end":{"line":338,"column":null}},"47":{"start":{"line":333,"column":4},"end":{"line":333,"column":45}},"48":{"start":{"line":334,"column":16},"end":{"line":338,"column":null}},"49":{"start":{"line":341,"column":17},"end":{"line":362,"column":null}},"50":{"start":{"line":341,"column":55},"end":{"line":352,"column":6}},"51":{"start":{"line":365,"column":23},"end":{"line":367,"column":null}},"52":{"start":{"line":368,"column":24},"end":{"line":370,"column":null}},"53":{"start":{"line":371,"column":24},"end":{"line":373,"column":null}},"54":{"start":{"line":374,"column":22},"end":{"line":376,"column":null}},"55":{"start":{"line":377,"column":23},"end":{"line":379,"column":null}},"56":{"start":{"line":382,"column":20},"end":{"line":382,"column":83}},"57":{"start":{"line":383,"column":21},"end":{"line":386,"column":null}},"58":{"start":{"line":383,"column":53},"end":{"line":386,"column":6}},"59":{"start":{"line":388,"column":27},"end":{"line":390,"column":null}},"60":{"start":{"line":392,"column":22},"end":{"line":394,"column":null}},"61":{"start":{"line":395,"column":26},"end":{"line":395,"column":null}},"62":{"start":{"line":405,"column":41},"end":{"line":405,"column":43}},"63":{"start":{"line":406,"column":43},"end":{"line":406,"column":45}},"64":{"start":{"line":407,"column":45},"end":{"line":407,"column":47}},"65":{"start":{"line":408,"column":45},"end":{"line":408,"column":47}},"66":{"start":{"line":409,"column":46},"end":{"line":409,"column":48}},"67":{"start":{"line":411,"column":2},"end":{"line":432,"column":null}},"68":{"start":{"line":412,"column":16},"end":{"line":412,"column":23}},"69":{"start":{"line":413,"column":18},"end":{"line":413,"column":null}},"70":{"start":{"line":414,"column":20},"end":{"line":414,"column":null}},"71":{"start":{"line":415,"column":19},"end":{"line":415,"column":null}},"72":{"start":{"line":416,"column":20},"end":{"line":416,"column":null}},"73":{"start":{"line":418,"column":4},"end":{"line":418,"column":null}},"74":{"start":{"line":419,"column":4},"end":{"line":419,"column":null}},"75":{"start":{"line":420,"column":4},"end":{"line":423,"column":null}},"76":{"start":{"line":424,"column":4},"end":{"line":427,"column":null}},"77":{"start":{"line":428,"column":4},"end":{"line":431,"column":null}},"78":{"start":{"line":438,"column":20},"end":{"line":438,"column":83}},"79":{"start":{"line":439,"column":22},"end":{"line":439,"column":null}},"80":{"start":{"line":440,"column":19},"end":{"line":440,"column":null}},"81":{"start":{"line":441,"column":21},"end":{"line":441,"column":null}},"82":{"start":{"line":444,"column":2},"end":{"line":475,"column":null}},"83":{"start":{"line":445,"column":21},"end":{"line":445,"column":null}},"84":{"start":{"line":446,"column":18},"end":{"line":446,"column":null}},"85":{"start":{"line":447,"column":17},"end":{"line":447,"column":null}},"86":{"start":{"line":448,"column":21},"end":{"line":448,"column":null}},"87":{"start":{"line":449,"column":22},"end":{"line":449,"column":null}},"88":{"start":{"line":450,"column":18},"end":{"line":450,"column":null}},"89":{"start":{"line":451,"column":16},"end":{"line":451,"column":23}},"90":{"start":{"line":454,"column":29},"end":{"line":454,"column":null}},"91":{"start":{"line":455,"column":4},"end":{"line":460,"column":null}},"92":{"start":{"line":463,"column":21},"end":{"line":463,"column":43}},"93":{"start":{"line":464,"column":26},"end":{"line":464,"column":null}},"94":{"start":{"line":465,"column":4},"end":{"line":471,"column":null}},"95":{"start":{"line":474,"column":4},"end":{"line":474,"column":null}},"96":{"start":{"line":477,"column":21},"end":{"line":485,"column":null}},"97":{"start":{"line":478,"column":33},"end":{"line":484,"column":null}},"98":{"start":{"line":485,"column":20},"end":{"line":485,"column":43}},"99":{"start":{"line":487,"column":18},"end":{"line":496,"column":null}},"100":{"start":{"line":488,"column":28},"end":{"line":495,"column":null}},"101":{"start":{"line":496,"column":20},"end":{"line":496,"column":43}},"102":{"start":{"line":498,"column":30},"end":{"line":500,"column":null}},"103":{"start":{"line":499,"column":27},"end":{"line":499,"column":null}},"104":{"start":{"line":500,"column":20},"end":{"line":500,"column":null}},"105":{"start":{"line":502,"column":23},"end":{"line":502,"column":null}},"106":{"start":{"line":502,"column":53},"end":{"line":502,"column":69}},"107":{"start":{"line":503,"column":24},"end":{"line":503,"column":null}},"108":{"start":{"line":503,"column":54},"end":{"line":503,"column":71}},"109":{"start":{"line":504,"column":25},"end":{"line":504,"column":null}},"110":{"start":{"line":504,"column":55},"end":{"line":504,"column":73}},"111":{"start":{"line":505,"column":21},"end":{"line":505,"column":null}},"112":{"start":{"line":505,"column":51},"end":{"line":505,"column":64}},"113":{"start":{"line":512,"column":21},"end":{"line":517,"column":null}},"114":{"start":{"line":512,"column":59},"end":{"line":517,"column":6}},"115":{"start":{"line":519,"column":44},"end":{"line":523,"column":null}},"116":{"start":{"line":525,"column":33},"end":{"line":544,"column":null}},"117":{"start":{"line":547,"column":34},"end":{"line":553,"column":null}},"118":{"start":{"line":548,"column":17},"end":{"line":551,"column":null}},"119":{"start":{"line":552,"column":20},"end":{"line":552,"column":29}},"120":{"start":{"line":553,"column":20},"end":{"line":553,"column":null}},"121":{"start":{"line":559,"column":25},"end":{"line":559,"column":43}},"122":{"start":{"line":561,"column":25},"end":{"line":561,"column":46}},"123":{"start":{"line":562,"column":21},"end":{"line":562,"column":null}},"124":{"start":{"line":569,"column":22},"end":{"line":569,"column":null}},"125":{"start":{"line":570,"column":2},"end":{"line":576,"column":null}},"126":{"start":{"line":571,"column":4},"end":{"line":575,"column":null}},"127":{"start":{"line":572,"column":6},"end":{"line":574,"column":null}},"128":{"start":{"line":573,"column":8},"end":{"line":573,"column":null}},"129":{"start":{"line":577,"column":23},"end":{"line":579,"column":null}},"130":{"start":{"line":578,"column":18},"end":{"line":578,"column":null}},"131":{"start":{"line":579,"column":20},"end":{"line":579,"column":null}},"132":{"start":{"line":582,"column":27},"end":{"line":582,"column":null}},"133":{"start":{"line":583,"column":26},"end":{"line":583,"column":null}},"134":{"start":{"line":585,"column":2},"end":{"line":596,"column":null}},"135":{"start":{"line":586,"column":17},"end":{"line":586,"column":null}},"136":{"start":{"line":587,"column":4},"end":{"line":587,"column":null}},"137":{"start":{"line":587,"column":37},"end":{"line":587,"column":null}},"138":{"start":{"line":589,"column":21},"end":{"line":589,"column":null}},"139":{"start":{"line":590,"column":4},"end":{"line":595,"column":null}},"140":{"start":{"line":599,"column":2},"end":{"line":602,"column":null}},"141":{"start":{"line":600,"column":17},"end":{"line":600,"column":28}},"142":{"start":{"line":601,"column":4},"end":{"line":601,"column":null}},"143":{"start":{"line":604,"column":41},"end":{"line":618,"column":null}},"144":{"start":{"line":605,"column":20},"end":{"line":605,"column":null}},"145":{"start":{"line":606,"column":4},"end":{"line":617,"column":null}},"146":{"start":{"line":618,"column":20},"end":{"line":618,"column":37}},"147":{"start":{"line":624,"column":2},"end":{"line":678,"column":null}},"148":{"start":{"line":680,"column":4},"end":{"line":680,"column":null}},"149":{"start":{"line":681,"column":4},"end":{"line":681,"column":null}},"150":{"start":{"line":691,"column":19},"end":{"line":691,"column":null}},"151":{"start":{"line":692,"column":20},"end":{"line":692,"column":null}},"152":{"start":{"line":694,"column":2},"end":{"line":699,"column":null}},"153":{"start":{"line":695,"column":4},"end":{"line":697,"column":null}},"154":{"start":{"line":701,"column":27},"end":{"line":701,"column":null}},"155":{"start":{"line":702,"column":16},"end":{"line":702,"column":null}},"156":{"start":{"line":703,"column":14},"end":{"line":703,"column":null}},"157":{"start":{"line":704,"column":19},"end":{"line":704,"column":null}},"158":{"start":{"line":705,"column":19},"end":{"line":705,"column":null}},"159":{"start":{"line":706,"column":22},"end":{"line":706,"column":78}},"160":{"start":{"line":709,"column":20},"end":{"line":709,"column":null}},"161":{"start":{"line":710,"column":18},"end":{"line":710,"column":null}},"162":{"start":{"line":713,"column":2},"end":{"line":716,"column":null}},"163":{"start":{"line":714,"column":4},"end":{"line":714,"column":null}},"164":{"start":{"line":715,"column":4},"end":{"line":715,"column":null}},"165":{"start":{"line":718,"column":2},"end":{"line":742,"column":null}},"166":{"start":{"line":720,"column":21},"end":{"line":726,"column":null}},"167":{"start":{"line":729,"column":17},"end":{"line":732,"column":null}},"168":{"start":{"line":731,"column":12},"end":{"line":731,"column":null}},"169":{"start":{"line":735,"column":4},"end":{"line":735,"column":null}},"170":{"start":{"line":737,"column":4},"end":{"line":737,"column":null}},"171":{"start":{"line":738,"column":4},"end":{"line":740,"column":null}}},"fnMap":{"0":{"name":"fillMissingDays","decl":{"start":{"line":126,"column":9},"end":{"line":126,"column":null}},"loc":{"start":{"line":129,"column":17},"end":{"line":146,"column":null}}},"1":{"name":"(anonymous_4)","decl":{"start":{"line":131,"column":38},"end":{"line":131,"column":43}},"loc":{"start":{"line":131,"column":43},"end":{"line":131,"column":null}}},"2":{"name":"emptyResponse","decl":{"start":{"line":148,"column":9},"end":{"line":148,"column":23}},"loc":{"start":{"line":148,"column":57},"end":{"line":200,"column":null}}},"3":{"name":"fetchAggregateData","decl":{"start":{"line":206,"column":15},"end":{"line":206,"column":null}},"loc":{"start":{"line":211,"column":32},"end":{"line":683,"column":null}}},"4":{"name":"(anonymous_7)","decl":{"start":{"line":332,"column":44},"end":{"line":332,"column":null}},"loc":{"start":{"line":333,"column":4},"end":{"line":333,"column":45}}},"5":{"name":"(anonymous_8)","decl":{"start":{"line":334,"column":8},"end":{"line":334,"column":16}},"loc":{"start":{"line":334,"column":16},"end":{"line":338,"column":null}}},"6":{"name":"(anonymous_9)","decl":{"start":{"line":341,"column":40},"end":{"line":341,"column":41}},"loc":{"start":{"line":341,"column":55},"end":{"line":352,"column":6}}},"7":{"name":"(anonymous_10)","decl":{"start":{"line":383,"column":38},"end":{"line":383,"column":39}},"loc":{"start":{"line":383,"column":53},"end":{"line":386,"column":6}}},"8":{"name":"(anonymous_11)","decl":{"start":{"line":478,"column":9},"end":{"line":478,"column":10}},"loc":{"start":{"line":478,"column":33},"end":{"line":484,"column":null}}},"9":{"name":"(anonymous_12)","decl":{"start":{"line":485,"column":10},"end":{"line":485,"column":11}},"loc":{"start":{"line":485,"column":20},"end":{"line":485,"column":43}}},"10":{"name":"(anonymous_13)","decl":{"start":{"line":488,"column":9},"end":{"line":488,"column":10}},"loc":{"start":{"line":488,"column":28},"end":{"line":495,"column":null}}},"11":{"name":"(anonymous_14)","decl":{"start":{"line":496,"column":10},"end":{"line":496,"column":11}},"loc":{"start":{"line":496,"column":20},"end":{"line":496,"column":43}}},"12":{"name":"(anonymous_15)","decl":{"start":{"line":499,"column":9},"end":{"line":499,"column":10}},"loc":{"start":{"line":499,"column":27},"end":{"line":499,"column":null}}},"13":{"name":"(anonymous_16)","decl":{"start":{"line":500,"column":10},"end":{"line":500,"column":11}},"loc":{"start":{"line":500,"column":20},"end":{"line":500,"column":null}}},"14":{"name":"(anonymous_17)","decl":{"start":{"line":502,"column":41},"end":{"line":502,"column":42}},"loc":{"start":{"line":502,"column":53},"end":{"line":502,"column":69}}},"15":{"name":"(anonymous_18)","decl":{"start":{"line":503,"column":42},"end":{"line":503,"column":43}},"loc":{"start":{"line":503,"column":54},"end":{"line":503,"column":71}}},"16":{"name":"(anonymous_19)","decl":{"start":{"line":504,"column":43},"end":{"line":504,"column":44}},"loc":{"start":{"line":504,"column":55},"end":{"line":504,"column":73}}},"17":{"name":"(anonymous_20)","decl":{"start":{"line":505,"column":39},"end":{"line":505,"column":40}},"loc":{"start":{"line":505,"column":51},"end":{"line":505,"column":64}}},"18":{"name":"(anonymous_21)","decl":{"start":{"line":512,"column":44},"end":{"line":512,"column":45}},"loc":{"start":{"line":512,"column":59},"end":{"line":517,"column":6}}},"19":{"name":"(anonymous_22)","decl":{"start":{"line":548,"column":9},"end":{"line":548,"column":17}},"loc":{"start":{"line":548,"column":17},"end":{"line":551,"column":null}}},"20":{"name":"(anonymous_23)","decl":{"start":{"line":552,"column":12},"end":{"line":552,"column":20}},"loc":{"start":{"line":552,"column":20},"end":{"line":552,"column":29}}},"21":{"name":"(anonymous_24)","decl":{"start":{"line":553,"column":10},"end":{"line":553,"column":11}},"loc":{"start":{"line":553,"column":20},"end":{"line":553,"column":null}}},"22":{"name":"(anonymous_25)","decl":{"start":{"line":578,"column":9},"end":{"line":578,"column":18}},"loc":{"start":{"line":578,"column":18},"end":{"line":578,"column":null}}},"23":{"name":"(anonymous_26)","decl":{"start":{"line":579,"column":10},"end":{"line":579,"column":11}},"loc":{"start":{"line":579,"column":20},"end":{"line":579,"column":null}}},"24":{"name":"(anonymous_27)","decl":{"start":{"line":604,"column":84},"end":{"line":604,"column":85}},"loc":{"start":{"line":604,"column":98},"end":{"line":618,"column":5}}},"25":{"name":"(anonymous_28)","decl":{"start":{"line":618,"column":10},"end":{"line":618,"column":11}},"loc":{"start":{"line":618,"column":20},"end":{"line":618,"column":37}}},"26":{"name":"GET","decl":{"start":{"line":689,"column":22},"end":{"line":689,"column":25}},"loc":{"start":{"line":689,"column":42},"end":{"line":743,"column":null}}},"27":{"name":"(anonymous_30)","decl":{"start":{"line":731,"column":6},"end":{"line":731,"column":12}},"loc":{"start":{"line":731,"column":12},"end":{"line":731,"column":null}}}},"branchMap":{"0":{"loc":{"start":{"line":141,"column":13},"end":{"line":141,"column":null}},"type":"binary-expr","locations":[{"start":{"line":141,"column":13},"end":{"line":141,"column":37}},{"start":{"line":141,"column":37},"end":{"line":141,"column":null}}]},"1":{"loc":{"start":{"line":213,"column":2},"end":{"line":215,"column":null}},"type":"if","locations":[{"start":{"line":213,"column":2},"end":{"line":215,"column":null}},{"start":{},"end":{}}]},"2":{"loc":{"start":{"line":279,"column":2},"end":{"line":293,"column":null}},"type":"if","locations":[{"start":{"line":279,"column":2},"end":{"line":293,"column":null}},{"start":{"line":286,"column":9},"end":{"line":293,"column":null}}]},"3":{"loc":{"start":{"line":296,"column":2},"end":{"line":298,"column":null}},"type":"if","locations":[{"start":{"line":296,"column":2},"end":{"line":298,"column":null}},{"start":{},"end":{}}]},"4":{"loc":{"start":{"line":296,"column":6},"end":{"line":296,"column":50}},"type":"binary-expr","locations":[{"start":{"line":296,"column":6},"end":{"line":296,"column":24}},{"start":{"line":296,"column":24},"end":{"line":296,"column":50}}]},"5":{"loc":{"start":{"line":319,"column":2},"end":{"line":322,"column":null}},"type":"if","locations":[{"start":{"line":319,"column":2},"end":{"line":322,"column":null}},{"start":{},"end":{}}]},"6":{"loc":{"start":{"line":328,"column":21},"end":{"line":328,"column":90}},"type":"cond-expr","locations":[{"star
[...]
art":{"line":155,"column":2},"end":{"line":155,"column":null}},"type":"if","locations":[{"start":{"line":155,"column":2},"end":{"line":155,"column":null}},{"start":{},"end":{}}]},"9":{"loc":{"start":{"line":155,"column":6},"end":{"line":155,"column":22}},"type":"binary-expr","locations":[{"start":{"line":155,"column":6},"end":{"line":155,"column":15}},{"start":{"line":155,"column":15},"end":{"line":155,"column":22}}]},"10":{"loc":{"start":{"line":178,"column":2},"end":{"line":178,"column":null}},"type":"if","locations":[{"start":{"line":178,"column":2},"end":{"line":178,"column":null}},{"start":{},"end":{}}]},"11":{"loc":{"start":{"line":190,"column":2},"end":{"line":190,"column":null}},"type":"if","locations":[{"start":{"line":190,"column":2},"end":{"line":190,"column":null}},{"start":{},"end":{}}]},"12":{"loc":{"start":{"line":192,"column":9},"end":{"line":192,"column":null}},"type":"binary-expr","locations":[{"start":{"line":192,"column":9},"end":{"line":192,"column":29}},{"start":{"line":192,"column":29},"end":{"line":192,"column":null}}]},"13":{"loc":{"start":{"line":202,"column":2},"end":{"line":202,"column":null}},"type":"if","locations":[{"start":{"line":202,"column":2},"end":{"line":202,"column":null}},{"start":{},"end":{}}]},"14":{"loc":{"start":{"line":204,"column":9},"end":{"line":204,"column":null}},"type":"binary-expr","locations":[{"start":{"line":204,"column":9},"end":{"line":204,"column":30}},{"start":{"line":204,"column":30},"end":{"line":204,"column":null}}]},"15":{"loc":{"start":{"line":219,"column":2},"end":{"line":221,"column":null}},"type":"if","locations":[{"start":{"line":219,"column":2},"end":{"line":221,"column":null}},{"start":{},"end":{}}]},"16":{"loc":{"start":{"line":224,"column":24},"end":{"line":224,"column":null}},"type":"binary-expr","locations":[{"start":{"line":224,"column":24},"end":{"line":224,"column":32}},{"start":{"line":224,"column":32},"end":{"line":224,"column":null}}]},"17":{"loc":{"start":{"line":239,"column":4},"end":{"line":242,"column":null}},"type":"if","locations":[{"start":{"line":239,"column":4},"end":{"line":242,"column":null}},{"start":{},"end":{}}]},"18":{"loc":{"start":{"line":253,"column":4},"end":{"line":258,"column":null}},"type":"if","locations":[{"start":{"line":253,"column":4},"end":{"line":258,"column":null}},{"start":{},"end":{}}]},"19":{"loc":{"start":{"line":280,"column":2},"end":{"line":280,"column":32}},"type":"default-arg","locations":[{"start":{"line":280,"column":24},"end":{"line":280,"column":32}}]},"20":{"loc":{"start":{"line":282,"column":2},"end":{"line":284,"column":null}},"type":"if","locations":[{"start":{"line":282,"column":2},"end":{"line":284,"column":null}},{"start":{},"end":{}}]},"21":{"loc":{"start":{"line":295,"column":4},"end":{"line":297,"column":null}},"type":"if","locations":[{"start":{"line":295,"column":4},"end":{"line":297,"column":null}},{"start":{},"end":{}}]},"22":{"loc":{"start":{"line":313,"column":2},"end":{"line":315,"column":null}},"type":"if","locations":[{"start":{"line":313,"column":2},"end":{"line":315,"column":null}},{"start":{},"end":{}}]},"23":{"loc":{"start":{"line":324,"column":4},"end":{"line":326,"column":null}},"type":"if","locations":[{"start":{"line":324,"column":4},"end":{"line":326,"column":null}},{"start":{},"end":{}}]},"24":{"loc":{"start":{"line":343,"column":2},"end":{"line":345,"column":null}},"type":"if","locations":[{"start":{"line":343,"column":2},"end":{"line":345,"column":null}},{"start":{},"end":{}}]},"25":{"loc":{"start":{"line":354,"column":4},"end":{"line":356,"column":null}},"type":"if","locations":[{"start":{"line":354,"column":4},"end":{"line":356,"column":null}},{"start":{},"end":{}}]},"26":{"loc":{"start":{"line":372,"column":2},"end":{"line":374,"column":null}},"type":"if","locations":[{"start":{"line":372,"column":2},"end":{"line":374,"column":null}},{"start":{},"end":{}}]},"27":{"loc":{"start":{"line":382,"column":4},"end":{"line":384,"column":null}},"type":"if","locations":[{"start":{"line":382,"column":4},"end":{"line":384,"column":null}},{"start":{},"end":{}}]},"28":{"loc":{"start":{"line":387,"column":16},"end":{"line":387,"column":26}},"type":"binary-expr","locations":[{"start":{"line":387,"column":16},"end":{"line":387,"column":24}},{"start":{"line":387,"column":24},"end":{"line":387,"column":26}}]},"29":{"loc":{"start":{"line":417,"column":4},"end":{"line":425,"column":null}},"type":"if","locations":[{"start":{"line":417,"column":4},"end":{"line":425,"column":null}},{"start":{},"end":{}}]},"30":{"loc":{"start":{"line":431,"column":30},"end":{"line":431,"column":null}},"type":"binary-expr","locations":[{"start":{"line":431,"column":30},"end":{"line":431,"column":54}},{"start":{"line":431,"column":54},"end":{"line":431,"column":84}},{"start":{"line":431,"column":84},"end":{"line":431,"column":null}}]},"31":{"loc":{"start":{"line":441,"column":13},"end":{"line":441,"column":null}},"type":"cond-expr","locations":[{"start":{"line":441,"column":22},"end":{"line":441,"column":29}},{"start":{"line":441,"column":29},"end":{"line":441,"column":null}}]}},"s":{"0":0,"1":0,"2":0,"3":0,"4":0,"5":0,"6":0,"7":0,"8":0,"9":0,"10":0,"11":0,"12":0,"13":0,"14":0,"15":0,"16":0,"17":0,"18":0,"19":0,"20":0,"21":0,"22":0,"23":0,"24":0,"25":0,"26":0,"27":0,"28":0,"29":0,"30":0,"31":0,"32":0,"33":0,"34":0,"35":0,"36":0,"37":0,"38":0,"39":0,"40":0,"41":0,"42":0,"43":0,"44":0,"45":0,"46":0,"47":0,"48":0,"49":0,"50":0,"51":0,"52":0,"53":0,"54":0,"55":0,"56":0,"57":0,"58":0,"59":0,"60":0,"61":0,"62":0,"63":0,"64":0,"65":0,"66":0,"67":0,"68":0,"69":0,"70":0,"71":0,"72":0,"73":0,"74":0,"75":0,"76":0,"77":0,"78":0,"79":0,"80":0,"81":0,"82":0,"83":0,"84":0,"85":0,"86":0,"87":0,"88":0,"89":0,"90":0,"91":0,"92":0,"93":0,"94":0,"95":0,"96":0,"97":0,"98":0,"99":0,"100":0,"101":0,"102":0,"103":0,"104":0,"105":0,"106":0,"107":0,"108":0,"109":0,"110":0,"111":0,"112":0,"113":0,"114":0,"115":0,"116":0,"117":0,"118":0,"119":0,"120":0,"121":0},"f":{"0":0,"1":0,"2":0,"3":0,"4":0,"5":0,"6":0,"7":0,"8":0,"9":0,"10":0,"11":0,"12":0,"13":0,"14":0,"15":0},"b":{"0":[0,0],"1":[0,0],"2":[0,0],"3":[0,0],"4":[0,0],"5":[0,0],"6":[0,0],"7":[0,0],"8":[0,0],"9":[0,0],"10":[0,0],"11":[0,0],"12":[0,0],"13":[0,0],"14":[0,0],"15":[0,0],"16":[0,0],"17":[0,0],"18":[0,0],"19":[0],"20":[0,0],"21":[0,0],"22":[0,0],"23":[0,0],"24":[0,0],"25":[0,0],"26":[0,0],"27":[0,0],"28":[0,0],"29":[0,0],"30":[0,0,0],"31":[0,0]}}
,"/Users/nishchith.g.m/Desktop/UpShot_project/cold-email-dashboard-starter/lib/workspace-context.tsx": {"path":"/Users/nishchith.g.m/Desktop/UpShot_project/cold-email-dashboard-starter/lib/workspace-context.tsx","statementMap":{"0":{"start":{"line":266,"column":27},"end":{"line":266,"column":null}},"1":{"start":{"line":85,"column":16},"end":{"line":85,"column":33}},"2":{"start":{"line":266,"column":9},"end":{"line":266,"column":25}},"3":{"start":{"line":261,"column":16},"end":{"line":261,"column":36}},"4":{"start":{"line":247,"column":16},"end":{"line":247,"column":28}},"5":{"start":{"line":3,"column":92},"end":{"line":3,"column":null}},"6":{"start":{"line":4,"column":24},"end":{"line":4,"column":null}},"7":{"start":{"line":5,"column":37},"end":{"line":5,"column":null}},"8":{"start":{"line":59,"column":36},"end":{"line":68,"column":null}},"9":{"start":{"line":74,"column":25},"end":{"line":74,"column":null}},"10":{"start":{"line":89,"column":43},"end":{"line":89,"column":null}},"11":{"start":{"line":90,"column":41},"end":{"line":90,"column":null}},"12":{"start":{"line":91,"column":43},"end":{"line":91,"column":null}},"13":{"start":{"line":92,"column":36},"end":{"line":92,"column":null}},"14":{"start":{"line":93,"column":42},"end":{"line":93,"column":null}},"15":{"start":{"line":94,"column":48},"end":{"line":94,"column":null}},"16":{"start":{"line":97,"column":26},"end":{"line":150,"column":null}},"17":{"start":{"line":98,"column":4},"end":{"line":98,"column":null}},"18":{"start":{"line":98,"column":23},"end":{"line":98,"column":null}},"19":{"start":{"line":100,"column":4},"end":{"line":100,"column":null}},"20":{"start":{"line":101,"column":4},"end":{"line":149,"column":null}},"21":{"start":{"line":102,"column":23},"end":{"line":102,"column":null}},"22":{"start":{"line":103,"column":6},"end":{"line":103,"column":null}},"23":{"start":{"line":103,"column":24},"end":{"line":103,"column":null}},"24":{"start":{"line":105,"column":19},"end":{"line":105,"column":null}},"25":{"start":{"line":108,"column":6},"end":{"line":134,"column":null}},"26":{"start":{"line":109,"column":8},"end":{"line":109,"column":null}},"27":{"start":{"line":110,"column":8},"end":{"line":110,"column":null}},"28":{"start":{"line":111,"column":8},"end":{"line":111,"column":null}},"29":{"start":{"line":112,"column":13},"end":{"line":134,"column":null}},"30":{"start":{"line":113,"column":8},"end":{"line":113,"column":null}},"31":{"start":{"line":114,"column":8},"end":{"line":114,"column":null}},"32":{"start":{"line":115,"column":8},"end":{"line":115,"column":null}},"33":{"start":{"line":118,"column":33},"end":{"line":118,"column":null}},"34":{"start":{"line":119,"column":31},"end":{"line":121,"column":null}},"35":{"start":{"line":120,"column":51},"end":{"line":120,"column":null}},"36":{"start":{"line":123,"column":8},"end":{"line":131,"column":null}},"37":{"start":{"line":124,"column":10},"end":{"line":124,"column":null}},"38":{"start":{"line":125,"column":15},"end":{"line":131,"column":null}},"39":{"start":{"line":126,"column":10},"end":{"line":126,"column":null}},"40":{"start":{"line":127,"column":10},"end":{"line":127,"column":null}},"41":{"start":{"line":129,"column":10},"end":{"line":129,"column":null}},"42":{"start":{"line":130,"column":10},"end":{"line":130,"column":null}},"43":{"start":{"line":133,"column":8},"end":{"line":133,"column":null}},"44":{"start":{"line":136,"column":6},"end":{"line":136,"column":null}},"45":{"start":{"line":138,"column":30},"end":{"line":138,"column":null}},"46":{"start":{"line":139,"column":6},"end":{"line":146,"column":null}},"47":{"start":{"line":140,"column":8},"end":{"line":145,"column":null}},"48":{"start":{"line":141,"column":25},"end":{"line":141,"column":null}},"49":{"start":{"line":142,"column":10},"end":{"line":142,"column":null}},"50":{"start":{"line":148,"column":6},"end":{"line":148,"column":null}},"51":{"start":{"line":153,"column":2},"end":{"line":157,"column":null}},"52":{"start":{"line":154,"column":4},"end":{"line":156,"column":null}},"53":{"start":{"line":155,"column":6},"end":{"line":155,"column":null}},"54":{"start":{"line":160,"column":23},"end":{"line":163,"column":null}},"55":{"start":{"line":161,"column":4},"end":{"line":161,"column":null}},"56":{"start":{"line":162,"column":4},"end":{"line":162,"column":null}},"57":{"start":{"line":166,"column":26},"end":{"line":171,"column":null}},"58":{"start":{"line":167,"column":18},"end":{"line":167,"column":null}},"59":{"start":{"line":167,"column":39},"end":{"line":167,"column":null}},"60":{"start":{"line":168,"column":4},"end":{"line":170,"column":null}},"61":{"start":{"line":169,"column":6},"end":{"line":169,"column":null}},"62":{"start":{"line":174,"column":28},"end":{"line":176,"column":null}},"63":{"start":{"line":175,"column":4},"end":{"line":175,"column":null}},"64":{"start":{"line":179,"column":26},"end":{"line":206,"column":null}},"65":{"start":{"line":180,"column":4},"end":{"line":205,"column":null}},"66":{"start":{"line":181,"column":23},"end":{"line":185,"column":null}},"67":{"start":{"line":187,"column":19},"end":{"line":187,"column":null}},"68":{"start":{"line":189,"column":6},"end":{"line":191,"column":null}},"69":{"start":{"line":190,"column":8},"end":{"line":190,"column":null}},"70":{"start":{"line":194,"column":6},"end":{"line":194,"column":null}},"71":{"start":{"line":197,"column":6},"end":{"line":199,"column":null}},"72":{"start":{"line":198,"column":8},"end":{"line":198,"column":null}},"73":{"start":{"line":201,"column":6},"end":{"line":201,"column":null}},"74":{"start":{"line":203,"column":6},"end":{"line":203,"column":null}},"75":{"start":{"line":204,"column":6},"end":{"line":204,"column":null}},"76":{"start":{"line":209,"column":16},"end":{"line":234,"column":null}},"77":{"start":{"line":209,"column":54},"end":{"line":224,"column":6}},"78":{"start":{"line":248,"column":18},"end":{"line":248,"column":null}},"79":{"start":{"line":250,"column":2},"end":{"line":252,"column":null}},"80":{"start":{"line":251,"column":4},"end":{"line":251,"column":null}},"81":{"start":{"line":254,"column":2},"end":{"line":254,"column":null}},"82":{"start":{"line":262,"column":2},"end":{"line":262,"column":null}}},"fnMap":{"0":{"name":"WorkspaceProvider","decl":{"start":{"line":85,"column":16},"end":{"line":85,"column":33}},"loc":{"start":{"line":88,"column":25},"end":{"line":241,"column":null}}},"1":{"name":"(anonymous_10)","decl":{"start":{"line":97,"column":38},"end":{"line":97,"column":null}},"loc":{"start":{"line":97,"column":38},"end":{"line":150,"column":5}}},"2":{"name":"(anonymous_11)","decl":{"start":{"line":120,"column":33},"end":{"line":120,"column":34}},"loc":{"start":{"line":120,"column":51},"end":{"line":120,"column":null}}},"3":{"name":"(anonymous_12)","decl":{"start":{"line":153,"column":12},"end":{"line":153,"column":null}},"loc":{"start":{"line":153,"column":12},"end":{"line":157,"column":5}}},"4":{"name":"(anonymous_13)","decl":{"start":{"line":160,"column":35},"end":{"line":160,"column":36}},"loc":{"start":{"line":160,"column":36},"end":{"line":163,"column":5}}},"5":{"name":"(anonymous_14)","decl":{"start":{"line":166,"column":38},"end":{"line":166,"column":39}},"loc":{"start":{"line":166,"column":39},"end":{"line":171,"column":5}}},"6":{"name":"(anonymous_15)","decl":{"start":{"line":167,"column":34},"end":{"line":167,"column":39}},"loc":{"start":{"line":167,"column":39},"end":{"line":167,"column":null}}},"7":{"name":"(anonymous_16)","decl":{"start":{"line":174,"column":40},"end":{"line":174,"column":null}},"loc":{"start":{"line":174,"column":40},"end":{"line":176,"column":5}}},"8":{"name":"(anonymous_17)","decl":{"start":{"line":179,"column":38},"end":{"line":179,"column":45}},"loc":{"start":{"line":179,"column":45},"end":{"line":206,"column":5}}},"9":{"name":"(anonymous_18)","decl":{"start":{"line":209,"column":47},"end":{"line":209,"column":54}},"loc":{"start":{"line":209,"column":54},"end":{"line":224,"column":6}}},"10":{"name":"useWorkspace","decl":{"start":{"line":247,"column":16},"end":{"line":247,"column":28}},"loc":{"start":{"line":247,"column":16},"end":{"line":255,"column":null}}},"11":{"name":"useOptionalWorkspace","decl":{"start":{"line":261,"column":16},"end":{"line":261,"column":36}},"loc":{"start":{"line":261,"column":16},"end":{"line":263,"column":null}}}},"branchMap":{"0":{"loc":{"start":{"line":87,"column":2},"end":{"line":87,"column":37}},"type":"default-arg","locations":[{"start":{"line":87,"column":21},"end":{"line":87,"column":37}}]},"1":{"loc":{"start":{"line":98,"column":4},"end":{"line":98,"column":null}},"type":"if","locations":[{"start":{"line":98,"column":4},"end":{"line":98,"column":null}},{"start":{},"end":{}}]},"2":{"loc":{"start":{"line":103,"column":6},"end":{"line":103,"column":null}},"type":"if","locations":[{"start":{"line":103,"column":6},"end":{"line":103,"column":null}},{"start":{},"end":{}}]},"3":{"loc":{"start":{"line":108,"column":6},"end":{"line":134,"column":null}},"type":"if","locations":[{"start":{"line":108,"column":6},"end":{"line":134,"column":null}},{"start":{"line":112,"column":13},"end":{"line":134,"column":null}}]},"4":{"loc":{"start":{"line":112,"column":13},"end":{"line":134,"column":null}},"type":"if","locations":[{"start":{"line":112,"column":13},"end":{"line":134,"column":null}},{"start":{},"end":{}}]},"5":{"loc":{"start":{"line":112,"column":17},"end":{"line":112,"column":64}},"type":"binary-expr","locations":[{"start":{"line":112,"column":17},"end":{"line":112,"column":32}},{"start":{"line":112,"column":36},"end":{"line":112,"column":64}}]},"6":{"loc":{"start":{"line":119,"column":31},"end":{"line":121,"column":null}},"type":"cond-expr","locations":[{"start":{"line":120,"column":12},"end":{"line":120,"column":null}},{"start":{"line":121,"column":12},"end":{"line":121,"column":null}}]},"7":{"loc":{"start":{"line":123,"column":8},"end":{"line":131,"column":null}},"type":"if","locations":[{"start":{"line":123,"column":8},"end":{"line":131,"column":null}},{"start":{"line":125,"column":15},"end":{"line":131,"column":null}}]},"8":{"loc":{"start":{"line":125,"column":15},"end":{"line":131,"column":null}},"type":"if","locations":[{"start":{"line":125,"column":15},"end":{"line":131,"column":null}},{"start":{"line":128,"column":15},"end":{"line":131,"column":null}}]},"9":{"loc":{"start":{"line":133,"column":24},"end":{"line":133,"column":null}},"type":"binary-expr","locations":[{"start":{"line":133,"column":24},"end":{"line":133,"column":41}},{"start":{"line":133,"column":45},"end":{"line":133,"column":null}}]},"10":{"loc":{"start":{"line":139,"column":6},"end":{"line":146,"column":null}},"type":"if","locations":[{"start":{"line":139,"column":6},"end":{"line":146,"column":null}},{"start":{},"end":{}}]},"11":{"loc":{"start":{"line":154,"column":4},"end":{"line":156,"column":null}},"type":"if","locations":[{"start":{"line":154,"column":4},"end":{"line":156,"column":null}},{"start":{},"end":{}}]},"12":{"loc":{"start":{"line":168,"column":4},"end":{"line":170,"column":null}},"type":"if","locations":[{"start":{"line":168,"column":4},"end":{"line":170,"column":null}},{"start":{},"end":{}}]},"13":{"loc":{"start":{"line":189,"column":6},"end":{"line":191,"column":null}},"type":"if","locations":[{"start":{"line":189,"column":6},"end":{"line":191,"column":null}},{"start":{},"end":{}}]},"14":{"loc":{"start":{"line":190,"column":40},"end":{"line":190,"column":83}},"type":"binary-expr","locations":[{"start":{"line":190,"column":40},"end":{"line":190,"column":50}},{"start":{"line":190,"column":54},"end":{"line":190,"column":83}}]},"15":{"loc":{"start":{"line":197,"column":6},"end":{"line":199,"column":null}},"type":"if","locations":[{"start":{"line":197,"column":6},"end":{"line":199,"column":null}},{"start":{},"end":{}}]},"16":{"loc":{"start":{"line":220,"column":14},"end":{"line":220,"column":null}},"type":"binary-expr","locations":[{"start":{"line":220,"column":14},"end":{"line":220,"column":28}},{"start":{"line":220,"column":32},"end":{"line":220,"column":null}}]},"17":{"loc":{"start":{"line":222,"column":14},"end":{"line":222,"column":null}},"type":"binary-expr","locations":[{"start":{"line":222,"column":14},"end":{"line":222,"column":32}},{"start":{"line":222,"column":36},"end":{"line":222,"column":null}}]},"18":{"loc":{"start":{"line":223,"column":15},"end":{"line":223,"column":null}},"type":"binary-expr","locations":[{"start":{"line":223,"column":15},"end":{"line":223,"column":34}},{"start":{"line":223,"column":38},"end":{"line":223,"column":null}}]},"19":{"loc":{"start":{"line":250,"column":2},"end":{"line":252,"column":null}},"type":"if","locations":[{"start":{"line":250,"column":2},"end":{"line":252,"column":null}},{"start":{},"end":{}}]}},"s":{"0":1,"1":1,"2":1,"3":1,"4":1,"5":1,"6":1,"7":1,"8":1,"9":1,"10":0,"11":0,"12":0,"13":0,"14":0,"15":0,"16":0,"17":0,"18":0,"19":0,"20":0,"21":0,"22":0,"23":0,"24":0,"25":0,"26":0,"27":0,"28":0,"29":0,"30":0,"31":0,"32":0,"33":0,"34":0,"35":0,"36":0,"37":0,"38":0,"39":0,"40":0,"41":0,"42":0,"43":0,"44":0,"45":0,"46":0,"47":0,"48":0,"49":0,"50":0,"51":0,"52":0,"53":0,"54":0,"55":0,"56":0,"57":0,"58":0,"59":0,"60":0,"61":0,"62":0,"63":0,"64":0,"65":0,"66":0,"67":0,"68":0,"69":0,"70":0,"71":0,"72":0,"73":0,"74":0,"75":0,"76":0,"77":0,"78":0,"79":0,"80":0,"81":0,"82":0},"f":{"0":0,"1":0,"2":0,"3":0,"4":0,"5":0,"6":0,"7":0,"8":0,"9":0,"10":0,"11":0},"b":{"0":[0],"1":[0,0],"2":[0,0],"3":[0,0],"4":[0,0],"5":[0,0],"6":[0,0],"7":[0,0],"8":[0,0],"9":[0,0],"10":[0,0],"11":[0,0],"12":[0,0],"13":[0,0],"14":[0,0],"15":[0,0],"16":[0,0],"17":[0,0],"18":[0,0],"19":[0,0]}}
}
