TN:
SF:app/api/admin/llm-usage/route.ts
FN:18,DELETE
FN:156,GET
FNF:2
FNH:0
FNDA:0,DELETE
FNDA:0,GET
DA:1,0
DA:2,0
DA:18,0
DA:20,0
DA:21,0
DA:23,0
DA:24,0
DA:31,0
DA:32,0
DA:38,0
DA:39,0
DA:40,0
DA:43,0
DA:44,0
DA:51,0
DA:53,0
DA:55,0
DA:56,0
DA:57,0
DA:62,0
DA:65,0
DA:66,0
DA:67,0
DA:68,0
DA:73,0
DA:76,0
DA:77,0
DA:78,0
DA:79,0
DA:84,0
DA:85,0
DA:86,0
DA:87,0
DA:92,0
DA:96,0
DA:98,0
DA:99,0
DA:100,0
DA:107,0
DA:108,0
DA:117,0
DA:119,0
DA:120,0
DA:122,0
DA:123,0
DA:125,0
DA:126,0
DA:129,0
DA:131,0
DA:132,0
DA:133,0
DA:139,0
DA:147,0
DA:148,0
DA:156,0
DA:158,0
DA:159,0
DA:161,0
DA:162,0
DA:169,0
DA:170,0
DA:176,0
DA:177,0
DA:178,0
DA:179,0
DA:181,0
DA:182,0
DA:188,0
DA:189,0
DA:191,0
DA:192,0
DA:195,0
DA:197,0
DA:198,0
DA:204,0
DA:211,0
DA:212,0
LF:77
LH:0
BRDA:23,0,0,0
BRDA:23,0,1,0
BRDA:23,1,0,0
BRDA:23,1,1,0
BRDA:31,2,0,0
BRDA:31,2,1,0
BRDA:40,3,0,0
BRDA:43,4,0,0
BRDA:43,4,1,0
BRDA:43,5,0,0
BRDA:43,5,1,0
BRDA:43,5,2,0
BRDA:53,6,0,0
BRDA:53,6,1,0
BRDA:56,7,0,0
BRDA:56,7,1,0
BRDA:65,8,0,0
BRDA:65,8,1,0
BRDA:67,9,0,0
BRDA:67,9,1,0
BRDA:76,10,0,0
BRDA:76,10,1,0
BRDA:78,11,0,0
BRDA:78,11,1,0
BRDA:78,12,0,0
BRDA:78,12,1,0
BRDA:86,13,0,0
BRDA:86,13,1,0
BRDA:86,14,0,0
BRDA:86,14,1,0
BRDA:98,15,0,0
BRDA:98,15,1,0
BRDA:107,16,0,0
BRDA:107,16,1,0
BRDA:119,17,0,0
BRDA:119,17,1,0
BRDA:122,18,0,0
BRDA:122,18,1,0
BRDA:125,19,0,0
BRDA:125,19,1,0
BRDA:131,20,0,0
BRDA:131,20,1,0
BRDA:149,21,0,0
BRDA:149,21,1,0
BRDA:161,22,0,0
BRDA:161,22,1,0
BRDA:161,23,0,0
BRDA:161,23,1,0
BRDA:169,24,0,0
BRDA:169,24,1,0
BRDA:177,25,0,0
BRDA:177,25,1,0
BRDA:188,26,0,0
BRDA:188,26,1,0
BRDA:191,27,0,0
BRDA:191,27,1,0
BRDA:197,28,0,0
BRDA:197,28,1,0
BRDA:206,29,0,0
BRDA:206,29,1,0
BRF:60
BRH:0
end_of_record
TN:
SF:app/api/admin/refresh-views/route.ts
FN:20,POST
FN:97,GET
FNF:2
FNH:0
FNDA:0,POST
FNDA:0,GET
DA:1,0
DA:2,0
DA:4,0
DA:20,0
DA:21,0
DA:23,0
DA:24,0
DA:25,0
DA:27,0
DA:29,0
DA:30,0
DA:31,0
DA:37,0
DA:38,0
DA:44,0
DA:45,0
DA:52,0
DA:53,0
DA:55,0
DA:56,0
DA:57,0
DA:66,0
DA:69,0
DA:71,0
DA:80,0
DA:81,0
DA:97,0
DA:98,0
DA:99,0
DA:100,0
DA:106,0
DA:108,0
DA:109,0
DA:110,0
DA:116,0
DA:123,0
DA:124,0
LF:37
LH:0
BRDA:25,0,0,0
BRDA:25,0,1,0
BRDA:29,1,0,0
BRDA:29,1,1,0
BRDA:37,2,0,0
BRDA:37,2,1,0
BRDA:44,3,0,0
BRDA:44,3,1,0
BRDA:55,4,0,0
BRDA:55,4,1,0
BRDA:84,5,0,0
BRDA:84,5,1,0
BRDA:99,6,0,0
BRDA:99,6,1,0
BRDA:108,7,0,0
BRDA:108,7,1,0
BRF:16
BRH:0
end_of_record
TN:
SF:app/api/ask/route.ts
FN:6,getSummary
FN:19,(anonymous_4)
FN:37,getCosts
FN:47,(anonymous_6)
FN:51,POST
FN:63,(anonymous_8)
FNF:6
FNH:0
FNDA:0,getSummary
FNDA:0,(anonymous_4)
FNDA:0,getCosts
FNDA:0,(anonymous_6)
FNDA:0,POST
FNDA:0,(anonymous_8)
DA:1,0
DA:2,0
DA:4,0
DA:7,0
DA:8,0
DA:11,0
DA:18,0
DA:19,0
DA:27,0
DA:28,0
DA:30,0
DA:38,0
DA:40,0
DA:47,0
DA:48,0
DA:51,0
DA:52,0
DA:54,0
DA:55,0
DA:56,0
DA:57,0
DA:62,0
DA:63,0
DA:66,0
DA:67,0
DA:70,0
DA:71,0
DA:73,0
DA:74,0
DA:81,0
DA:82,0
DA:83,0
DA:86,0
DA:88,0
DA:90,0
DA:91,0
DA:102,0
DA:103,0
DA:114,0
DA:115,0
DA:128,0
DA:144,0
DA:146,0
DA:147,0
LF:44
LH:0
BRDA:7,0,0,0
BRDA:7,0,1,0
BRDA:18,1,0,0
BRDA:18,1,1,0
BRDA:20,2,0,0
BRDA:20,2,1,0
BRDA:21,3,0,0
BRDA:21,3,1,0
BRDA:22,4,0,0
BRDA:22,4,1,0
BRDA:27,5,0,0
BRDA:27,5,1,0
BRDA:28,6,0,0
BRDA:28,6,1,0
BRDA:38,7,0,0
BRDA:38,7,1,0
BRDA:47,8,0,0
BRDA:47,8,1,0
BRDA:47,9,0,0
BRDA:47,9,1,0
BRDA:57,10,0,0
BRDA:57,10,1,0
BRDA:90,11,0,0
BRDA:90,11,1,0
BRDA:90,12,0,0
BRDA:90,12,1,0
BRDA:99,13,0,0
BRDA:99,13,1,0
BRDA:101,14,0,0
BRDA:101,14,1,0
BRDA:101,15,0,0
BRDA:101,15,1,0
BRDA:102,16,0,0
BRDA:102,16,1,0
BRDA:102,17,0,0
BRDA:102,17,1,0
BRDA:111,18,0,0
BRDA:111,18,1,0
BRDA:113,19,0,0
BRDA:113,19,1,0
BRDA:113,20,0,0
BRDA:113,20,1,0
BRDA:114,21,0,0
BRDA:114,21,1,0
BRDA:114,22,0,0
BRDA:114,22,1,0
BRDA:114,22,2,0
BRDA:123,23,0,0
BRDA:123,23,1,0
BRDA:125,24,0,0
BRDA:125,24,1,0
BRDA:125,25,0,0
BRDA:125,25,1,0
BRDA:137,26,0,0
BRDA:137,26,1,0
BRDA:138,27,0,0
BRDA:138,27,1,0
BRDA:139,28,0,0
BRDA:139,28,1,0
BRF:59
BRH:0
end_of_record
TN:
SF:app/api/billing/history/route.ts
FN:18,GET
FN:66,(anonymous_4)
FNF:2
FNH:0
FNDA:0,GET
FNDA:0,(anonymous_4)
DA:1,0
DA:2,0
DA:3,0
DA:5,0
DA:18,0
DA:19,0
DA:20,0
DA:23,0
DA:24,0
DA:25,0
DA:26,0
DA:28,0
DA:29,0
DA:30,0
DA:32,0
DA:33,0
DA:34,0
DA:35,0
DA:37,0
DA:38,0
DA:39,0
DA:42,0
DA:50,0
DA:59,0
DA:66,0
DA:68,0
DA:78,0
DA:83,0
DA:84,0
LF:29
LH:0
BRDA:19,0,0,0
BRDA:19,0,1,0
BRDA:24,1,0,0
BRDA:24,1,1,0
BRDA:26,2,0,0
BRDA:26,2,1,0
BRDA:66,3,0,0
BRDA:66,3,1,0
BRDA:66,4,0,0
BRDA:66,4,1,0
BRDA:71,5,0,0
BRDA:71,5,1,0
BRDA:72,6,0,0
BRDA:72,6,1,0
BRDA:74,7,0,0
BRDA:74,7,1,0
BRF:16
BRH:0
end_of_record
TN:
SF:app/api/billing/usage/route.ts
FN:22,GET
FN:95,(anonymous_4)
FN:138,getPlanLimits
FN:169,getPlanFeatures
FNF:4
FNH:0
FNDA:0,GET
FNDA:0,(anonymous_4)
FNDA:0,getPlanLimits
FNDA:0,getPlanFeatures
DA:1,0
DA:2,0
DA:3,0
DA:5,0
DA:22,0
DA:23,0
DA:24,0
DA:32,0
DA:33,0
DA:36,0
DA:37,0
DA:40,0
DA:41,0
DA:43,0
DA:44,0
DA:48,0
DA:49,0
DA:50,0
DA:52,0
DA:54,0
DA:60,0
DA:63,0
DA:71,0
DA:79,0
DA:88,0
DA:95,0
DA:96,0
DA:99,0
DA:100,0
DA:102,0
DA:122,0
DA:123,0
DA:139,0
DA:166,0
DA:170,0
DA:202,0
LF:36
LH:0
BRDA:23,0,0,0
BRDA:23,0,1,0
BRDA:33,1,0,0
BRDA:33,1,1,0
BRDA:40,2,0,0
BRDA:40,2,1,0
BRDA:40,3,0,0
BRDA:40,3,1,0
BRDA:60,4,0,0
BRDA:60,4,1,0
BRDA:95,5,0,0
BRDA:95,5,1,0
BRDA:95,6,0,0
BRDA:95,6,1,0
BRDA:96,7,0,0
BRDA:96,7,1,0
BRDA:109,8,0,0
BRDA:109,8,1,0
BRDA:110,9,0,0
BRDA:110,9,1,0
BRDA:111,10,0,0
BRDA:111,10,1,0
BRDA:166,11,0,0
BRDA:166,11,1,0
BRDA:202,12,0,0
BRDA:202,12,1,0
BRF:26
BRH:0
end_of_record
TN:
SF:app/api/cache/route.ts
FN:7,GET
FN:18,POST
FN:88,DELETE
FNF:3
FNH:0
FNDA:0,GET
FNDA:0,POST
FNDA:0,DELETE
DA:1,0
DA:2,0
DA:4,0
DA:7,0
DA:8,0
DA:10,0
DA:18,0
DA:19,0
DA:20,0
DA:21,0
DA:23,0
DA:26,0
DA:27,0
DA:36,0
DA:37,0
DA:42,0
DA:43,0
DA:53,0
DA:54,0
DA:59,0
DA:60,0
DA:71,0
DA:72,0
DA:80,0
DA:88,0
DA:89,0
DA:91,0
LF:27
LH:0
BRDA:21,0,0,0
BRDA:23,1,0,0
BRDA:23,1,1,0
BRDA:23,1,2,0
BRDA:23,1,3,0
BRDA:23,1,4,0
BRDA:23,1,5,0
BRDA:36,2,0,0
BRDA:36,2,1,0
BRDA:48,3,0,0
BRDA:48,3,1,0
BRDA:53,4,0,0
BRDA:53,4,1,0
BRF:13
BRH:0
end_of_record
TN:
SF:app/api/campaigns/route.ts
FN:7,GET
FN:50,(anonymous_4)
FN:51,(anonymous_5)
FNF:3
FNH:0
FNDA:0,GET
FNDA:0,(anonymous_4)
FNDA:0,(anonymous_5)
DA:1,0
DA:2,0
DA:3,0
DA:5,0
DA:7,0
DA:9,0
DA:11,0
DA:17,0
DA:18,0
DA:20,0
DA:23,0
DA:30,0
DA:31,0
DA:34,0
DA:36,0
DA:37,0
DA:38,0
DA:42,0
DA:43,0
DA:44,0
DA:45,0
DA:49,0
DA:50,0
DA:51,0
DA:53,0
DA:57,0
DA:58,0
LF:27
LH:0
BRDA:9,0,0,0
BRDA:9,0,1,0
BRDA:18,1,0,0
BRDA:18,1,1,0
BRDA:36,2,0,0
BRDA:36,2,1,0
BRDA:43,3,0,0
BRDA:43,3,1,0
BRDA:44,4,0,0
BRDA:44,4,1,0
BRDA:44,5,0,0
BRDA:44,5,1,0
BRF:12
BRH:0
end_of_record
TN:
SF:app/api/cost-events/route.ts
FN:35,validateToken
FN:48,POST
FN:85,(anonymous_6)
FN:172,GET
FNF:4
FNH:0
FNDA:0,validateToken
FNDA:0,POST
FNDA:0,(anonymous_6)
FNDA:0,GET
DA:1,0
DA:2,0
DA:4,0
DA:5,0
DA:7,0
DA:10,0
DA:29,0
DA:36,0
DA:37,0
DA:39,0
DA:40,0
DA:41,0
DA:44,0
DA:48,0
DA:50,0
DA:51,0
DA:53,0
DA:54,0
DA:61,0
DA:62,0
DA:69,0
DA:70,0
DA:76,0
DA:77,0
DA:80,0
DA:81,0
DA:82,0
DA:85,0
DA:95,0
DA:97,0
DA:98,0
DA:101,0
DA:102,0
DA:104,0
DA:109,0
DA:120,0
DA:121,0
DA:123,0
DA:132,0
DA:133,0
DA:137,0
DA:145,0
DA:146,0
DA:151,0
DA:152,0
DA:163,0
DA:164,0
DA:172,0
DA:173,0
DA:174,0
DA:177,0
DA:178,0
DA:179,0
DA:181,0
DA:182,0
DA:189,0
DA:190,0
DA:193,0
DA:198,0
LF:59
LH:0
BRDA:39,0,0,0
BRDA:39,0,1,0
BRDA:53,1,0,0
BRDA:53,1,1,0
BRDA:61,2,0,0
BRDA:61,2,1,0
BRDA:69,3,0,0
BRDA:69,3,1,0
BRDA:81,4,0,0
BRDA:81,4,1,0
BRDA:95,5,0,0
BRDA:95,5,1,0
BRDA:104,6,0,0
BRDA:104,6,1,0
BRDA:104,6,2,0
BRDA:120,7,0,0
BRDA:120,7,1,0
BRDA:121,8,0,0
BRDA:121,8,1,0
BRDA:151,9,0,0
BRDA:151,9,1,0
BRDA:151,10,0,0
BRDA:151,10,1,0
BRDA:158,11,0,0
BRDA:158,11,1,0
BRDA:173,12,0,0
BRDA:173,12,1,0
BRDA:178,13,0,0
BRDA:178,13,1,0
BRDA:179,14,0,0
BRDA:179,14,1,0
BRDA:189,15,0,0
BRDA:189,15,1,0
BRF:33
BRH:0
end_of_record
TN:
SF:app/api/dashboard/aggregate/route.ts
FN:126,fillMissingDays
FN:131,(anonymous_4)
FN:148,emptyResponse
FN:206,fetchAggregateData
FN:332,(anonymous_7)
FN:334,(anonymous_8)
FN:341,(anonymous_9)
FN:383,(anonymous_10)
FN:478,(anonymous_11)
FN:485,(anonymous_12)
FN:488,(anonymous_13)
FN:496,(anonymous_14)
FN:499,(anonymous_15)
FN:500,(anonymous_16)
FN:502,(anonymous_17)
FN:503,(anonymous_18)
FN:504,(anonymous_19)
FN:505,(anonymous_20)
FN:512,(anonymous_21)
FN:548,(anonymous_22)
FN:552,(anonymous_23)
FN:553,(anonymous_24)
FN:578,(anonymous_25)
FN:579,(anonymous_26)
FN:604,(anonymous_27)
FN:618,(anonymous_28)
FN:689,GET
FN:731,(anonymous_30)
FNF:28
FNH:0
FNDA:0,fillMissingDays
FNDA:0,(anonymous_4)
FNDA:0,emptyResponse
FNDA:0,fetchAggregateData
FNDA:0,(anonymous_7)
FNDA:0,(anonymous_8)
FNDA:0,(anonymous_9)
FNDA:0,(anonymous_10)
FNDA:0,(anonymous_11)
FNDA:0,(anonymous_12)
FNDA:0,(anonymous_13)
FNDA:0,(anonymous_14)
FNDA:0,(anonymous_15)
FNDA:0,(anonymous_16)
FNDA:0,(anonymous_17)
FNDA:0,(anonymous_18)
FNDA:0,(anonymous_19)
FNDA:0,(anonymous_20)
FNDA:0,(anonymous_21)
FNDA:0,(anonymous_22)
FNDA:0,(anonymous_23)
FNDA:0,(anonymous_24)
FNDA:0,(anonymous_25)
FNDA:0,(anonymous_26)
FNDA:0,(anonymous_27)
FNDA:0,(anonymous_28)
FNDA:0,GET
FNDA:0,(anonymous_30)
DA:1,0
DA:2,0
DA:3,0
DA:4,0
DA:5,0
DA:6,0
DA:8,0
DA:131,0
DA:132,0
DA:134,0
DA:135,0
DA:137,0
DA:138,0
DA:139,0
DA:145,0
DA:149,0
DA:213,0
DA:214,0
DA:217,0
DA:219,0
DA:222,0
DA:225,0
DA:237,0
DA:245,0
DA:253,0
DA:261,0
DA:268,0
DA:277,0
DA:279,0
DA:282,0
DA:283,0
DA:288,0
DA:289,0
DA:290,0
DA:291,0
DA:296,0
DA:297,0
DA:310,0
DA:319,0
DA:320,0
DA:321,0
DA:328,0
DA:332,0
DA:333,0
DA:334,0
DA:341,0
DA:365,0
DA:368,0
DA:371,0
DA:374,0
DA:377,0
DA:382,0
DA:383,0
DA:388,0
DA:392,0
DA:395,0
DA:405,0
DA:406,0
DA:407,0
DA:408,0
DA:409,0
DA:411,0
DA:412,0
DA:413,0
DA:414,0
DA:415,0
DA:416,0
DA:418,0
DA:419,0
DA:420,0
DA:424,0
DA:428,0
DA:438,0
DA:439,0
DA:440,0
DA:441,0
DA:444,0
DA:445,0
DA:446,0
DA:447,0
DA:448,0
DA:449,0
DA:450,0
DA:451,0
DA:454,0
DA:455,0
DA:463,0
DA:464,0
DA:465,0
DA:474,0
DA:477,0
DA:478,0
DA:485,0
DA:487,0
DA:488,0
DA:496,0
DA:498,0
DA:499,0
DA:500,0
DA:502,0
DA:503,0
DA:504,0
DA:505,0
DA:512,0
DA:519,0
DA:525,0
DA:547,0
DA:548,0
DA:552,0
DA:553,0
DA:559,0
DA:561,0
DA:562,0
DA:569,0
DA:570,0
DA:571,0
DA:572,0
DA:573,0
DA:577,0
DA:578,0
DA:579,0
DA:582,0
DA:583,0
DA:585,0
DA:586,0
DA:587,0
DA:589,0
DA:590,0
DA:599,0
DA:600,0
DA:601,0
DA:604,0
DA:605,0
DA:606,0
DA:618,0
DA:624,0
DA:680,0
DA:681,0
DA:689,0
DA:691,0
DA:692,0
DA:694,0
DA:695,0
DA:701,0
DA:702,0
DA:703,0
DA:704,0
DA:705,0
DA:706,0
DA:709,0
DA:710,0
DA:713,0
DA:714,0
DA:715,0
DA:718,0
DA:720,0
DA:729,0
DA:731,0
DA:735,0
DA:737,0
DA:738,0
LF:161
LH:0
BRDA:141,0,0,0
BRDA:141,0,1,0
BRDA:213,1,0,0
BRDA:213,1,1,0
BRDA:279,2,0,0
BRDA:279,2,1,0
BRDA:296,3,0,0
BRDA:296,3,1,0
BRDA:296,4,0,0
BRDA:296,4,1,0
BRDA:319,5,0,0
BRDA:319,5,1,0
BRDA:328,6,0,0
BRDA:328,6,1,0
BRDA:333,7,0,0
BRDA:333,7,1,0
BRDA:333,7,2,0
BRDA:337,8,0,0
BRDA:337,8,1,0
BRDA:342,9,0,0
BRDA:342,9,1,0
BRDA:343,10,0,0
BRDA:343,10,1,0
BRDA:344,11,0,0
BRDA:344,11,1,0
BRDA:345,12,0,0
BRDA:345,12,1,0
BRDA:346,13,0,0
BRDA:346,13,1,0
BRDA:347,14,0,0
BRDA:347,14,1,0
BRDA:349,15,0,0
BRDA:349,15,1,0
BRDA:350,16,0,0
BRDA:350,16,1,0
BRDA:351,17,0,0
BRDA:351,17,1,0
BRDA:365,18,0,0
BRDA:365,18,1,0
BRDA:368,19,0,0
BRDA:368,19,1,0
BRDA:371,20,0,0
BRDA:371,20,1,0
BRDA:374,21,0,0
BRDA:374,21,1,0
BRDA:377,22,0,0
BRDA:377,22,1,0
BRDA:382,23,0,0
BRDA:382,23,1,0
BRDA:384,24,0,0
BRDA:384,24,1,0
BRDA:385,25,0,0
BRDA:385,25,1,0
BRDA:388,26,0,0
BRDA:388,26,1,0
BRDA:392,27,0,0
BRDA:392,27,1,0
BRDA:413,28,0,0
BRDA:413,28,1,0
BRDA:414,29,0,0
BRDA:414,29,1,0
BRDA:415,30,0,0
BRDA:415,30,1,0
BRDA:416,31,0,0
BRDA:416,31,1,0
BRDA:422,32,0,0
BRDA:422,32,1,0
BRDA:426,33,0,0
BRDA:426,33,1,0
BRDA:430,34,0,0
BRDA:430,34,1,0
BRDA:438,35,0,0
BRDA:438,35,1,0
BRDA:445,36,0,0
BRDA:445,36,1,0
BRDA:446,37,0,0
BRDA:446,37,1,0
BRDA:447,38,0,0
BRDA:447,38,1,0
BRDA:448,39,0,0
BRDA:448,39,1,0
BRDA:449,40,0,0
BRDA:449,40,1,0
BRDA:450,41,0,0
BRDA:450,41,1,0
BRDA:454,42,0,0
BRDA:454,42,1,0
BRDA:464,43,0,0
BRDA:464,43,1,0
BRDA:474,44,0,0
BRDA:474,44,1,0
BRDA:513,45,0,0
BRDA:513,45,1,0
BRDA:514,46,0,0
BRDA:514,46,1,0
BRDA:515,47,0,0
BRDA:515,47,1,0
BRDA:516,48,0,0
BRDA:516,48,1,0
BRDA:550,49,0,0
BRDA:550,49,1,0
BRDA:562,50,0,0
BRDA:562,50,1,0
BRDA:570,51,0,0
BRDA:570,51,1,0
BRDA:571,52,0,0
BRDA:571,52,1,0
BRDA:572,53,0,0
BRDA:572,53,1,0
BRDA:572,54,0,0
BRDA:572,54,1,0
BRDA:586,55,0,0
BRDA:586,55,1,0
BRDA:587,56,0,0
BRDA:587,56,1,0
BRDA:589,57,0,0
BRDA:589,57,1,0
BRDA:591,58,0,0
BRDA:591,58,1,0
BRDA:592,59,0,0
BRDA:592,59,1,0
BRDA:593,60,0,0
BRDA:593,60,1,0
BRDA:594,61,0,0
BRDA:594,61,1,0
BRDA:601,62,0,0
BRDA:601,62,1,0
BRDA:601,63,0,0
BRDA:601,63,1,0
BRDA:605,64,0,0
BRDA:605,64,1,0
BRDA:612,65,0,0
BRDA:612,65,1,0
BRDA:613,66,0,0
BRDA:613,66,1,0
BRDA:614,67,0,0
BRDA:614,67,1,0
BRDA:616,68,0,0
BRDA:616,68,1,0
BRDA:694,69,0,0
BRDA:694,69,1,0
BRDA:706,70,0,0
BRDA:706,70,1,0
BRDA:709,71,0,0
BRDA:709,71,1,0
BRDA:710,72,0,0
BRDA:710,72,1,0
BRDA:713,73,0,0
BRDA:713,73,1,0
BRDA:723,74,0,0
BRDA:723,74,1,0
BRDA:724,75,0,0
BRDA:724,75,1,0
BRF:153
BRH:0
end_of_record
TN:
SF:app/api/events/route.ts
FN:26,POST
FN:62,(anonymous_5)
FN:126,GET
FNF:3
FNH:0
FNDA:0,POST
FNDA:0,(anonymous_5)
FNDA:0,GET
DA:1,0
DA:2,0
DA:3,0
DA:4,0
DA:6,0
DA:9,0
DA:26,0
DA:28,0
DA:29,0
DA:31,0
DA:32,0
DA:39,0
DA:40,0
DA:44,0
DA:45,0
DA:46,0
DA:51,0
DA:52,0
DA:54,0
DA:57,0
DA:58,0
DA:59,0
DA:62,0
DA:72,0
DA:76,0
DA:79,0
DA:89,0
DA:91,0
DA:92,0
DA:103,0
DA:104,0
DA:111,0
DA:120,0
DA:121,0
DA:126,0
DA:127,0
LF:36
LH:0
BRDA:31,0,0,0
BRDA:31,0,1,0
BRDA:39,1,0,0
BRDA:39,1,1,0
BRDA:45,2,0,0
BRDA:45,2,1,0
BRDA:45,3,0,0
BRDA:45,3,1,0
BRDA:58,4,0,0
BRDA:58,4,1,0
BRDA:72,5,0,0
BRDA:72,5,1,0
BRDA:72,5,2,0
BRDA:89,6,0,0
BRDA:89,6,1,0
BRDA:91,7,0,0
BRDA:91,7,1,0
BRF:17
BRH:0
end_of_record
TN:
SF:app/api/health/route.ts
FN:31,GET
FNF:1
FNH:0
FNDA:0,GET
DA:1,0
DA:2,0
DA:3,0
DA:5,0
DA:29,0
DA:31,0
DA:32,0
DA:43,0
DA:46,0
DA:47,0
DA:48,0
DA:49,0
DA:54,0
DA:56,0
DA:57,0
DA:58,0
DA:59,0
DA:62,0
DA:63,0
DA:64,0
DA:67,0
DA:68,0
DA:69,0
DA:73,0
DA:74,0
DA:75,0
DA:76,0
DA:77,0
DA:78,0
DA:83,0
DA:91,0
DA:93,0
LF:32
LH:0
BRDA:46,0,0,0
BRDA:46,0,1,0
BRDA:56,1,0,0
BRDA:56,1,1,0
BRDA:63,2,0,0
BRDA:63,2,1,0
BRDA:86,3,0,0
BRDA:86,3,1,0
BRDA:91,4,0,0
BRDA:91,4,1,0
BRDA:91,5,0,0
BRDA:91,5,1,0
BRF:12
BRH:0
end_of_record
TN:
SF:app/api/llm-usage/route.ts
FN:7,POST
FN:88,GET
FNF:2
FNH:0
FNDA:0,POST
FNDA:0,GET
DA:1,0
DA:2,0
DA:3,0
DA:5,0
DA:7,0
DA:9,0
DA:10,0
DA:14,0
DA:15,0
DA:16,0
DA:21,0
DA:22,0
DA:24,0
DA:38,0
DA:41,0
DA:42,0
DA:45,0
DA:46,0
DA:47,0
DA:48,0
DA:51,0
DA:53,0
DA:55,0
DA:70,0
DA:71,0
DA:72,0
DA:75,0
DA:82,0
DA:83,0
DA:88,0
DA:89,0
LF:31
LH:0
BRDA:9,0,0,0
BRDA:9,0,1,0
BRDA:15,1,0,0
BRDA:15,1,1,0
BRDA:15,2,0,0
BRDA:15,2,1,0
BRDA:41,3,0,0
BRDA:41,3,1,0
BRDA:41,4,0,0
BRDA:41,4,1,0
BRDA:45,5,0,0
BRDA:45,5,1,0
BRDA:46,6,0,0
BRDA:46,6,1,0
BRDA:47,7,0,0
BRDA:47,7,1,0
BRDA:48,8,0,0
BRDA:48,8,1,0
BRDA:51,9,0,0
BRDA:51,9,1,0
BRDA:60,10,0,0
BRDA:60,10,1,0
BRDA:66,11,0,0
BRDA:66,11,1,0
BRDA:67,12,0,0
BRDA:67,12,1,0
BRDA:70,13,0,0
BRDA:70,13,1,0
BRF:28
BRH:0
end_of_record
TN:
SF:app/api/metrics/by-campaign/route.ts
FN:32,fetchByCampaignData
FN:118,(anonymous_4)
FN:148,(anonymous_5)
FN:158,GET
FN:201,(anonymous_7)
FNF:5
FNH:0
FNDA:0,fetchByCampaignData
FNDA:0,(anonymous_4)
FNDA:0,(anonymous_5)
FNDA:0,GET
FNDA:0,(anonymous_7)
DA:1,0
DA:2,0
DA:3,0
DA:4,0
DA:5,0
DA:6,0
DA:8,0
DA:37,0
DA:38,0
DA:48,0
DA:54,0
DA:61,0
DA:62,0
DA:63,0
DA:67,0
DA:72,0
DA:73,0
DA:74,0
DA:78,0
DA:85,0
DA:86,0
DA:88,0
DA:90,0
DA:96,0
DA:105,0
DA:106,0
DA:107,0
DA:108,0
DA:110,0
DA:112,0
DA:113,0
DA:118,0
DA:119,0
DA:122,0
DA:125,0
DA:128,0
DA:129,0
DA:133,0
DA:148,0
DA:150,0
DA:158,0
DA:160,0
DA:161,0
DA:163,0
DA:164,0
DA:170,0
DA:171,0
DA:172,0
DA:173,0
DA:176,0
DA:177,0
DA:180,0
DA:181,0
DA:182,0
DA:190,0
DA:192,0
DA:199,0
DA:201,0
DA:205,0
DA:207,0
DA:208,0
LF:61
LH:0
BRDA:37,0,0,0
BRDA:37,0,1,0
BRDA:72,1,0,0
BRDA:72,1,1,0
BRDA:85,2,0,0
BRDA:85,2,1,0
BRDA:86,3,0,0
BRDA:86,3,1,0
BRDA:88,4,0,0
BRDA:88,4,1,0
BRDA:90,5,0,0
BRDA:90,5,1,0
BRDA:97,6,0,0
BRDA:97,6,1,0
BRDA:98,7,0,0
BRDA:98,7,1,0
BRDA:99,8,0,0
BRDA:99,8,1,0
BRDA:100,9,0,0
BRDA:100,9,1,0
BRDA:106,10,0,0
BRDA:106,10,1,0
BRDA:107,11,0,0
BRDA:107,11,1,0
BRDA:108,12,0,0
BRDA:108,12,1,0
BRDA:110,13,0,0
BRDA:110,13,1,0
BRDA:112,14,0,0
BRDA:112,14,1,0
BRDA:113,15,0,0
BRDA:113,15,1,0
BRDA:119,16,0,0
BRDA:119,16,1,0
BRDA:122,17,0,0
BRDA:122,17,1,0
BRDA:125,18,0,0
BRDA:125,18,1,0
BRDA:128,19,0,0
BRDA:128,19,1,0
BRDA:129,20,0,0
BRDA:129,20,1,0
BRDA:163,21,0,0
BRDA:163,21,1,0
BRDA:173,22,0,0
BRDA:173,22,1,0
BRDA:176,23,0,0
BRDA:176,23,1,0
BRDA:177,24,0,0
BRDA:177,24,1,0
BRDA:180,25,0,0
BRDA:180,25,1,0
BRF:52
BRH:0
end_of_record
TN:
SF:app/api/metrics/by-sender/route.ts
FN:46,fetchBySenderData
FN:84,(anonymous_4)
FN:165,(anonymous_5)
FN:182,(anonymous_6)
FN:188,(anonymous_7)
FN:189,(anonymous_8)
FN:195,GET
FN:232,(anonymous_10)
FNF:8
FNH:0
FNDA:0,fetchBySenderData
FNDA:0,(anonymous_4)
FNDA:0,(anonymous_5)
FNDA:0,(anonymous_6)
FNDA:0,(anonymous_7)
FNDA:0,(anonymous_8)
FNDA:0,GET
FNDA:0,(anonymous_10)
DA:1,0
DA:10,0
DA:11,0
DA:12,0
DA:13,0
DA:16,0
DA:56,0
DA:63,0
DA:64,0
DA:67,0
DA:68,0
DA:72,0
DA:73,0
DA:76,0
DA:78,0
DA:79,0
DA:80,0
DA:84,0
DA:86,0
DA:87,0
DA:88,0
DA:93,0
DA:94,0
DA:95,0
DA:101,0
DA:112,0
DA:114,0
DA:118,0
DA:122,0
DA:123,0
DA:135,0
DA:137,0
DA:138,0
DA:141,0
DA:144,0
DA:145,0
DA:147,0
DA:148,0
DA:150,0
DA:151,0
DA:153,0
DA:154,0
DA:156,0
DA:157,0
DA:159,0
DA:160,0
DA:165,0
DA:182,0
DA:184,0
DA:188,0
DA:189,0
DA:195,0
DA:197,0
DA:198,0
DA:200,0
DA:201,0
DA:207,0
DA:208,0
DA:209,0
DA:211,0
DA:212,0
DA:213,0
DA:217,0
DA:218,0
DA:221,0
DA:230,0
DA:232,0
DA:243,0
DA:245,0
LF:69
LH:0
BRDA:63,0,0,0
BRDA:63,0,1,0
BRDA:72,1,0,0
BRDA:72,1,1,0
BRDA:78,2,0,0
BRDA:78,2,1,0
BRDA:84,3,0,0
BRDA:84,3,1,0
BRDA:87,4,0,0
BRDA:87,4,1,0
BRDA:93,5,0,0
BRDA:93,5,1,0
BRDA:94,6,0,0
BRDA:94,6,1,0
BRDA:112,7,0,0
BRDA:112,7,1,0
BRDA:114,8,0,0
BRDA:114,8,1,0
BRDA:118,9,0,0
BRDA:118,9,1,0
BRDA:118,9,2,0
BRDA:122,10,0,0
BRDA:122,10,1,0
BRDA:137,11,0,0
BRDA:137,11,1,0
BRDA:141,12,0,0
BRDA:141,12,1,0
BRDA:141,12,2,0
BRDA:141,12,3,0
BRDA:141,12,4,0
BRDA:141,12,5,0
BRDA:141,12,6,0
BRDA:173,13,0,0
BRDA:173,13,1,0
BRDA:174,14,0,0
BRDA:174,14,1,0
BRDA:175,15,0,0
BRDA:175,15,1,0
BRDA:176,16,0,0
BRDA:176,16,1,0
BRDA:200,17,0,0
BRDA:200,17,1,0
BRDA:209,18,0,0
BRDA:209,18,1,0
BRDA:224,19,0,0
BRDA:224,19,1,0
BRDA:225,20,0,0
BRDA:225,20,1,0
BRF:48
BRH:0
end_of_record
TN:
SF:app/api/metrics/cost-breakdown/route.ts
FN:39,emptyResponse
FN:51,fetchCostBreakdown
FN:157,(anonymous_5)
FN:164,(anonymous_6)
FN:167,(anonymous_7)
FN:175,(anonymous_8)
FN:178,(anonymous_9)
FN:179,(anonymous_10)
FN:181,(anonymous_11)
FN:182,(anonymous_12)
FN:183,(anonymous_13)
FN:184,(anonymous_14)
FN:201,GET
FN:245,(anonymous_16)
FNF:14
FNH:0
FNDA:0,emptyResponse
FNDA:0,fetchCostBreakdown
FNDA:0,(anonymous_5)
FNDA:0,(anonymous_6)
FNDA:0,(anonymous_7)
FNDA:0,(anonymous_8)
FNDA:0,(anonymous_9)
FNDA:0,(anonymous_10)
FNDA:0,(anonymous_11)
FNDA:0,(anonymous_12)
FNDA:0,(anonymous_13)
FNDA:0,(anonymous_14)
FNDA:0,GET
FNDA:0,(anonymous_16)
DA:1,0
DA:2,0
DA:3,0
DA:4,0
DA:5,0
DA:6,0
DA:8,0
DA:40,0
DA:58,0
DA:59,0
DA:64,0
DA:71,0
DA:72,0
DA:75,0
DA:76,0
DA:80,0
DA:81,0
DA:84,0
DA:86,0
DA:87,0
DA:88,0
DA:92,0
DA:100,0
DA:109,0
DA:111,0
DA:112,0
DA:113,0
DA:114,0
DA:115,0
DA:116,0
DA:117,0
DA:120,0
DA:126,0
DA:134,0
DA:135,0
DA:142,0
DA:151,0
DA:152,0
DA:156,0
DA:157,0
DA:164,0
DA:166,0
DA:167,0
DA:175,0
DA:177,0
DA:178,0
DA:179,0
DA:181,0
DA:182,0
DA:183,0
DA:184,0
DA:186,0
DA:201,0
DA:203,0
DA:204,0
DA:206,0
DA:207,0
DA:214,0
DA:215,0
DA:221,0
DA:222,0
DA:223,0
DA:224,0
DA:225,0
DA:226,0
DA:229,0
DA:230,0
DA:232,0
DA:234,0
DA:243,0
DA:245,0
DA:249,0
DA:251,0
DA:252,0
LF:74
LH:0
BRDA:58,0,0,0
BRDA:58,0,1,0
BRDA:71,1,0,0
BRDA:71,1,1,0
BRDA:80,2,0,0
BRDA:80,2,1,0
BRDA:80,3,0,0
BRDA:80,3,1,0
BRDA:86,4,0,0
BRDA:86,4,1,0
BRDA:111,5,0,0
BRDA:111,5,1,0
BRDA:112,6,0,0
BRDA:112,6,1,0
BRDA:113,7,0,0
BRDA:113,7,1,0
BRDA:114,8,0,0
BRDA:114,8,1,0
BRDA:115,9,0,0
BRDA:115,9,1,0
BRDA:116,10,0,0
BRDA:116,10,1,0
BRDA:117,11,0,0
BRDA:117,11,1,0
BRDA:120,12,0,0
BRDA:120,12,1,0
BRDA:135,13,0,0
BRDA:135,13,1,0
BRDA:151,14,0,0
BRDA:151,14,1,0
BRDA:206,15,0,0
BRDA:206,15,1,0
BRDA:214,16,0,0
BRDA:214,16,1,0
BRDA:226,17,0,0
BRDA:226,17,1,0
BRDA:229,18,0,0
BRDA:229,18,1,0
BRDA:230,19,0,0
BRDA:230,19,1,0
BRDA:237,20,0,0
BRDA:237,20,1,0
BRDA:238,21,0,0
BRDA:238,21,1,0
BRF:44
BRH:0
end_of_record
TN:
SF:app/api/metrics/step-breakdown/route.ts
FN:36,fetchStepBreakdownData
FN:110,(anonymous_4)
FN:130,(anonymous_5)
FN:161,GET
FN:209,(anonymous_7)
FNF:5
FNH:0
FNDA:0,fetchStepBreakdownData
FNDA:0,(anonymous_4)
FNDA:0,(anonymous_5)
FNDA:0,GET
FNDA:0,(anonymous_7)
DA:1,0
DA:2,0
DA:3,0
DA:4,0
DA:5,0
DA:6,0
DA:8,0
DA:42,0
DA:43,0
DA:56,0
DA:64,0
DA:65,0
DA:68,0
DA:69,0
DA:73,0
DA:75,0
DA:76,0
DA:77,0
DA:81,0
DA:82,0
DA:83,0
DA:85,0
DA:86,0
DA:87,0
DA:88,0
DA:89,0
DA:90,0
DA:92,0
DA:95,0
DA:96,0
DA:100,0
DA:101,0
DA:104,0
DA:110,0
DA:118,0
DA:119,0
DA:120,0
DA:122,0
DA:123,0
DA:124,0
DA:130,0
DA:131,0
DA:134,0
DA:135,0
DA:136,0
DA:140,0
DA:141,0
DA:144,0
DA:147,0
DA:161,0
DA:163,0
DA:164,0
DA:166,0
DA:167,0
DA:173,0
DA:174,0
DA:175,0
DA:176,0
DA:177,0
DA:180,0
DA:181,0
DA:184,0
DA:185,0
DA:186,0
DA:197,0
DA:199,0
DA:207,0
DA:209,0
DA:213,0
DA:215,0
DA:216,0
LF:71
LH:0
BRDA:42,0,0,0
BRDA:42,0,1,0
BRDA:64,1,0,0
BRDA:64,1,1,0
BRDA:75,2,0,0
BRDA:75,2,1,0
BRDA:85,3,0,0
BRDA:85,3,1,0
BRDA:86,4,0,0
BRDA:86,4,1,0
BRDA:87,5,0,0
BRDA:87,5,1,0
BRDA:89,6,0,0
BRDA:89,6,1,0
BRDA:89,7,0,0
BRDA:89,7,1,0
BRDA:95,8,0,0
BRDA:95,8,1,0
BRDA:95,9,0,0
BRDA:95,9,1,0
BRDA:101,10,0,0
BRDA:101,10,1,0
BRDA:113,11,0,0
BRDA:113,11,1,0
BRDA:114,12,0,0
BRDA:114,12,1,0
BRDA:126,13,0,0
BRDA:126,13,1,0
BRDA:140,14,0,0
BRDA:140,14,1,0
BRDA:140,15,0,0
BRDA:140,15,1,0
BRDA:166,16,0,0
BRDA:166,16,1,0
BRDA:177,17,0,0
BRDA:177,17,1,0
BRDA:180,18,0,0
BRDA:180,18,1,0
BRDA:181,19,0,0
BRDA:181,19,1,0
BRDA:184,20,0,0
BRDA:184,20,1,0
BRDA:202,21,0,0
BRDA:202,21,1,0
BRF:44
BRH:0
end_of_record
TN:
SF:app/api/metrics/summary/route.ts
FN:36,emptyResponse
FN:62,fetchSummaryData
FN:135,(anonymous_5)
FN:136,(anonymous_6)
FN:137,(anonymous_7)
FN:138,(anonymous_8)
FN:139,(anonymous_9)
FN:140,(anonymous_10)
FN:162,(anonymous_11)
FN:169,(anonymous_12)
FN:170,(anonymous_13)
FN:171,(anonymous_14)
FN:208,GET
FN:248,(anonymous_16)
FNF:14
FNH:0
FNDA:0,emptyResponse
FNDA:0,fetchSummaryData
FNDA:0,(anonymous_5)
FNDA:0,(anonymous_6)
FNDA:0,(anonymous_7)
FNDA:0,(anonymous_8)
FNDA:0,(anonymous_9)
FNDA:0,(anonymous_10)
FNDA:0,(anonymous_11)
FNDA:0,(anonymous_12)
FNDA:0,(anonymous_13)
FNDA:0,(anonymous_14)
FNDA:0,GET
FNDA:0,(anonymous_16)
DA:1,0
DA:2,0
DA:3,0
DA:4,0
DA:5,0
DA:6,0
DA:8,0
DA:37,0
DA:68,0
DA:69,0
DA:73,0
DA:76,0
DA:79,0
DA:87,0
DA:94,0
DA:101,0
DA:108,0
DA:109,0
DA:110,0
DA:111,0
DA:113,0
DA:114,0
DA:115,0
DA:116,0
DA:121,0
DA:127,0
DA:128,0
DA:129,0
DA:133,0
DA:134,0
DA:135,0
DA:136,0
DA:137,0
DA:138,0
DA:139,0
DA:140,0
DA:144,0
DA:147,0
DA:150,0
DA:153,0
DA:156,0
DA:161,0
DA:162,0
DA:167,0
DA:168,0
DA:169,0
DA:170,0
DA:171,0
DA:174,0
DA:179,0
DA:182,0
DA:184,0
DA:208,0
DA:210,0
DA:211,0
DA:213,0
DA:214,0
DA:220,0
DA:221,0
DA:222,0
DA:223,0
DA:224,0
DA:227,0
DA:228,0
DA:231,0
DA:232,0
DA:233,0
DA:236,0
DA:238,0
DA:246,0
DA:248,0
DA:252,0
DA:254,0
DA:255,0
LF:74
LH:0
BRDA:36,0,0,0
BRDA:68,1,0,0
BRDA:68,1,1,0
BRDA:108,2,0,0
BRDA:108,2,1,0
BRDA:127,3,0,0
BRDA:127,3,1,0
BRDA:133,4,0,0
BRDA:133,4,1,0
BRDA:144,5,0,0
BRDA:144,5,1,0
BRDA:147,6,0,0
BRDA:147,6,1,0
BRDA:150,7,0,0
BRDA:150,7,1,0
BRDA:153,8,0,0
BRDA:153,8,1,0
BRDA:156,9,0,0
BRDA:156,9,1,0
BRDA:161,10,0,0
BRDA:161,10,1,0
BRDA:162,11,0,0
BRDA:162,11,1,0
BRDA:167,12,0,0
BRDA:167,12,1,0
BRDA:174,13,0,0
BRDA:174,13,1,0
BRDA:179,14,0,0
BRDA:179,14,1,0
BRDA:213,15,0,0
BRDA:213,15,1,0
BRDA:227,16,0,0
BRDA:227,16,1,0
BRDA:228,17,0,0
BRDA:228,17,1,0
BRDA:231,18,0,0
BRDA:231,18,1,0
BRDA:241,19,0,0
BRDA:241,19,1,0
BRF:39
BRH:0
end_of_record
TN:
SF:app/api/metrics/timeseries/route.ts
FN:20,fetchTimeseriesData
FN:77,(anonymous_4)
FN:123,(anonymous_5)
FN:169,GET
FN:216,(anonymous_7)
FN:234,fillMissingDays
FN:239,(anonymous_9)
FNF:7
FNH:0
FNDA:0,fetchTimeseriesData
FNDA:0,(anonymous_4)
FNDA:0,(anonymous_5)
FNDA:0,GET
FNDA:0,(anonymous_7)
FNDA:0,fillMissingDays
FNDA:0,(anonymous_9)
DA:1,0
DA:2,0
DA:3,0
DA:4,0
DA:5,0
DA:6,0
DA:8,0
DA:27,0
DA:28,0
DA:39,0
DA:47,0
DA:48,0
DA:51,0
DA:52,0
DA:57,0
DA:58,0
DA:60,0
DA:61,0
DA:68,0
DA:69,0
DA:72,0
DA:73,0
DA:77,0
DA:84,0
DA:89,0
DA:90,0
DA:91,0
DA:101,0
DA:103,0
DA:104,0
DA:105,0
DA:114,0
DA:115,0
DA:116,0
DA:117,0
DA:118,0
DA:123,0
DA:126,0
DA:128,0
DA:129,0
DA:130,0
DA:132,0
DA:133,0
DA:135,0
DA:136,0
DA:138,0
DA:139,0
DA:141,0
DA:142,0
DA:144,0
DA:145,0
DA:147,0
DA:148,0
DA:150,0
DA:151,0
DA:154,0
DA:155,0
DA:158,0
DA:161,0
DA:169,0
DA:171,0
DA:172,0
DA:174,0
DA:175,0
DA:181,0
DA:182,0
DA:183,0
DA:184,0
DA:185,0
DA:186,0
DA:189,0
DA:190,0
DA:193,0
DA:194,0
DA:203,0
DA:205,0
DA:214,0
DA:216,0
DA:220,0
DA:222,0
DA:223,0
DA:239,0
DA:240,0
DA:242,0
DA:243,0
DA:245,0
DA:246,0
DA:247,0
DA:253,0
LF:89
LH:0
BRDA:27,0,0,0
BRDA:27,0,1,0
BRDA:47,1,0,0
BRDA:47,1,1,0
BRDA:57,2,0,0
BRDA:57,2,1,0
BRDA:60,3,0,0
BRDA:60,3,1,0
BRDA:60,4,0,0
BRDA:60,4,1,0
BRDA:68,5,0,0
BRDA:68,5,1,0
BRDA:86,6,0,0
BRDA:86,6,1,0
BRDA:89,7,0,0
BRDA:89,7,1,0
BRDA:103,8,0,0
BRDA:103,8,1,0
BRDA:104,9,0,0
BRDA:104,9,1,0
BRDA:106,10,0,0
BRDA:106,10,1,0
BRDA:107,11,0,0
BRDA:107,11,1,0
BRDA:108,12,0,0
BRDA:108,12,1,0
BRDA:109,13,0,0
BRDA:109,13,1,0
BRDA:115,14,0,0
BRDA:115,14,1,0
BRDA:115,15,0,0
BRDA:115,15,1,0
BRDA:118,16,0,0
BRDA:118,16,1,0
BRDA:126,17,0,0
BRDA:126,17,1,0
BRDA:126,17,2,0
BRDA:126,17,3,0
BRDA:126,17,4,0
BRDA:126,17,5,0
BRDA:126,17,6,0
BRDA:126,17,7,0
BRDA:126,17,8,0
BRDA:126,17,9,0
BRDA:128,18,0,0
BRDA:128,18,1,0
BRDA:129,19,0,0
BRDA:129,19,1,0
BRDA:132,20,0,0
BRDA:132,20,1,0
BRDA:135,21,0,0
BRDA:135,21,1,0
BRDA:138,22,0,0
BRDA:138,22,1,0
BRDA:141,23,0,0
BRDA:141,23,1,0
BRDA:174,24,0,0
BRDA:174,24,1,0
BRDA:182,25,0,0
BRDA:182,25,1,0
BRDA:189,26,0,0
BRDA:189,26,1,0
BRDA:190,27,0,0
BRDA:190,27,1,0
BRDA:193,28,0,0
BRDA:193,28,1,0
BRDA:209,29,0,0
BRDA:209,29,1,0
BRDA:249,30,0,0
BRDA:249,30,1,0
BRF:70
BRH:0
end_of_record
TN:
SF:app/api/sheets/route.ts
FN:12,GET
FNF:1
FNH:0
FNDA:0,GET
DA:1,0
DA:7,0
DA:9,0
DA:12,0
DA:13,0
DA:14,0
DA:15,0
DA:17,0
DA:18,0
DA:20,0
DA:21,0
DA:27,0
DA:29,0
DA:36,0
DA:43,0
DA:50,0
DA:58,0
DA:64,0
DA:65,0
LF:19
LH:0
BRDA:14,0,0,0
BRDA:14,0,1,0
BRDA:15,1,0,0
BRDA:15,1,1,0
BRDA:20,2,0,0
BRDA:20,2,1,0
BRDA:27,3,0,0
BRDA:27,3,1,0
BRDA:27,3,2,0
BRDA:27,3,3,0
BRDA:27,3,4,0
BRF:11
BRH:0
end_of_record
TN:
SF:app/api/track/click/route.ts
FN:6,GET
FN:44,trackClickEvent
FNF:2
FNH:0
FNDA:0,GET
FNDA:0,trackClickEvent
DA:1,0
DA:2,0
DA:4,0
DA:6,0
DA:7,0
DA:10,0
DA:11,0
DA:12,0
DA:13,0
DA:14,0
DA:17,0
DA:18,0
DA:23,0
DA:25,0
DA:26,0
DA:27,0
DA:30,0
DA:31,0
DA:35,0
DA:37,0
DA:41,0
DA:51,0
DA:53,0
DA:55,0
DA:67,0
DA:70,0
DA:84,0
DA:86,0
LF:28
LH:0
BRDA:10,0,0,0
BRDA:10,0,1,0
BRDA:11,1,0,0
BRDA:11,1,1,0
BRDA:12,2,0,0
BRDA:12,2,1,0
BRDA:12,2,2,0
BRDA:13,3,0,0
BRDA:13,3,1,0
BRDA:13,3,2,0
BRDA:14,4,0,0
BRDA:14,4,1,0
BRDA:14,4,2,0
BRDA:17,5,0,0
BRDA:17,5,1,0
BRDA:35,6,0,0
BRDA:35,6,1,0
BRDA:35,7,0,0
BRDA:35,7,1,0
BRDA:51,8,0,0
BRDA:51,8,1,0
BRDA:67,9,0,0
BRDA:67,9,1,0
BRF:23
BRH:0
end_of_record
TN:
SF:app/api/track/open/route.ts
FN:12,GET
FN:42,trackOpenEvent
FNF:2
FNH:0
FNDA:0,GET
FNDA:0,trackOpenEvent
DA:1,0
DA:2,0
DA:5,0
DA:10,0
DA:12,0
DA:13,0
DA:16,0
DA:17,0
DA:18,0
DA:19,0
DA:22,0
DA:34,0
DA:36,0
DA:39,0
DA:48,0
DA:50,0
DA:52,0
DA:53,0
DA:62,0
DA:64,0
DA:69,0
DA:81,0
DA:84,0
DA:98,0
DA:100,0
LF:25
LH:0
BRDA:16,0,0,0
BRDA:16,0,1,0
BRDA:17,1,0,0
BRDA:17,1,1,0
BRDA:17,1,2,0
BRDA:18,2,0,0
BRDA:18,2,1,0
BRDA:18,2,2,0
BRDA:19,3,0,0
BRDA:19,3,1,0
BRDA:34,4,0,0
BRDA:34,4,1,0
BRDA:34,5,0,0
BRDA:34,5,1,0
BRDA:48,6,0,0
BRDA:48,6,1,0
BRDA:52,7,0,0
BRDA:52,7,1,0
BRDA:62,8,0,0
BRDA:62,8,1,0
BRDA:62,9,0,0
BRDA:62,9,1,0
BRDA:81,10,0,0
BRDA:81,10,1,0
BRF:24
BRH:0
end_of_record
TN:
SF:app/api/workspaces/route.ts
FN:25,GET
FN:140,(anonymous_5)
FN:146,(anonymous_6)
FN:147,(anonymous_7)
FN:183,POST
FNF:5
FNH:0
FNDA:0,GET
FNDA:0,(anonymous_5)
FNDA:0,(anonymous_6)
FNDA:0,(anonymous_7)
FNDA:0,POST
DA:1,0
DA:2,0
DA:3,0
DA:9,0
DA:10,0
DA:12,0
DA:14,0
DA:25,0
DA:27,0
DA:28,0
DA:30,0
DA:31,0
DA:38,0
DA:39,0
DA:58,0
DA:60,0
DA:63,0
DA:64,0
DA:66,0
DA:69,0
DA:70,0
DA:76,0
DA:94,0
DA:95,0
DA:99,0
DA:101,0
DA:102,0
DA:104,0
DA:110,0
DA:131,0
DA:140,0
DA:141,0
DA:146,0
DA:147,0
DA:148,0
DA:161,0
DA:167,0
DA:168,0
DA:183,0
DA:185,0
DA:186,0
DA:188,0
DA:189,0
DA:196,0
DA:197,0
DA:198,0
DA:205,0
DA:206,0
DA:212,0
DA:213,0
DA:214,0
DA:216,0
DA:217,0
DA:224,0
DA:226,0
DA:227,0
DA:233,0
DA:245,0
DA:246,0
LF:59
LH:0
BRDA:30,0,0,0
BRDA:30,0,1,0
BRDA:38,1,0,0
BRDA:38,1,1,0
BRDA:66,2,0,0
BRDA:66,2,1,0
BRDA:69,3,0,0
BRDA:69,3,1,0
BRDA:77,4,0,0
BRDA:77,4,1,0
BRDA:83,5,0,0
BRDA:83,5,1,0
BRDA:99,6,0,0
BRDA:99,6,1,0
BRDA:101,7,0,0
BRDA:101,7,1,0
BRDA:113,8,0,0
BRDA:113,8,1,0
BRDA:114,9,0,0
BRDA:114,9,1,0
BRDA:115,10,0,0
BRDA:115,10,1,0
BRDA:120,11,0,0
BRDA:120,11,1,0
BRDA:121,12,0,0
BRDA:121,12,1,0
BRDA:122,13,0,0
BRDA:122,13,1,0
BRDA:150,14,0,0
BRDA:150,14,1,0
BRDA:151,15,0,0
BRDA:151,15,1,0
BRDA:152,16,0,0
BRDA:152,16,1,0
BRDA:153,17,0,0
BRDA:153,17,1,0
BRDA:163,18,0,0
BRDA:163,18,1,0
BRDA:188,19,0,0
BRDA:188,19,1,0
BRDA:197,20,0,0
BRDA:197,20,1,0
BRDA:205,21,0,0
BRDA:205,21,1,0
BRDA:216,22,0,0
BRDA:216,22,1,0
BRDA:216,23,0,0
BRDA:216,23,1,0
BRDA:216,23,2,0
BRDA:226,24,0,0
BRDA:226,24,1,0
BRDA:226,25,0,0
BRDA:226,25,1,0
BRDA:228,26,0,0
BRDA:228,26,1,0
BRF:55
BRH:0
end_of_record
TN:
SF:app/api/workspaces/[workspaceId]/invites/route.ts
FN:12,GET
FN:63,POST
FN:155,DELETE
FN:210,generateInviteCode
FNF:4
FNH:0
FNDA:0,GET
FNDA:0,POST
FNDA:0,DELETE
FNDA:0,generateInviteCode
DA:1,0
DA:2,0
DA:3,0
DA:4,0
DA:6,0
DA:12,0
DA:16,0
DA:17,0
DA:19,0
DA:20,0
DA:23,0
DA:24,0
DA:27,0
DA:30,0
DA:31,0
DA:32,0
DA:39,0
DA:45,0
DA:46,0
DA:47,0
DA:50,0
DA:54,0
DA:55,0
DA:63,0
DA:67,0
DA:68,0
DA:70,0
DA:71,0
DA:74,0
DA:75,0
DA:78,0
DA:81,0
DA:82,0
DA:83,0
DA:89,0
DA:94,0
DA:97,0
DA:98,0
DA:99,0
DA:106,0
DA:109,0
DA:110,0
DA:111,0
DA:112,0
DA:116,0
DA:129,0
DA:130,0
DA:131,0
DA:134,0
DA:145,0
DA:146,0
DA:155,0
DA:159,0
DA:160,0
DA:162,0
DA:163,0
DA:166,0
DA:167,0
DA:170,0
DA:173,0
DA:174,0
DA:175,0
DA:181,0
DA:183,0
DA:184,0
DA:188,0
DA:194,0
DA:195,0
DA:196,0
DA:199,0
DA:201,0
DA:202,0
DA:211,0
DA:212,0
DA:213,0
DA:214,0
DA:216,0
LF:77
LH:0
BRDA:19,0,0,0
BRDA:19,0,1,0
BRDA:23,1,0,0
BRDA:23,1,1,0
BRDA:31,2,0,0
BRDA:31,2,1,0
BRDA:45,3,0,0
BRDA:45,3,1,0
BRDA:51,4,0,0
BRDA:51,4,1,0
BRDA:70,5,0,0
BRDA:70,5,1,0
BRDA:74,6,0,0
BRDA:74,6,1,0
BRDA:82,7,0,0
BRDA:82,7,1,0
BRDA:91,8,0,0
BRDA:92,9,0,0
BRDA:93,10,0,0
BRDA:98,11,0,0
BRDA:98,11,1,0
BRDA:110,12,0,0
BRDA:110,12,1,0
BRDA:129,13,0,0
BRDA:129,13,1,0
BRDA:162,14,0,0
BRDA:162,14,1,0
BRDA:166,15,0,0
BRDA:166,15,1,0
BRDA:174,16,0,0
BRDA:174,16,1,0
BRDA:183,17,0,0
BRDA:183,17,1,0
BRDA:194,18,0,0
BRDA:194,18,1,0
BRF:35
BRH:0
end_of_record
TN:
SF:app/api/workspaces/[workspaceId]/members/route.ts
FN:29,GET
FN:85,POST
FN:165,PATCH
FN:254,DELETE
FNF:4
FNH:0
FNDA:0,GET
FNDA:0,POST
FNDA:0,PATCH
FNDA:0,DELETE
DA:1,0
DA:2,0
DA:3,0
DA:11,0
DA:13,0
DA:15,0
DA:29,0
DA:30,0
DA:33,0
DA:34,0
DA:36,0
DA:37,0
DA:44,0
DA:45,0
DA:46,0
DA:53,0
DA:54,0
DA:55,0
DA:62,0
DA:64,0
DA:65,0
DA:71,0
DA:85,0
DA:86,0
DA:89,0
DA:90,0
DA:92,0
DA:93,0
DA:100,0
DA:101,0
DA:102,0
DA:109,0
DA:110,0
DA:111,0
DA:117,0
DA:118,0
DA:119,0
DA:121,0
DA:122,0
DA:129,0
DA:130,0
DA:131,0
DA:138,0
DA:140,0
DA:141,0
DA:147,0
DA:152,0
DA:165,0
DA:166,0
DA:169,0
DA:170,0
DA:172,0
DA:173,0
DA:180,0
DA:181,0
DA:182,0
DA:189,0
DA:190,0
DA:191,0
DA:197,0
DA:198,0
DA:199,0
DA:201,0
DA:202,0
DA:209,0
DA:210,0
DA:211,0
DA:218,0
DA:219,0
DA:220,0
DA:227,0
DA:229,0
DA:230,0
DA:236,0
DA:241,0
DA:254,0
DA:255,0
DA:258,0
DA:259,0
DA:261,0
DA:262,0
DA:269,0
DA:270,0
DA:271,0
DA:278,0
DA:279,0
DA:280,0
DA:286,0
DA:287,0
DA:289,0
DA:290,0
DA:297,0
DA:298,0
DA:299,0
DA:306,0
DA:308,0
DA:309,0
DA:315,0
LF:98
LH:0
BRDA:36,0,0,0
BRDA:36,0,1,0
BRDA:45,1,0,0
BRDA:45,1,1,0
BRDA:54,2,0,0
BRDA:54,2,1,0
BRDA:64,3,0,0
BRDA:64,3,1,0
BRDA:92,4,0,0
BRDA:92,4,1,0
BRDA:101,5,0,0
BRDA:101,5,1,0
BRDA:110,6,0,0
BRDA:110,6,1,0
BRDA:119,7,0,0
BRDA:121,8,0,0
BRDA:121,8,1,0
BRDA:121,9,0,0
BRDA:121,9,1,0
BRDA:130,10,0,0
BRDA:130,10,1,0
BRDA:140,11,0,0
BRDA:140,11,1,0
BRDA:142,12,0,0
BRDA:142,12,1,0
BRDA:172,13,0,0
BRDA:172,13,1,0
BRDA:181,14,0,0
BRDA:181,14,1,0
BRDA:190,15,0,0
BRDA:190,15,1,0
BRDA:201,16,0,0
BRDA:201,16,1,0
BRDA:201,17,0,0
BRDA:201,17,1,0
BRDA:210,18,0,0
BRDA:210,18,1,0
BRDA:219,19,0,0
BRDA:219,19,1,0
BRDA:229,20,0,0
BRDA:229,20,1,0
BRDA:231,21,0,0
BRDA:231,21,1,0
BRDA:261,22,0,0
BRDA:261,22,1,0
BRDA:270,23,0,0
BRDA:270,23,1,0
BRDA:279,24,0,0
BRDA:279,24,1,0
BRDA:289,25,0,0
BRDA:289,25,1,0
BRDA:298,26,0,0
BRDA:298,26,1,0
BRDA:308,27,0,0
BRDA:308,27,1,0
BRDA:310,28,0,0
BRDA:310,28,1,0
BRF:57
BRH:0
end_of_record
TN:
SF:app/api/workspaces/join/route.ts
FN:11,POST
FNF:1
FNH:0
FNDA:0,POST
DA:1,0
DA:2,0
DA:3,0
DA:5,0
DA:11,0
DA:12,0
DA:14,0
DA:16,0
DA:17,0
DA:23,0
DA:24,0
DA:30,0
DA:32,0
DA:33,0
DA:40,0
DA:46,0
DA:47,0
DA:54,0
DA:55,0
DA:62,0
DA:63,0
DA:70,0
DA:77,0
DA:78,0
DA:85,0
DA:93,0
DA:94,0
DA:95,0
DA:102,0
DA:103,0
DA:109,0
DA:118,0
DA:119,0
LF:33
LH:0
BRDA:16,0,0,0
BRDA:16,0,1,0
BRDA:23,1,0,0
BRDA:23,1,1,0
BRDA:32,2,0,0
BRDA:32,2,1,0
BRDA:32,3,0,0
BRDA:32,3,1,0
BRDA:46,4,0,0
BRDA:46,4,1,0
BRDA:46,5,0,0
BRDA:46,5,1,0
BRDA:54,6,0,0
BRDA:54,6,1,0
BRDA:54,7,0,0
BRDA:54,7,1,0
BRDA:62,8,0,0
BRDA:62,8,1,0
BRDA:62,9,0,0
BRDA:62,9,1,0
BRDA:77,10,0,0
BRDA:77,10,1,0
BRDA:90,11,0,0
BRDA:90,11,1,0
BRDA:93,12,0,0
BRDA:93,12,1,0
BRDA:102,13,0,0
BRDA:102,13,1,0
BRDA:113,14,0,0
BRDA:113,14,1,0
BRF:30
BRH:0
end_of_record
TN:
SF:components/index.ts
FNF:0
FNH:0
DA:7,0
DA:8,0
DA:9,0
DA:10,0
DA:11,0
DA:12,0
DA:13,0
DA:14,0
DA:15,0
DA:16,0
DA:17,0
DA:18,0
DA:19,0
DA:20,0
DA:21,0
DA:24,0
DA:25,0
DA:26,0
DA:29,0
DA:30,0
DA:31,0
DA:32,0
DA:33,0
LF:23
LH:0
BRF:0
BRH:0
end_of_record
TN:
SF:components/dashboard/ask-ai.tsx
FN:21,AskAI
FN:28,(anonymous_2)
FN:51,(anonymous_3)
FN:56,(anonymous_4)
FN:63,(anonymous_5)
FN:93,(anonymous_6)
FN:111,(anonymous_7)
FN:131,(anonymous_8)
FN:137,(anonymous_9)
FNF:9
FNH:0
FNDA:0,AskAI
FNDA:0,(anonymous_2)
FNDA:0,(anonymous_3)
FNDA:0,(anonymous_4)
FNDA:0,(anonymous_5)
FNDA:0,(anonymous_6)
FNDA:0,(anonymous_7)
FNDA:0,(anonymous_8)
FNDA:0,(anonymous_9)
DA:3,0
DA:4,0
DA:5,0
DA:6,0
DA:7,0
DA:8,0
DA:14,0
DA:21,0
DA:22,0
DA:23,0
DA:24,0
DA:25,0
DA:26,0
DA:28,0
DA:29,0
DA:30,0
DA:32,0
DA:33,0
DA:34,0
DA:36,0
DA:37,0
DA:42,0
DA:43,0
DA:45,0
DA:47,0
DA:51,0
DA:52,0
DA:53,0
DA:56,0
DA:57,0
DA:58,0
DA:59,0
DA:63,0
DA:65,0
DA:94,0
DA:95,0
DA:111,0
DA:132,0
DA:137,0
LF:39
LH:0
BRDA:29,0,0,0
BRDA:29,0,1,0
BRDA:30,1,0,0
BRDA:30,1,1,0
BRDA:30,2,0,0
BRDA:30,2,1,0
BRDA:43,3,0,0
BRDA:43,3,1,0
BRDA:57,4,0,0
BRDA:57,4,1,0
BRDA:57,5,0,0
BRDA:57,5,1,0
BRDA:95,6,0,0
BRDA:95,6,1,0
BRDA:112,7,0,0
BRDA:112,7,1,0
BRDA:115,8,0,0
BRDA:124,9,0,0
BRDA:124,9,1,0
BRDA:155,10,0,0
BRDA:155,10,1,0
BRDA:155,10,2,0
BRDA:164,11,0,0
BRDA:157,12,0,0
BRDA:157,12,1,0
BRF:25
BRH:0
end_of_record
TN:
SF:components/dashboard/campaign-selector.tsx
FN:17,CampaignSelector
FN:26,(anonymous_5)
FN:92,(anonymous_6)
FNF:3
FNH:0
FNDA:0,CampaignSelector
FNDA:0,(anonymous_5)
FNDA:0,(anonymous_6)
DA:3,0
DA:4,0
DA:5,0
DA:6,0
DA:17,0
DA:24,0
DA:26,0
DA:27,0
DA:93,0
LF:9
LH:0
BRDA:21,0,0,0
BRDA:27,1,0,0
BRDA:27,1,1,0
BRDA:32,2,0,0
BRDA:32,2,1,0
BRDA:51,3,0,0
BRDA:51,3,1,0
BRDA:57,4,0,0
BRDA:57,4,1,0
BRDA:88,5,0,0
BRDA:110,6,0,0
BRDA:110,6,1,0
BRF:12
BRH:0
end_of_record
TN:
SF:components/dashboard/campaign-table.tsx
FN:30,CampaignTableComponent
FN:36,(anonymous_2)
FN:47,(anonymous_5)
FN:59,(anonymous_6)
FN:65,(anonymous_8)
FN:85,(anonymous_11)
FN:119,(anonymous_16)
FN:137,(anonymous_18)
FN:169,(anonymous_19)
FN:193,(anonymous_20)
FN:203,(anonymous_21)
FN:205,(anonymous_22)
FN:229,(anonymous_23)
FN:237,(anonymous_24)
FNF:14
FNH:0
FNDA:0,CampaignTableComponent
FNDA:0,(anonymous_2)
FNDA:0,(anonymous_5)
FNDA:0,(anonymous_6)
FNDA:0,(anonymous_8)
FNDA:0,(anonymous_11)
FNDA:0,(anonymous_16)
FNDA:0,(anonymous_18)
FNDA:0,(anonymous_19)
FNDA:0,(anonymous_20)
FNDA:0,(anonymous_21)
FNDA:0,(anonymous_22)
FNDA:0,(anonymous_23)
FNDA:0,(anonymous_24)
DA:3,0
DA:4,0
DA:13,0
DA:14,0
DA:15,0
DA:16,0
DA:17,0
DA:18,0
DA:19,0
DA:28,0
DA:31,0
DA:34,0
DA:36,0
DA:47,0
DA:59,0
DA:65,0
DA:85,0
DA:119,0
DA:138,0
DA:139,0
DA:144,0
DA:158,0
DA:170,0
DA:193,0
DA:204,0
DA:206,0
DA:230,0
DA:238,0
DA:255,0
DA:257,0
LF:30
LH:0
BRDA:30,0,0,0
BRDA:51,1,0,0
BRDA:53,2,0,0
BRDA:69,3,0,0
BRDA:71,4,0,0
BRDA:89,5,0,0
BRDA:91,6,0,0
BRDA:123,7,0,0
BRDA:125,8,0,0
BRDA:139,9,0,0
BRDA:139,9,1,0
BRDA:158,10,0,0
BRDA:158,10,1,0
BRDA:210,11,0,0
BRDA:210,11,1,0
BRDA:219,12,0,0
BRDA:219,12,1,0
BRF:17
BRH:0
end_of_record
TN:
SF:components/dashboard/daily-cost-chart.tsx
FN:28,CustomTooltip
FN:63,DailyCostChart
FN:72,(anonymous_3)
FN:76,(anonymous_4)
FN:79,(anonymous_5)
FN:120,(anonymous_6)
FN:121,(anonymous_7)
FN:125,(anonymous_8)
FN:194,(anonymous_9)
FN:209,(anonymous_10)
FNF:10
FNH:0
FNDA:0,CustomTooltip
FNDA:0,DailyCostChart
FNDA:0,(anonymous_3)
FNDA:0,(anonymous_4)
FNDA:0,(anonymous_5)
FNDA:0,(anonymous_6)
FNDA:0,(anonymous_7)
FNDA:0,(anonymous_8)
FNDA:0,(anonymous_9)
FNDA:0,(anonymous_10)
DA:3,0
DA:4,0
DA:14,0
DA:15,0
DA:16,0
DA:17,0
DA:33,0
DA:35,0
DA:36,0
DA:39,0
DA:40,0
DA:41,0
DA:42,0
DA:43,0
DA:63,0
DA:72,0
DA:73,0
DA:76,0
DA:79,0
DA:80,0
DA:81,0
DA:84,0
DA:85,0
DA:87,0
DA:88,0
DA:90,0
DA:92,0
DA:93,0
DA:94,0
DA:95,0
DA:97,0
DA:100,0
DA:106,0
DA:113,0
DA:116,0
DA:120,0
DA:121,0
DA:125,0
DA:126,0
DA:130,0
DA:194,0
DA:211,0
DA:212,0
DA:225,0
LF:44
LH:0
BRDA:33,0,0,0
BRDA:33,0,1,0
BRDA:33,1,0,0
BRDA:33,1,1,0
BRDA:40,2,0,0
BRDA:40,2,1,0
BRDA:65,3,0,0
BRDA:67,4,0,0
BRDA:73,5,0,0
BRDA:73,5,1,0
BRDA:84,6,0,0
BRDA:84,6,1,0
BRDA:85,7,0,0
BRDA:85,7,1,0
BRDA:97,8,0,0
BRDA:97,8,1,0
BRDA:126,9,0,0
BRDA:126,9,1,0
BRDA:130,10,0,0
BRDA:130,10,1,0
BRDA:211,11,0,0
BRDA:211,11,1,0
BRF:22
BRH:0
end_of_record
TN:
SF:components/dashboard/daily-sends-chart.tsx
FN:33,CustomTooltip
FN:55,DailySendsChart
FN:68,(anonymous_3)
FN:80,(anonymous_4)
FN:81,(anonymous_5)
FN:91,(anonymous_6)
FN:92,(anonymous_7)
FN:96,(anonymous_8)
FN:101,(anonymous_9)
FN:102,(anonymous_10)
FN:161,(anonymous_11)
FN:197,(anonymous_12)
FN:221,(anonymous_13)
FNF:13
FNH:0
FNDA:0,CustomTooltip
FNDA:0,DailySendsChart
FNDA:0,(anonymous_3)
FNDA:0,(anonymous_4)
FNDA:0,(anonymous_5)
FNDA:0,(anonymous_6)
FNDA:0,(anonymous_7)
FNDA:0,(anonymous_8)
FNDA:0,(anonymous_9)
FNDA:0,(anonymous_10)
FNDA:0,(anonymous_11)
FNDA:0,(anonymous_12)
FNDA:0,(anonymous_13)
DA:3,0
DA:4,0
DA:5,0
DA:16,0
DA:17,0
DA:18,0
DA:19,0
DA:20,0
DA:38,0
DA:40,0
DA:41,0
DA:55,0
DA:65,0
DA:68,0
DA:69,0
DA:70,0
DA:72,0
DA:73,0
DA:76,0
DA:80,0
DA:81,0
DA:91,0
DA:92,0
DA:96,0
DA:97,0
DA:101,0
DA:102,0
DA:106,0
DA:162,0
DA:163,0
DA:198,0
DA:221,0
LF:32
LH:0
BRDA:38,0,0,0
BRDA:38,0,1,0
BRDA:38,1,0,0
BRDA:38,1,1,0
BRDA:49,2,0,0
BRDA:49,2,1,0
BRDA:59,3,0,0
BRDA:72,4,0,0
BRDA:72,4,1,0
BRDA:97,5,0,0
BRDA:97,5,1,0
BRDA:106,6,0,0
BRDA:106,6,1,0
BRDA:162,7,0,0
BRDA:162,7,1,0
BRDA:162,8,0,0
BRDA:162,8,1,0
BRDA:162,8,2,0
BRDA:162,8,3,0
BRDA:173,9,0,0
BRDA:173,9,1,0
BRDA:178,10,0,0
BRDA:178,10,1,0
BRDA:200,11,0,0
BRDA:200,11,1,0
BRDA:201,12,0,0
BRDA:201,12,1,0
BRDA:202,13,0,0
BRDA:202,13,1,0
BRDA:210,14,0,0
BRDA:221,15,0,0
BRDA:221,15,1,0
BRF:32
BRH:0
end_of_record
TN:
SF:components/dashboard/date-range-picker.tsx
FN:23,parseLocalDate
FN:45,DateRangePicker
FN:52,(anonymous_6)
FN:53,(anonymous_7)
FN:54,(anonymous_8)
FN:58,(anonymous_9)
FN:63,(anonymous_10)
FN:79,(anonymous_11)
FN:108,(anonymous_12)
FN:109,(anonymous_13)
FN:125,(anonymous_14)
FN:130,(anonymous_15)
FN:131,(anonymous_16)
FN:132,(anonymous_17)
FN:162,(anonymous_18)
FN:165,(anonymous_19)
FN:198,(anonymous_20)
FN:211,(anonymous_21)
FN:216,(anonymous_22)
FN:228,(anonymous_23)
FNF:20
FNH:0
FNDA:0,parseLocalDate
FNDA:0,DateRangePicker
FNDA:0,(anonymous_6)
FNDA:0,(anonymous_7)
FNDA:0,(anonymous_8)
FNDA:0,(anonymous_9)
FNDA:0,(anonymous_10)
FNDA:0,(anonymous_11)
FNDA:0,(anonymous_12)
FNDA:0,(anonymous_13)
FNDA:0,(anonymous_14)
FNDA:0,(anonymous_15)
FNDA:0,(anonymous_16)
FNDA:0,(anonymous_17)
FNDA:0,(anonymous_18)
FNDA:0,(anonymous_19)
FNDA:0,(anonymous_20)
FNDA:0,(anonymous_21)
FNDA:0,(anonymous_22)
FNDA:0,(anonymous_23)
DA:3,0
DA:16,0
DA:17,0
DA:18,0
DA:19,0
DA:20,0
DA:25,0
DA:26,0
DA:36,0
DA:43,0
DA:45,0
DA:51,0
DA:52,0
DA:53,0
DA:54,0
DA:55,0
DA:58,0
DA:59,0
DA:60,0
DA:63,0
DA:64,0
DA:65,0
DA:66,0
DA:68,0
DA:69,0
DA:70,0
DA:72,0
DA:76,0
DA:79,0
DA:80,0
DA:81,0
DA:82,0
DA:83,0
DA:85,0
DA:87,0
DA:88,0
DA:90,0
DA:92,0
DA:95,0
DA:96,0
DA:98,0
DA:100,0
DA:108,0
DA:109,0
DA:111,0
DA:118,0
DA:119,0
DA:120,0
DA:121,0
DA:123,0
DA:125,0
DA:126,0
DA:127,0
DA:130,0
DA:131,0
DA:132,0
DA:163,0
DA:165,0
DA:199,0
DA:212,0
DA:217,0
DA:218,0
DA:219,0
DA:220,0
DA:221,0
DA:223,0
DA:228,0
LF:67
LH:0
BRDA:80,0,0,0
BRDA:80,0,1,0
BRDA:85,1,0,0
BRDA:85,1,1,0
BRDA:85,2,0,0
BRDA:85,2,1,0
BRDA:95,3,0,0
BRDA:95,3,1,0
BRDA:95,4,0,0
BRDA:95,4,1,0
BRDA:96,5,0,0
BRDA:96,5,1,0
BRDA:96,6,0,0
BRDA:96,6,1,0
BRDA:98,7,0,0
BRDA:98,7,1,0
BRDA:98,8,0,0
BRDA:98,8,1,0
BRDA:111,9,0,0
BRDA:111,9,1,0
BRDA:111,10,0,0
BRDA:111,10,1,0
BRDA:112,11,0,0
BRDA:112,11,1,0
BRDA:126,12,0,0
BRDA:126,12,1,0
BRDA:126,13,0,0
BRDA:126,13,1,0
BRDA:130,14,0,0
BRDA:130,14,1,0
BRDA:131,15,0,0
BRDA:131,15,1,0
BRDA:145,16,0,0
BRDA:145,16,1,0
BRDA:234,17,0,0
BRDA:234,17,1,0
BRDA:234,17,2,0
BRDA:234,17,3,0
BRDA:236,18,0,0
BRDA:236,18,1,0
BRDA:236,18,2,0
BRDA:236,18,3,0
BRDA:238,19,0,0
BRDA:238,19,1,0
BRDA:239,20,0,0
BRDA:239,20,1,0
BRDA:239,20,2,0
BRDA:240,21,0,0
BRDA:240,21,1,0
BRDA:240,21,2,0
BRDA:242,22,0,0
BRDA:242,22,1,0
BRDA:242,22,2,0
BRDA:244,23,0,0
BRDA:244,23,1,0
BRDA:244,23,2,0
BRDA:244,23,3,0
BRDA:246,24,0,0
BRDA:246,24,1,0
BRDA:256,25,0,0
BRDA:256,25,1,0
BRDA:259,26,0,0
BRDA:259,26,1,0
BRF:63
BRH:0
end_of_record
TN:
SF:components/dashboard/donut-chart.tsx
FN:34,CustomTooltip
FN:59,CustomLegend
FN:64,(anonymous_3)
FN:77,DonutChart
FN:99,(anonymous_5)
FN:104,(anonymous_6)
FN:133,(anonymous_7)
FNF:7
FNH:0
FNDA:0,CustomTooltip
FNDA:0,CustomLegend
FNDA:0,(anonymous_3)
FNDA:0,DonutChart
FNDA:0,(anonymous_5)
FNDA:0,(anonymous_6)
FNDA:0,(anonymous_7)
DA:3,0
DA:12,0
DA:13,0
DA:14,0
DA:15,0
DA:16,0
DA:26,0
DA:39,0
DA:41,0
DA:42,0
DA:43,0
DA:60,0
DA:65,0
DA:77,0
DA:84,0
DA:99,0
DA:104,0
DA:134,0
LF:18
LH:0
BRDA:39,0,0,0
BRDA:39,0,1,0
BRDA:39,1,0,0
BRDA:39,1,1,0
BRDA:43,2,0,0
BRDA:43,2,1,0
BRDA:60,3,0,0
BRDA:60,3,1,0
BRDA:80,4,0,0
BRDA:82,5,0,0
BRDA:84,6,0,0
BRDA:84,6,1,0
BRDA:101,7,0,0
BRDA:101,7,1,0
BRF:14
BRH:0
end_of_record
TN:
SF:components/dashboard/efficiency-metrics.tsx
FN:18,EfficiencyMetricsComponent
FN:33,(anonymous_2)
FN:81,(anonymous_3)
FNF:3
FNH:0
FNDA:0,EfficiencyMetricsComponent
FNDA:0,(anonymous_2)
FNDA:0,(anonymous_3)
DA:3,0
DA:4,0
DA:5,0
DA:6,0
DA:7,0
DA:8,0
DA:25,0
DA:34,0
DA:42,0
DA:82,0
DA:121,0
DA:123,0
LF:12
LH:0
BRDA:22,0,0,0
BRDA:25,1,0,0
BRDA:25,1,1,0
BRDA:53,2,0,0
BRDA:53,2,1,0
BRDA:54,3,0,0
BRDA:54,3,1,0
BRDA:92,4,0,0
BRDA:92,4,1,0
BRDA:93,5,0,0
BRDA:93,5,1,0
BRDA:94,6,0,0
BRDA:94,6,1,0
BRF:13
BRH:0
end_of_record
TN:
SF:components/dashboard/lazy-charts.tsx
FN:28,(anonymous_10)
FN:28,(anonymous_11)
FN:28,(anonymous_12)
FN:30,(anonymous_14)
FN:41,(anonymous_15)
FN:41,(anonymous_16)
FN:41,(anonymous_17)
FN:54,(anonymous_20)
FN:54,(anonymous_21)
FN:54,(anonymous_22)
FN:67,(anonymous_25)
FN:67,(anonymous_26)
FN:67,(anonymous_27)
FNF:13
FNH:0
FNDA:0,(anonymous_10)
FNDA:0,(anonymous_11)
FNDA:0,(anonymous_12)
FNDA:0,(anonymous_14)
FNDA:0,(anonymous_15)
FNDA:0,(anonymous_16)
FNDA:0,(anonymous_17)
FNDA:0,(anonymous_20)
FNDA:0,(anonymous_21)
FNDA:0,(anonymous_22)
FNDA:0,(anonymous_25)
FNDA:0,(anonymous_26)
FNDA:0,(anonymous_27)
DA:3,0
DA:4,0
DA:5,0
DA:27,0
DA:28,0
DA:30,0
DA:40,0
DA:41,0
DA:53,0
DA:54,0
DA:66,0
DA:67,0
LF:12
LH:0
BRDA:11,0,0,0
BRF:1
BRH:0
end_of_record
TN:
SF:components/dashboard/metric-card.tsx
FN:52,MetricCardComponent
FN:68,(anonymous_2)
FN:183,(anonymous_3)
FNF:3
FNH:0
FNDA:0,MetricCardComponent
FNDA:0,(anonymous_2)
FNDA:0,(anonymous_3)
DA:3,0
DA:4,0
DA:5,0
DA:6,0
DA:7,0
DA:18,0
DA:34,0
DA:43,0
DA:64,0
DA:65,0
DA:68,0
DA:69,0
DA:71,0
DA:73,0
DA:75,0
DA:80,0
DA:82,0
DA:83,0
DA:84,0
DA:87,0
DA:88,0
DA:90,0
DA:183,0
DA:185,0
DA:197,0
LF:25
LH:0
BRDA:57,0,0,0
BRDA:58,1,0,0
BRDA:59,2,0,0
BRDA:61,3,0,0
BRDA:69,4,0,0
BRDA:69,4,1,0
BRDA:69,4,2,0
BRDA:80,5,0,0
BRDA:80,5,1,0
BRDA:82,6,0,0
BRDA:82,6,1,0
BRDA:82,6,2,0
BRDA:83,7,0,0
BRDA:83,7,1,0
BRDA:84,8,0,0
BRDA:84,8,1,0
BRDA:87,9,0,0
BRDA:87,9,1,0
BRDA:88,10,0,0
BRDA:88,10,1,0
BRDA:90,11,0,0
BRDA:90,11,1,0
BRDA:133,12,0,0
BRDA:135,13,0,0
BRDA:138,14,0,0
BRDA:138,14,1,0
BRDA:141,15,0,0
BRDA:144,16,0,0
BRDA:144,16,1,0
BRDA:147,17,0,0
BRDA:153,18,0,0
BRDA:153,18,1,0
BRDA:154,19,0,0
BRDA:154,19,1,0
BRDA:155,20,0,0
BRDA:155,20,1,0
BRDA:157,21,0,0
BRDA:157,21,1,0
BRDA:157,22,0,0
BRDA:157,22,1,0
BRDA:165,23,0,0
BRDA:165,23,1,0
BRDA:186,24,0,0
BRDA:186,24,1,0
BRDA:186,24,2,0
BRDA:186,24,3,0
BRDA:186,24,4,0
BRDA:186,24,5,0
BRDA:186,24,6,0
BRDA:186,24,7,0
BRF:50
BRH:0
end_of_record
TN:
SF:components/dashboard/provider-selector.tsx
FN:28,ProviderSelector
FN:39,(anonymous_7)
FN:44,(anonymous_8)
FN:53,(anonymous_9)
FN:118,(anonymous_10)
FNF:5
FNH:0
FNDA:0,ProviderSelector
FNDA:0,(anonymous_7)
FNDA:0,(anonymous_8)
FNDA:0,(anonymous_9)
FNDA:0,(anonymous_10)
DA:3,0
DA:4,0
DA:5,0
DA:6,0
DA:7,0
DA:10,0
DA:28,0
DA:35,0
DA:38,0
DA:39,0
DA:42,0
DA:44,0
DA:46,0
DA:53,0
DA:119,0
LF:15
LH:0
BRDA:29,0,0,0
BRDA:32,1,0,0
BRDA:38,2,0,0
BRDA:38,2,1,0
BRDA:42,3,0,0
BRDA:42,3,1,0
BRDA:44,4,0,0
BRDA:44,4,1,0
BRDA:46,5,0,0
BRDA:46,5,1,0
BRDA:70,6,0,0
BRDA:83,7,0,0
BRDA:83,7,1,0
BRDA:114,8,0,0
BRF:14
BRH:0
end_of_record
TN:
SF:components/dashboard/safe-components.tsx
FN:56,SafeMetricCard
FN:81,SafeTimeSeriesChart
FN:101,SafeDonutChart
FN:121,SafeDailySendsChart
FN:142,SafeDailyCostChart
FN:167,SafeLazyTimeSeriesChart
FN:185,SafeLazyDonutChart
FN:203,SafeLazyDailySendsChart
FN:221,SafeLazyDailyCostChart
FN:246,SafeStepBreakdown
FN:266,SafeEfficiencyMetrics
FN:286,SafeSenderBreakdown
FN:311,SafeCampaignTable
FNF:13
FNH:0
FNDA:0,SafeMetricCard
FNDA:0,SafeTimeSeriesChart
FNDA:0,SafeDonutChart
FNDA:0,SafeDailySendsChart
FNDA:0,SafeDailyCostChart
FNDA:0,SafeLazyTimeSeriesChart
FNDA:0,SafeLazyDonutChart
FNDA:0,SafeLazyDailySendsChart
FNDA:0,SafeLazyDailyCostChart
FNDA:0,SafeStepBreakdown
FNDA:0,SafeEfficiencyMetrics
FNDA:0,SafeSenderBreakdown
FNDA:0,SafeCampaignTable
DA:20,0
DA:26,0
DA:29,0
DA:30,0
DA:31,0
DA:32,0
DA:33,0
DA:34,0
DA:35,0
DA:36,0
DA:44,0
DA:56,0
DA:81,0
DA:101,0
DA:121,0
DA:142,0
DA:167,0
DA:185,0
DA:203,0
DA:221,0
DA:246,0
DA:266,0
DA:286,0
DA:311,0
LF:24
LH:0
BRF:0
BRH:0
end_of_record
TN:
SF:components/dashboard/sender-breakdown.tsx
FN:13,SenderBreakdown
FN:26,(anonymous_2)
FN:69,(anonymous_3)
FNF:3
FNH:0
FNDA:0,SenderBreakdown
FNDA:0,(anonymous_2)
FNDA:0,(anonymous_3)
DA:3,0
DA:4,0
DA:13,0
DA:19,0
DA:21,0
DA:27,0
DA:34,0
DA:70,0
LF:8
LH:0
BRDA:21,0,0,0
BRDA:21,0,1,0
BRDA:34,1,0,0
BRDA:34,1,1,0
BRDA:51,2,0,0
BRDA:51,2,1,0
BRDA:74,3,0,0
BRDA:74,3,1,0
BRF:8
BRH:0
end_of_record
TN:
SF:components/dashboard/step-breakdown.tsx
FN:36,StepBreakdownComponent
FN:46,(anonymous_2)
FN:54,(anonymous_3)
FN:65,(anonymous_4)
FN:74,(anonymous_5)
FN:84,(anonymous_6)
FN:117,(anonymous_7)
FN:186,(anonymous_8)
FN:193,(anonymous_9)
FN:193,(anonymous_10)
FNF:10
FNH:0
FNDA:0,StepBreakdownComponent
FNDA:0,(anonymous_2)
FNDA:0,(anonymous_3)
FNDA:0,(anonymous_4)
FNDA:0,(anonymous_5)
FNDA:0,(anonymous_6)
FNDA:0,(anonymous_7)
FNDA:0,(anonymous_8)
FNDA:0,(anonymous_9)
FNDA:0,(anonymous_10)
DA:3,0
DA:4,0
DA:5,0
DA:6,0
DA:7,0
DA:8,0
DA:9,0
DA:10,0
DA:24,0
DA:30,0
DA:46,0
DA:47,0
DA:48,0
DA:50,0
DA:54,0
DA:55,0
DA:56,0
DA:57,0
DA:59,0
DA:65,0
DA:67,0
DA:68,0
DA:69,0
DA:73,0
DA:74,0
DA:77,0
DA:85,0
DA:118,0
DA:186,0
DA:193,0
DA:194,0
DA:219,0
DA:221,0
LF:33
LH:0
BRDA:40,0,0,0
BRDA:43,1,0,0
BRDA:55,2,0,0
BRDA:55,2,1,0
BRDA:67,3,0,0
BRDA:67,3,1,0
BRDA:68,4,0,0
BRDA:68,4,1,0
BRDA:77,5,0,0
BRDA:77,5,1,0
BRDA:138,6,0,0
BRDA:138,6,1,0
BRDA:139,7,0,0
BRDA:139,7,1,0
BRDA:140,8,0,0
BRDA:140,8,1,0
BRDA:162,9,0,0
BRDA:162,9,1,0
BRDA:172,10,0,0
BRDA:172,10,1,0
BRDA:173,11,0,0
BRDA:173,11,1,0
BRDA:174,12,0,0
BRDA:174,12,1,0
BRDA:186,13,0,0
BRDA:186,13,1,0
BRF:26
BRH:0
end_of_record
TN:
SF:components/dashboard/time-series-chart.tsx
FN:33,CustomTooltip
FN:52,TimeSeriesChart
FN:64,(anonymous_3)
FN:132,(anonymous_4)
FNF:4
FNH:0
FNDA:0,CustomTooltip
FNDA:0,TimeSeriesChart
FNDA:0,(anonymous_3)
FNDA:0,(anonymous_4)
DA:3,0
DA:15,0
DA:16,0
DA:17,0
DA:18,0
DA:19,0
DA:39,0
DA:41,0
DA:42,0
DA:52,0
DA:64,0
DA:72,0
DA:85,0
DA:86,0
DA:132,0
LF:15
LH:0
BRDA:39,0,0,0
BRDA:39,0,1,0
BRDA:39,1,0,0
BRDA:39,1,1,0
BRDA:42,2,0,0
BRDA:42,2,1,0
BRDA:55,3,0,0
BRDA:56,4,0,0
BRDA:57,5,0,0
BRDA:60,6,0,0
BRDA:72,7,0,0
BRDA:72,7,1,0
BRDA:85,8,0,0
BRDA:85,8,1,0
BRDA:86,9,0,0
BRDA:86,9,1,0
BRDA:97,10,0,0
BRDA:132,11,0,0
BRDA:132,11,1,0
BRDA:139,12,0,0
BRF:20
BRH:0
end_of_record
TN:
SF:components/dashboard/timezone-selector.tsx
FN:33,TimezoneSelector
FN:40,(anonymous_8)
FN:68,(anonymous_9)
FN:71,(anonymous_10)
FN:94,formatInTimezone
FN:120,getTodayInTimezone
FNF:6
FNH:0
FNDA:0,TimezoneSelector
FNDA:0,(anonymous_8)
FNDA:0,(anonymous_9)
FNDA:0,(anonymous_10)
FNDA:0,formatInTimezone
FNDA:0,getTodayInTimezone
DA:3,0
DA:4,0
DA:5,0
DA:6,0
DA:7,0
DA:15,0
DA:33,0
DA:38,0
DA:40,0
DA:69,0
DA:72,0
DA:73,0
DA:94,0
DA:95,0
DA:97,0
DA:101,0
DA:103,0
DA:105,0
DA:107,0
DA:109,0
DA:112,0
DA:113,0
DA:115,0
DA:120,0
DA:121,0
LF:25
LH:0
BRDA:40,0,0,0
BRDA:40,0,1,0
BRDA:53,1,0,0
BRDA:53,1,1,0
BRDA:77,2,0,0
BRDA:77,2,1,0
BRDA:94,3,0,0
BRDA:95,4,0,0
BRDA:95,4,1,0
BRDA:101,5,0,0
BRDA:101,5,1,0
BRDA:101,5,2,0
BRDA:101,5,3,0
BRDA:101,5,4,0
BRDA:101,5,5,0
BRF:15
BRH:0
end_of_record
TN:
SF:components/dashboard/workspace-switcher.tsx
FN:23,RoleBadge
FN:36,WorkspaceSwitcher
FN:62,(anonymous_6)
FN:120,(anonymous_7)
FNF:4
FNH:0
FNDA:0,RoleBadge
FNDA:0,WorkspaceSwitcher
FNDA:0,(anonymous_6)
FNDA:0,(anonymous_7)
DA:3,0
DA:4,0
DA:5,0
DA:6,0
DA:7,0
DA:16,0
DA:24,0
DA:25,0
DA:26,0
DA:36,0
DA:41,0
DA:42,0
DA:45,0
DA:62,0
DA:63,0
DA:64,0
DA:65,0
DA:67,0
DA:121,0
LF:19
LH:0
BRDA:24,0,0,0
BRDA:24,0,1,0
BRDA:38,1,0,0
BRDA:45,2,0,0
BRDA:45,2,1,0
BRDA:45,3,0,0
BRDA:45,3,1,0
BRDA:53,4,0,0
BRDA:63,5,0,0
BRDA:63,5,1,0
BRDA:97,6,0,0
BRDA:97,6,1,0
BRDA:113,7,0,0
BRDA:138,8,0,0
BRDA:138,8,1,0
BRDA:146,9,0,0
BRDA:146,9,1,0
BRDA:146,9,2,0
BRF:18
BRH:0
end_of_record
TN:
SF:components/layout/client-shell.tsx
FN:20,WorkspaceGate
FN:25,(anonymous_2)
FN:80,ClientShell
FN:93,(anonymous_4)
FNF:4
FNH:0
FNDA:0,WorkspaceGate
FNDA:0,(anonymous_2)
FNDA:0,ClientShell
FNDA:0,(anonymous_4)
DA:3,0
DA:4,0
DA:5,0
DA:6,0
DA:7,0
DA:8,0
DA:9,0
DA:10,0
DA:11,0
DA:12,0
DA:13,0
DA:21,0
DA:22,0
DA:23,0
DA:25,0
DA:27,0
DA:30,0
DA:31,0
DA:36,0
DA:45,0
DA:50,0
DA:80,0
DA:81,0
DA:93,0
LF:24
LH:0
BRDA:27,0,0,0
BRDA:27,0,1,0
BRDA:27,1,0,0
BRDA:27,1,1,0
BRDA:30,2,0,0
BRDA:30,2,1,0
BRDA:36,3,0,0
BRDA:36,3,1,0
BRDA:45,4,0,0
BRDA:45,4,1,0
BRDA:50,5,0,0
BRDA:50,5,1,0
BRF:12
BRH:0
end_of_record
TN:
SF:components/layout/command-palette.tsx
FN:42,CommandPalette
FN:47,(anonymous_2)
FN:48,(anonymous_3)
FN:55,(anonymous_4)
FN:58,(anonymous_5)
FN:79,(anonymous_6)
FN:121,(anonymous_7)
FN:123,(anonymous_8)
FN:127,(anonymous_9)
FNF:9
FNH:0
FNDA:0,CommandPalette
FNDA:0,(anonymous_2)
FNDA:0,(anonymous_3)
FNDA:0,(anonymous_4)
FNDA:0,(anonymous_5)
FNDA:0,(anonymous_6)
FNDA:0,(anonymous_7)
FNDA:0,(anonymous_8)
FNDA:0,(anonymous_9)
DA:3,0
DA:4,0
DA:5,0
DA:6,0
DA:15,0
DA:16,0
DA:23,0
DA:42,0
DA:43,0
DA:44,0
DA:47,0
DA:48,0
DA:49,0
DA:50,0
DA:51,0
DA:54,0
DA:55,0
DA:58,0
DA:59,0
DA:60,0
DA:62,0
DA:63,0
DA:64,0
DA:66,0
DA:79,0
DA:122,0
DA:124,0
DA:127,0
LF:28
LH:0
BRDA:49,0,0,0
BRDA:49,0,1,0
BRDA:49,1,0,0
BRDA:49,1,1,0
BRDA:49,1,2,0
BRDA:62,2,0,0
BRDA:62,2,1,0
BRDA:64,3,0,0
BRDA:64,3,1,0
BRDA:72,4,0,0
BRF:10
BRH:0
end_of_record
TN:
SF:components/layout/header.tsx
FN:40,useTheme
FN:44,(anonymous_3)
FN:57,(anonymous_4)
FN:68,useClickOutside
FN:69,(anonymous_6)
FN:70,(anonymous_7)
FN:80,(anonymous_8)
FN:135,Header
FN:165,(anonymous_10)
FN:166,(anonymous_11)
FN:167,(anonymous_12)
FN:170,(anonymous_13)
FN:172,(anonymous_14)
FN:173,(anonymous_15)
FN:173,(anonymous_16)
FN:176,(anonymous_17)
FN:177,(anonymous_18)
FN:177,(anonymous_19)
FN:181,(anonymous_20)
FN:194,(anonymous_21)
FN:207,(anonymous_22)
FN:212,(anonymous_23)
FN:219,(anonymous_24)
FN:333,(anonymous_25)
FN:372,(anonymous_26)
FN:392,(anonymous_27)
FN:425,(anonymous_28)
FN:500,(anonymous_29)
FN:559,(anonymous_30)
FN:618,(anonymous_31)
FN:628,(anonymous_32)
FNF:31
FNH:0
FNDA:0,useTheme
FNDA:0,(anonymous_3)
FNDA:0,(anonymous_4)
FNDA:0,useClickOutside
FNDA:0,(anonymous_6)
FNDA:0,(anonymous_7)
FNDA:0,(anonymous_8)
FNDA:0,Header
FNDA:0,(anonymous_10)
FNDA:0,(anonymous_11)
FNDA:0,(anonymous_12)
FNDA:0,(anonymous_13)
FNDA:0,(anonymous_14)
FNDA:0,(anonymous_15)
FNDA:0,(anonymous_16)
FNDA:0,(anonymous_17)
FNDA:0,(anonymous_18)
FNDA:0,(anonymous_19)
FNDA:0,(anonymous_20)
FNDA:0,(anonymous_21)
FNDA:0,(anonymous_22)
FNDA:0,(anonymous_23)
FNDA:0,(anonymous_24)
FNDA:0,(anonymous_25)
FNDA:0,(anonymous_26)
FNDA:0,(anonymous_27)
FNDA:0,(anonymous_28)
FNDA:0,(anonymous_29)
FNDA:0,(anonymous_30)
FNDA:0,(anonymous_31)
FNDA:0,(anonymous_32)
DA:3,0
DA:4,0
DA:5,0
DA:6,0
DA:28,0
DA:29,0
DA:30,0
DA:31,0
DA:32,0
DA:41,0
DA:42,0
DA:44,0
DA:45,0
DA:47,0
DA:48,0
DA:49,0
DA:50,0
DA:51,0
DA:52,0
DA:53,0
DA:57,0
DA:58,0
DA:59,0
DA:60,0
DA:61,0
DA:64,0
DA:69,0
DA:70,0
DA:71,0
DA:72,0
DA:74,0
DA:77,0
DA:78,0
DA:80,0
DA:81,0
DA:82,0
DA:88,0
DA:115,0
DA:122,0
DA:135,0
DA:136,0
DA:137,0
DA:138,0
DA:141,0
DA:142,0
DA:145,0
DA:146,0
DA:148,0
DA:151,0
DA:152,0
DA:153,0
DA:156,0
DA:157,0
DA:158,0
DA:161,0
DA:162,0
DA:163,0
DA:165,0
DA:166,0
DA:167,0
DA:170,0
DA:172,0
DA:173,0
DA:176,0
DA:177,0
DA:181,0
DA:182,0
DA:183,0
DA:184,0
DA:185,0
DA:186,0
DA:189,0
DA:194,0
DA:195,0
DA:196,0
DA:198,0
DA:199,0
DA:200,0
DA:201,0
DA:202,0
DA:204,0
DA:206,0
DA:207,0
DA:210,0
DA:211,0
DA:212,0
DA:214,0
DA:219,0
DA:220,0
DA:221,0
DA:334,0
DA:335,0
DA:373,0
DA:374,0
DA:392,0
DA:426,0
DA:427,0
DA:501,0
DA:560,0
DA:561,0
DA:562,0
DA:619,0
DA:620,0
DA:629,0
DA:630,0
LF:105
LH:0
BRDA:48,0,0,0
BRDA:48,0,1,0
BRDA:48,1,0,0
BRDA:48,1,1,0
BRDA:51,2,0,0
BRDA:51,2,1,0
BRDA:58,3,0,0
BRDA:58,3,1,0
BRDA:71,4,0,0
BRDA:71,4,1,0
BRDA:71,5,0,0
BRDA:71,5,1,0
BRDA:142,6,0,0
BRDA:142,6,1,0
BRDA:184,7,0,0
BRDA:184,7,1,0
BRDA:200,8,0,0
BRDA:200,8,1,0
BRDA:220,9,0,0
BRDA:220,9,1,0
BRDA:267,10,0,0
BRDA:267,10,1,0
BRDA:279,11,0,0
BRDA:279,11,1,0
BRDA:316,12,0,0
BRDA:316,12,1,0
BRDA:318,13,0,0
BRDA:318,13,1,0
BRDA:319,14,0,0
BRDA:319,14,1,0
BRDA:339,15,0,0
BRDA:345,16,0,0
BRDA:355,17,0,0
BRDA:366,18,0,0
BRDA:366,18,1,0
BRDA:379,19,0,0
BRDA:379,19,1,0
BRDA:432,20,0,0
BRDA:432,20,1,0
BRDA:437,21,0,0
BRDA:491,22,0,0
BRDA:491,22,1,0
BRDA:491,23,0,0
BRDA:491,23,1,0
BRDA:495,24,0,0
BRDA:495,24,1,0
BRDA:498,25,0,0
BRDA:498,25,1,0
BRDA:516,26,0,0
BRDA:516,26,1,0
BRDA:518,27,0,0
BRDA:518,27,1,0
BRDA:525,28,0,0
BRDA:527,29,0,0
BRDA:532,30,0,0
BRDA:532,30,1,0
BRDA:532,31,0,0
BRDA:532,31,1,0
BRDA:567,32,0,0
BRDA:569,33,0,0
BRDA:569,33,1,0
BRDA:580,34,0,0
BRDA:593,35,0,0
BRDA:595,36,0,0
BRDA:595,36,1,0
BRDA:606,37,0,0
BRDA:606,37,1,0
BRDA:609,38,0,0
BRDA:609,38,1,0
BRF:69
BRH:0
end_of_record
TN:
SF:components/layout/layout-wrapper.tsx
FN:16,LayoutWrapper
FNF:1
FNH:0
FNDA:0,LayoutWrapper
DA:3,0
DA:4,0
DA:16,0
DA:17,0
DA:20,0
DA:22,0
LF:6
LH:0
BRDA:20,0,0,0
BRDA:20,0,1,0
BRDA:22,1,0,0
BRDA:22,1,1,0
BRF:4
BRH:0
end_of_record
TN:
SF:components/providers/clerk-theme-provider.tsx
FN:32,ClerkThemeProvider
FN:36,(anonymous_2)
FN:40,(anonymous_3)
FN:48,(anonymous_4)
FN:49,(anonymous_5)
FN:61,(anonymous_6)
FNF:6
FNH:0
FNDA:0,ClerkThemeProvider
FNDA:0,(anonymous_2)
FNDA:0,(anonymous_3)
FNDA:0,(anonymous_4)
FNDA:0,(anonymous_5)
FNDA:0,(anonymous_6)
DA:3,0
DA:4,0
DA:5,0
DA:8,0
DA:32,0
DA:33,0
DA:34,0
DA:36,0
DA:37,0
DA:40,0
DA:41,0
DA:42,0
DA:45,0
DA:48,0
DA:49,0
DA:50,0
DA:51,0
DA:56,0
DA:61,0
DA:65,0
DA:71,0
LF:21
LH:0
BRDA:50,0,0,0
BRDA:50,0,1,0
BRDA:67,1,0,0
BRDA:67,1,1,0
BRDA:71,2,0,0
BRDA:71,2,1,0
BRF:6
BRH:0
end_of_record
TN:
SF:components/ui/badge.tsx
FN:34,Badge
FNF:1
FNH:0
FNDA:0,Badge
DA:1,0
DA:2,0
DA:3,0
DA:5,0
DA:40,0
LF:5
LH:0
BRF:0
BRH:0
end_of_record
TN:
SF:components/ui/button.tsx
FN:45,(anonymous_6)
FNF:1
FNH:0
FNDA:0,(anonymous_6)
DA:1,0
DA:2,0
DA:3,0
DA:4,0
DA:6,0
DA:44,0
DA:46,0
DA:56,0
DA:58,0
LF:9
LH:0
BRDA:45,0,0,0
BRDA:46,1,0,0
BRDA:46,1,1,0
BRF:3
BRH:0
end_of_record
TN:
SF:components/ui/card.tsx
FNF:0
FNH:0
DA:1,0
DA:2,0
DA:22,0
DA:34,0
DA:49,0
DA:61,0
DA:69,0
DA:81,0
DA:83,0
LF:9
LH:0
BRF:0
BRH:0
end_of_record
TN:
SF:components/ui/error-boundary.tsx
FN:29,(anonymous_8)
FN:55,(anonymous_9)
FN:34,(anonymous_10)
FN:38,(anonymous_11)
FN:43,(anonymous_12)
FN:49,(anonymous_13)
FN:63,(anonymous_14)
FN:111,withErrorBoundary
FN:135,ErrorDisplay
FNF:9
FNH:0
FNDA:0,(anonymous_8)
FNDA:0,(anonymous_9)
FNDA:0,(anonymous_10)
FNDA:0,(anonymous_11)
FNDA:0,(anonymous_12)
FNDA:0,(anonymous_13)
FNDA:0,(anonymous_14)
FNDA:0,withErrorBoundary
FNDA:0,ErrorDisplay
DA:3,0
DA:4,0
DA:5,0
DA:28,0
DA:30,0
DA:31,0
DA:35,0
DA:39,0
DA:40,0
DA:45,0
DA:49,0
DA:51,0
DA:55,0
DA:58,0
DA:60,0
DA:64,0
DA:65,0
DA:67,0
DA:68,0
DA:73,0
DA:98,0
DA:111,0
DA:121,0
DA:123,0
DA:135,0
DA:136,0
DA:138,0
DA:140,0
DA:174,0
LF:29
LH:0
BRDA:45,0,0,0
BRDA:45,0,1,0
BRDA:46,1,0,0
BRDA:46,1,1,0
BRDA:46,1,2,0
BRDA:46,1,3,0
BRDA:64,2,0,0
BRDA:64,2,1,0
BRDA:65,3,0,0
BRDA:65,3,1,0
BRDA:67,4,0,0
BRDA:67,4,1,0
BRDA:83,5,0,0
BRDA:83,5,1,0
BRDA:113,6,0,0
BRDA:121,7,0,0
BRDA:121,7,1,0
BRDA:121,7,2,0
BRDA:135,8,0,0
BRDA:136,9,0,0
BRDA:136,9,1,0
BRDA:138,10,0,0
BRDA:138,10,1,0
BRDA:140,11,0,0
BRDA:140,11,1,0
BRDA:145,12,0,0
BRDA:161,13,0,0
BRF:27
BRH:0
end_of_record
TN:
SF:components/ui/error-fallback-test.tsx
FN:22,ErrorFallbackShowcase
FN:24,(anonymous_3)
FNF:2
FNH:0
FNDA:0,ErrorFallbackShowcase
FNDA:0,(anonymous_3)
DA:14,0
DA:20,0
DA:22,0
DA:23,0
DA:24,0
LF:5
LH:0
BRF:0
BRH:0
end_of_record
TN:
SF:components/ui/error-fallbacks.tsx
FN:20,KPIErrorFallback
FN:51,ChartErrorFallback
FN:88,TableErrorFallback
FN:125,WidgetErrorFallback
FN:161,getErrorFallback
FNF:5
FNH:0
FNDA:0,KPIErrorFallback
FNDA:0,ChartErrorFallback
FNDA:0,TableErrorFallback
FNDA:0,WidgetErrorFallback
FNDA:0,getErrorFallback
DA:3,0
DA:4,0
DA:5,0
DA:20,0
DA:21,0
DA:51,0
DA:52,0
DA:88,0
DA:89,0
DA:125,0
DA:126,0
DA:161,0
DA:162,0
DA:164,0
DA:166,0
DA:168,0
DA:170,0
DA:172,0
LF:18
LH:0
BRDA:28,0,0,0
BRDA:28,0,1,0
BRDA:31,1,0,0
BRDA:60,2,0,0
BRDA:60,2,1,0
BRDA:63,3,0,0
BRDA:97,4,0,0
BRDA:97,4,1,0
BRDA:100,5,0,0
BRDA:134,6,0,0
BRDA:134,6,1,0
BRDA:137,7,0,0
BRDA:162,8,0,0
BRDA:162,8,1,0
BRDA:162,8,2,0
BRDA:162,8,3,0
BRDA:162,8,4,0
BRF:17
BRH:0
end_of_record
TN:
SF:components/ui/input.tsx
FN:8,(anonymous_4)
FNF:1
FNH:0
FNDA:0,(anonymous_4)
DA:1,0
DA:2,0
DA:7,0
DA:25,0
DA:27,0
LF:5
LH:0
BRF:0
BRH:0
end_of_record
TN:
SF:components/ui/loading-states.tsx
FN:10,PageLoader
FN:28,MetricCardSkeleton
FN:47,ChartSkeleton
FN:68,TableSkeleton
FN:84,(anonymous_12)
FN:93,(anonymous_13)
FN:95,(anonymous_14)
FN:111,DashboardSkeleton
FN:125,(anonymous_16)
FN:142,InlineLoader
FN:167,DataRefreshOverlay
FNF:11
FNH:0
FNDA:0,PageLoader
FNDA:0,MetricCardSkeleton
FNDA:0,ChartSkeleton
FNDA:0,TableSkeleton
FNDA:0,(anonymous_12)
FNDA:0,(anonymous_13)
FNDA:0,(anonymous_14)
FNDA:0,DashboardSkeleton
FNDA:0,(anonymous_16)
FNDA:0,InlineLoader
FNDA:0,DataRefreshOverlay
DA:3,0
DA:4,0
DA:5,0
DA:10,0
DA:28,0
DA:47,0
DA:68,0
DA:85,0
DA:94,0
DA:96,0
DA:111,0
DA:126,0
DA:142,0
DA:149,0
DA:167,0
DA:168,0
LF:16
LH:0
BRDA:47,0,0,0
BRDA:69,1,0,0
BRDA:70,2,0,0
BRDA:143,3,0,0
BRDA:168,4,0,0
BRDA:168,4,1,0
BRF:6
BRH:0
end_of_record
TN:
SF:components/ui/skeleton.tsx
FN:3,Skeleton
FNF:1
FNH:0
FNDA:0,Skeleton
DA:1,0
DA:18,0
LF:2
LH:0
BRF:0
BRH:0
end_of_record
TN:
SF:hooks/index.ts
FNF:0
FNH:0
DA:2,0
DA:3,0
DA:4,0
DA:5,0
LF:4
LH:0
BRF:0
BRH:0
end_of_record
TN:
SF:hooks/use-billing.ts
FN:52,(anonymous_6)
FN:70,useBillingUsage
FN:97,useBillingHistory
FN:127,getUsageWarnings
FN:155,calculateUsagePercentage
FNF:5
FNH:0
FNDA:0,(anonymous_6)
FNDA:0,useBillingUsage
FNDA:0,useBillingHistory
FNDA:0,getUsageWarnings
FNDA:0,calculateUsagePercentage
DA:3,0
DA:52,0
DA:53,0
DA:57,0
DA:58,0
DA:60,0
DA:70,0
DA:71,0
DA:72,0
DA:73,0
DA:75,0
DA:86,0
DA:97,0
DA:98,0
DA:99,0
DA:100,0
DA:102,0
DA:112,0
DA:127,0
DA:128,0
DA:129,0
DA:131,0
DA:132,0
DA:133,0
DA:134,0
DA:135,0
DA:136,0
DA:140,0
DA:141,0
DA:142,0
DA:143,0
DA:144,0
DA:145,0
DA:149,0
DA:155,0
DA:159,0
DA:160,0
LF:37
LH:0
BRDA:57,0,0,0
BRDA:57,0,1,0
BRDA:72,1,0,0
BRDA:72,1,1,0
BRDA:73,2,0,0
BRDA:73,2,1,0
BRDA:99,3,0,0
BRDA:99,3,1,0
BRDA:100,4,0,0
BRDA:100,4,1,0
BRDA:113,5,0,0
BRDA:113,5,1,0
BRDA:131,6,0,0
BRDA:131,6,1,0
BRDA:133,7,0,0
BRDA:133,7,1,0
BRDA:135,8,0,0
BRDA:135,8,1,0
BRDA:140,9,0,0
BRDA:140,9,1,0
BRDA:142,10,0,0
BRDA:142,10,1,0
BRDA:144,11,0,0
BRDA:144,11,1,0
BRDA:159,12,0,0
BRDA:159,12,1,0
BRDA:159,13,0,0
BRDA:159,13,1,0
BRF:28
BRH:0
end_of_record
TN:
SF:hooks/use-dashboard-data.ts
FN:122,useDashboardData
FN:135,(anonymous_3)
FN:165,(anonymous_4)
FN:199,(anonymous_5)
FN:228,(anonymous_6)
FN:230,(anonymous_7)
FN:238,(anonymous_8)
FN:240,(anonymous_9)
FN:248,(anonymous_10)
FN:262,(anonymous_11)
FN:277,(anonymous_12)
FN:338,(anonymous_13)
FNF:12
FNH:12
FNDA:14,useDashboardData
FNDA:14,(anonymous_3)
FNDA:14,(anonymous_4)
FNDA:14,(anonymous_5)
FNDA:14,(anonymous_6)
FNDA:2,(anonymous_7)
FNDA:14,(anonymous_8)
FNDA:2,(anonymous_9)
FNDA:14,(anonymous_10)
FNDA:14,(anonymous_11)
FNDA:14,(anonymous_12)
FNDA:1,(anonymous_13)
DA:3,1
DA:4,1
DA:5,1
DA:6,1
DA:7,1
DA:96,1
DA:122,14
DA:123,14
DA:124,14
DA:125,14
DA:128,14
DA:135,14
DA:136,14
DA:140,14
DA:141,14
DA:142,14
DA:143,14
DA:147,14
DA:154,14
DA:165,14
DA:166,14
DA:167,7
DA:168,7
DA:192,14
DA:193,14
DA:194,14
DA:195,14
DA:196,14
DA:199,14
DA:200,14
DA:201,6
DA:202,6
DA:213,14
DA:214,14
DA:215,14
DA:216,14
DA:217,14
DA:220,14
DA:221,14
DA:228,14
DA:229,14
DA:230,6
DA:238,14
DA:239,14
DA:240,6
DA:248,14
DA:250,14
DA:251,14
DA:254,14
DA:255,6
DA:257,5
DA:262,14
DA:264,14
DA:265,14
DA:268,14
DA:269,6
DA:271,5
DA:277,14
DA:278,14
DA:279,14
DA:280,14
DA:283,14
DA:287,14
DA:290,14
DA:291,14
DA:295,0
DA:296,0
DA:297,0
DA:300,0
DA:304,0
DA:307,0
DA:308,0
DA:318,14
DA:321,14
DA:322,14
DA:323,14
DA:324,14
DA:325,14
DA:326,14
DA:327,14
DA:328,14
DA:329,14
DA:330,14
DA:332,14
DA:338,14
DA:339,1
DA:346,14
LF:87
LH:80
BRDA:124,0,0,14
BRDA:124,0,1,13
BRDA:125,1,0,14
BRDA:125,1,1,13
BRDA:140,2,0,1
BRDA:140,2,1,13
BRDA:141,3,0,1
BRDA:141,3,1,13
BRDA:142,4,0,12
BRDA:142,4,1,2
BRDA:147,5,0,14
BRDA:147,5,1,13
BRDA:155,6,0,12
BRDA:155,6,1,2
BRDA:166,7,0,7
BRDA:166,7,1,7
BRDA:192,8,0,14
BRDA:192,8,1,7
BRDA:193,9,0,14
BRDA:193,9,1,7
BRDA:194,10,0,14
BRDA:194,10,1,7
BRDA:195,11,0,14
BRDA:195,11,1,7
BRDA:196,12,0,14
BRDA:196,12,1,7
BRDA:200,13,0,8
BRDA:200,13,1,6
BRDA:213,14,0,14
BRDA:213,14,1,7
BRDA:214,15,0,14
BRDA:214,15,1,7
BRDA:215,16,0,14
BRDA:215,16,1,13
BRDA:216,17,0,14
BRDA:216,17,1,13
BRDA:217,18,0,14
BRDA:217,18,1,13
BRDA:220,19,0,14
BRDA:220,19,1,7
BRDA:221,20,0,14
BRDA:221,20,1,7
BRDA:229,21,0,8
BRDA:229,21,1,6
BRDA:239,22,0,8
BRDA:239,22,1,6
BRDA:254,23,0,8
BRDA:254,23,1,6
BRDA:254,24,0,14
BRDA:254,24,1,6
BRDA:255,25,0,1
BRDA:255,25,1,5
BRDA:255,26,0,6
BRDA:255,26,1,6
BRDA:255,26,2,6
BRDA:268,27,0,8
BRDA:268,27,1,6
BRDA:268,28,0,14
BRDA:268,28,1,6
BRDA:269,29,0,1
BRDA:269,29,1,5
BRDA:269,30,0,6
BRDA:269,30,1,6
BRDA:269,30,2,6
BRDA:287,31,0,14
BRDA:287,31,1,2
BRDA:290,32,0,14
BRDA:290,32,1,0
BRDA:296,33,0,0
BRDA:296,33,1,0
BRDA:296,34,0,0
BRDA:296,34,1,0
BRDA:297,35,0,0
BRDA:297,35,1,0
BRDA:318,36,0,14
BRDA:318,36,1,13
BRDA:321,37,0,14
BRDA:321,37,1,7
BRDA:322,38,0,14
BRDA:322,38,1,13
BRDA:323,39,0,14
BRDA:323,39,1,13
BRDA:324,40,0,14
BRDA:324,40,1,13
BRDA:325,41,0,14
BRDA:325,41,1,13
BRDA:326,42,0,14
BRDA:326,42,1,13
BRDA:327,43,0,14
BRDA:327,43,1,8
BRDA:328,44,0,14
BRDA:328,44,1,13
BRDA:329,45,0,14
BRDA:329,45,1,13
BRDA:330,46,0,14
BRDA:330,46,1,13
BRF:96
BRH:89
end_of_record
TN:
SF:hooks/use-metrics.ts
FN:51,useMetricsSummary
FN:69,(anonymous_11)
FN:74,useTimeSeries
FN:97,(anonymous_13)
FN:102,useCampaignStats
FN:119,(anonymous_15)
FN:124,useCostBreakdown
FN:143,(anonymous_17)
FN:148,useCampaigns
FN:164,(anonymous_19)
FN:170,useGoogleSheetsStats
FN:186,(anonymous_21)
FN:191,useStepBreakdown
FN:214,(anonymous_23)
FN:238,useSenderStats
FN:257,(anonymous_25)
FNF:16
FNH:0
FNDA:0,useMetricsSummary
FNDA:0,(anonymous_11)
FNDA:0,useTimeSeries
FNDA:0,(anonymous_13)
FNDA:0,useCampaignStats
FNDA:0,(anonymous_15)
FNDA:0,useCostBreakdown
FNDA:0,(anonymous_17)
FNDA:0,useCampaigns
FNDA:0,(anonymous_19)
FNDA:0,useGoogleSheetsStats
FNDA:0,(anonymous_21)
FNDA:0,useStepBreakdown
FNDA:0,(anonymous_23)
FNDA:0,useSenderStats
FNDA:0,(anonymous_25)
DA:3,0
DA:4,0
DA:41,0
DA:51,0
DA:52,0
DA:53,0
DA:55,0
DA:64,0
DA:69,0
DA:74,0
DA:80,0
DA:81,0
DA:83,0
DA:92,0
DA:97,0
DA:102,0
DA:103,0
DA:105,0
DA:114,0
DA:119,0
DA:124,0
DA:125,0
DA:126,0
DA:127,0
DA:129,0
DA:138,0
DA:143,0
DA:148,0
DA:149,0
DA:159,0
DA:164,0
DA:170,0
DA:171,0
DA:180,0
DA:186,0
DA:191,0
DA:192,0
DA:193,0
DA:195,0
DA:204,0
DA:214,0
DA:238,0
DA:239,0
DA:240,0
DA:242,0
DA:251,0
DA:257,0
LF:47
LH:0
BRDA:53,0,0,0
BRDA:53,0,1,0
BRDA:81,1,0,0
BRDA:81,1,1,0
BRDA:93,2,0,0
BRDA:93,2,1,0
BRDA:115,3,0,0
BRDA:115,3,1,0
BRDA:126,4,0,0
BRDA:126,4,1,0
BRDA:127,5,0,0
BRDA:127,5,1,0
BRDA:127,6,0,0
BRDA:127,6,1,0
BRDA:160,7,0,0
BRDA:160,7,1,0
BRDA:193,8,0,0
BRDA:193,8,1,0
BRDA:206,9,0,0
BRDA:206,9,1,0
BRDA:207,10,0,0
BRDA:207,10,1,0
BRDA:208,11,0,0
BRDA:208,11,1,0
BRDA:209,12,0,0
BRDA:209,12,1,0
BRDA:210,13,0,0
BRDA:210,13,1,0
BRDA:240,14,0,0
BRDA:240,14,1,0
BRDA:252,15,0,0
BRDA:252,15,1,0
BRDA:253,16,0,0
BRDA:253,16,1,0
BRF:34
BRH:0
end_of_record
TN:
SF:hooks/use-workspaces.ts
FN:7,(anonymous_4)
FN:27,useUserWorkspaces
FN:51,useWorkspaceInvitations
FNF:3
FNH:0
FNDA:0,(anonymous_4)
FNDA:0,useUserWorkspaces
FNDA:0,useWorkspaceInvitations
DA:3,0
DA:7,0
DA:8,0
DA:12,0
DA:13,0
DA:15,0
DA:27,0
DA:28,0
DA:39,0
DA:51,0
DA:52,0
DA:61,0
LF:12
LH:0
BRDA:12,0,0,0
BRDA:12,0,1,0
BRDA:29,1,0,0
BRDA:29,1,1,0
BRDA:40,2,0,0
BRDA:40,2,1,0
BRDA:41,3,0,0
BRDA:41,3,1,0
BRDA:53,4,0,0
BRDA:53,4,1,0
BRDA:62,5,0,0
BRDA:62,5,1,0
BRF:12
BRH:0
end_of_record
TN:
SF:lib/api-utils.ts
FN:14,jsonResponse
FN:18,errorResponse
FN:22,serverError
FN:31,getSearchParams
FN:35,parseParams
FN:40,(anonymous_17)
FN:49,(anonymous_18)
FN:60,getDefaultDateRange
FN:66,parseDateRange
FN:82,requireSupabase
FN:98,getWorkspaceFromParams
FN:108,validateWebhookToken
FN:120,requireWebhookAuth
FNF:13
FNH:0
FNDA:0,jsonResponse
FNDA:0,errorResponse
FNDA:0,serverError
FNDA:0,getSearchParams
FNDA:0,parseParams
FNDA:0,(anonymous_17)
FNDA:0,(anonymous_18)
FNDA:0,getDefaultDateRange
FNDA:0,parseDateRange
FNDA:0,requireSupabase
FNDA:0,getWorkspaceFromParams
FNDA:0,validateWebhookToken
FNDA:0,requireWebhookAuth
DA:1,0
DA:3,0
DA:9,0
DA:14,0
DA:15,0
DA:18,0
DA:19,0
DA:22,0
DA:23,0
DA:24,0
DA:31,0
DA:32,0
DA:35,0
DA:39,0
DA:40,0
DA:41,0
DA:44,0
DA:46,0
DA:47,0
DA:49,0
DA:53,0
DA:60,0
DA:61,0
DA:62,0
DA:63,0
DA:66,0
DA:71,0
DA:72,0
DA:82,0
DA:85,0
DA:86,0
DA:91,0
DA:98,0
DA:99,0
DA:106,0
DA:108,0
DA:109,0
DA:112,0
DA:113,0
DA:114,0
DA:117,0
DA:120,0
DA:123,0
DA:124,0
DA:129,0
LF:45
LH:0
BRDA:14,0,0,0
BRDA:18,1,0,0
BRDA:46,2,0,0
BRDA:46,2,1,0
BRDA:60,3,0,0
BRDA:69,4,0,0
BRDA:73,5,0,0
BRDA:73,5,1,0
BRDA:74,6,0,0
BRDA:74,6,1,0
BRDA:85,7,0,0
BRDA:85,7,1,0
BRDA:106,8,0,0
BRDA:106,8,1,0
BRDA:109,9,0,0
BRDA:109,9,1,0
BRDA:112,10,0,0
BRDA:112,10,1,0
BRDA:123,11,0,0
BRDA:123,11,1,0
BRF:20
BRH:0
end_of_record
TN:
SF:lib/auth.ts
FN:73,getCurrentUser
FN:100,getCurrentWorkspaceId
FN:108,isPublicRoute
FN:109,(anonymous_11)
FN:118,hasWorkspaceAccess
FN:121,(anonymous_13)
FN:132,validateWebhookToken
FN:146,getWebhookToken
FNF:8
FNH:0
FNDA:0,getCurrentUser
FNDA:0,getCurrentWorkspaceId
FNDA:0,isPublicRoute
FNDA:0,(anonymous_11)
FNDA:0,hasWorkspaceAccess
FNDA:0,(anonymous_13)
FNDA:0,validateWebhookToken
FNDA:0,getWebhookToken
DA:15,0
DA:22,0
DA:73,0
DA:81,0
DA:100,0
DA:101,0
DA:102,0
DA:108,0
DA:109,0
DA:110,0
DA:111,0
DA:118,0
DA:119,0
DA:120,0
DA:121,0
DA:132,0
DA:133,0
DA:135,0
DA:136,0
DA:137,0
DA:140,0
DA:146,0
DA:147,0
LF:23
LH:0
BRDA:102,0,0,0
BRDA:102,0,1,0
BRDA:120,1,0,0
BRDA:120,1,1,0
BRDA:135,2,0,0
BRDA:135,2,1,0
BRF:6
BRH:0
end_of_record
TN:
SF:lib/cache.ts
FN:29,(anonymous_4)
FN:43,(anonymous_5)
FN:57,(anonymous_6)
FN:84,(anonymous_7)
FN:92,(anonymous_8)
FN:100,(anonymous_9)
FN:107,(anonymous_10)
FN:121,(anonymous_11)
FN:131,(anonymous_12)
FN:202,(anonymous_13)
FN:218,(anonymous_14)
FN:239,(anonymous_15)
FN:257,(anonymous_16)
FN:261,(anonymous_17)
FN:280,apiCacheKey
FN:285,(anonymous_19)
FN:286,(anonymous_20)
FN:287,(anonymous_21)
FNF:18
FNH:0
FNDA:0,(anonymous_4)
FNDA:0,(anonymous_5)
FNDA:0,(anonymous_6)
FNDA:0,(anonymous_7)
FNDA:0,(anonymous_8)
FNDA:0,(anonymous_9)
FNDA:0,(anonymous_10)
FNDA:0,(anonymous_11)
FNDA:0,(anonymous_12)
FNDA:0,(anonymous_13)
FNDA:0,(anonymous_14)
FNDA:0,(anonymous_15)
FNDA:0,(anonymous_16)
FNDA:0,(anonymous_17)
FNDA:0,apiCacheKey
FNDA:0,(anonymous_19)
FNDA:0,(anonymous_20)
FNDA:0,(anonymous_21)
DA:19,0
DA:21,0
DA:24,0
DA:25,0
DA:28,0
DA:29,0
DA:30,0
DA:31,0
DA:32,0
DA:33,0
DA:39,0
DA:44,0
DA:45,0
DA:58,0
DA:59,0
DA:62,0
DA:63,0
DA:67,0
DA:68,0
DA:69,0
DA:73,0
DA:74,0
DA:78,0
DA:85,0
DA:86,0
DA:93,0
DA:94,0
DA:101,0
DA:108,0
DA:109,0
DA:110,0
DA:111,0
DA:112,0
DA:115,0
DA:122,0
DA:123,0
DA:124,0
DA:125,0
DA:146,0
DA:147,0
DA:148,0
DA:149,0
DA:156,0
DA:158,0
DA:159,0
DA:160,0
DA:162,0
DA:163,0
DA:164,0
DA:165,0
DA:166,0
DA:174,0
DA:175,0
DA:185,0
DA:207,0
DA:210,0
DA:211,0
DA:215,0
DA:217,0
DA:218,0
DA:219,0
DA:220,0
DA:221,0
DA:225,0
DA:228,0
DA:230,0
DA:234,0
DA:235,0
DA:236,0
DA:239,0
DA:240,0
DA:241,0
DA:242,0
DA:243,0
DA:245,0
DA:249,0
DA:250,0
DA:260,0
DA:262,0
DA:269,0
DA:280,0
DA:284,0
DA:285,0
DA:286,0
DA:287,0
DA:289,0
LF:86
LH:0
BRDA:28,0,0,0
BRDA:28,0,1,0
BRDA:32,1,0,0
BRDA:32,1,1,0
BRDA:43,2,0,0
BRDA:62,3,0,0
BRDA:62,3,1,0
BRDA:67,4,0,0
BRDA:67,4,1,0
BRDA:73,5,0,0
BRDA:73,5,1,0
BRDA:110,6,0,0
BRDA:110,6,1,0
BRDA:162,7,0,0
BRDA:162,7,1,0
BRDA:164,8,0,0
BRDA:164,8,1,0
BRDA:205,9,0,0
BRDA:210,10,0,0
BRDA:210,10,1,0
BRDA:210,11,0,0
BRDA:210,11,1,0
BRDA:215,12,0,0
BRDA:215,12,1,0
BRDA:215,13,0,0
BRDA:215,13,1,0
BRDA:217,14,0,0
BRDA:217,14,1,0
BRDA:235,15,0,0
BRDA:235,15,1,0
BRDA:262,16,0,0
BRDA:262,16,1,0
BRF:32
BRH:0
end_of_record
TN:
SF:lib/constants.ts
FN:20,calculateLlmCost
FN:35,(anonymous_11)
FN:71,getProviderColor
FN:100,getModelDisplayName
FN:108,(anonymous_14)
FN:118,(anonymous_15)
FNF:6
FNH:6
FNDA:17,calculateLlmCost
FNDA:7,(anonymous_11)
FNDA:12,getProviderColor
FNDA:14,getModelDisplayName
FNDA:52,(anonymous_14)
FNDA:10,(anonymous_15)
DA:3,10
DA:20,17
DA:26,17
DA:27,17
DA:30,16
DA:33,16
DA:34,4
DA:35,7
DA:36,4
DA:37,3
DA:41,16
DA:43,15
DA:44,15
DA:46,15
DA:50,2
DA:53,2
DA:56,20
DA:71,12
DA:72,12
DA:73,12
DA:77,2
DA:85,2
DA:100,14
DA:102,14
DA:103,9
DA:107,5
DA:108,52
DA:111,5
DA:112,1
DA:116,4
DA:118,10
LF:31
LH:31
BRDA:27,0,0,1
BRDA:27,0,1,16
BRDA:33,1,0,4
BRDA:33,1,1,12
BRDA:36,2,0,3
BRDA:36,2,1,1
BRDA:41,3,0,1
BRDA:41,3,1,15
BRDA:73,4,0,12
BRDA:73,4,1,3
BRDA:102,5,0,9
BRDA:102,5,1,5
BRDA:111,6,0,1
BRDA:111,6,1,4
BRF:14
BRH:14
end_of_record
TN:
SF:lib/dashboard-context.tsx
FN:47,DashboardProvider
FN:62,(anonymous_8)
FN:76,(anonymous_9)
FN:77,(anonymous_10)
FN:85,(anonymous_11)
FN:86,(anonymous_12)
FN:97,(anonymous_13)
FN:98,(anonymous_14)
FN:113,(anonymous_15)
FN:135,useDashboard
FN:149,useOptionalDashboard
FNF:11
FNH:0
FNDA:0,DashboardProvider
FNDA:0,(anonymous_8)
FNDA:0,(anonymous_9)
FNDA:0,(anonymous_10)
FNDA:0,(anonymous_11)
FNDA:0,(anonymous_12)
FNDA:0,(anonymous_13)
FNDA:0,(anonymous_14)
FNDA:0,(anonymous_15)
FNDA:0,useDashboard
FNDA:0,useOptionalDashboard
DA:3,0
DA:4,0
DA:5,0
DA:6,0
DA:37,0
DA:47,0
DA:49,0
DA:50,0
DA:53,0
DA:56,0
DA:57,0
DA:58,0
DA:59,0
DA:62,0
DA:70,0
DA:76,0
DA:77,0
DA:78,0
DA:79,0
DA:80,0
DA:81,0
DA:85,0
DA:86,0
DA:87,0
DA:88,0
DA:89,0
DA:91,0
DA:93,0
DA:97,0
DA:98,0
DA:99,0
DA:100,0
DA:101,0
DA:103,0
DA:105,0
DA:113,0
DA:135,0
DA:136,0
DA:138,0
DA:139,0
DA:142,0
DA:149,0
DA:150,0
LF:43
LH:0
BRDA:56,0,0,0
BRDA:56,0,1,0
BRDA:57,1,0,0
BRDA:57,1,1,0
BRDA:58,2,0,0
BRDA:58,2,1,0
BRDA:59,3,0,0
BRDA:59,3,1,0
BRDA:88,4,0,0
BRDA:88,4,1,0
BRDA:100,5,0,0
BRDA:100,5,1,0
BRDA:120,6,0,0
BRDA:120,6,1,0
BRDA:138,7,0,0
BRDA:138,7,1,0
BRF:16
BRH:0
end_of_record
TN:
SF:lib/db-queries.ts
FN:35,applyCampaignExclusion
FN:49,shouldExcludeCampaign
FN:53,(anonymous_14)
FN:102,getDailyStats
FN:139,getSummaryTotals
FN:160,(anonymous_17)
FN:182,getLlmUsage
FN:223,getTotalCost
FN:234,(anonymous_20)
FN:249,getEventCounts
FN:279,(anonymous_22)
FN:281,(anonymous_23)
FN:300,getCampaigns
FN:320,(anonymous_25)
FN:336,isDatabaseAvailable
FN:343,getDefaultDateRange
FNF:16
FNH:0
FNDA:0,applyCampaignExclusion
FNDA:0,shouldExcludeCampaign
FNDA:0,(anonymous_14)
FNDA:0,getDailyStats
FNDA:0,getSummaryTotals
FNDA:0,(anonymous_17)
FNDA:0,getLlmUsage
FNDA:0,getTotalCost
FNDA:0,(anonymous_20)
FNDA:0,getEventCounts
FNDA:0,(anonymous_22)
FNDA:0,(anonymous_23)
FNDA:0,getCampaigns
FNDA:0,(anonymous_25)
FNDA:0,isDatabaseAvailable
FNDA:0,getDefaultDateRange
DA:12,0
DA:22,0
DA:35,0
DA:39,0
DA:40,0
DA:41,0
DA:43,0
DA:49,0
DA:50,0
DA:51,0
DA:52,0
DA:53,0
DA:102,0
DA:106,0
DA:107,0
DA:110,0
DA:112,0
DA:113,0
DA:121,0
DA:122,0
DA:125,0
DA:127,0
DA:128,0
DA:130,0
DA:131,0
DA:139,0
DA:153,0
DA:155,0
DA:156,0
DA:159,0
DA:160,0
DA:171,0
DA:182,0
DA:186,0
DA:187,0
DA:190,0
DA:192,0
DA:193,0
DA:202,0
DA:203,0
DA:206,0
DA:207,0
DA:210,0
DA:212,0
DA:213,0
DA:215,0
DA:216,0
DA:223,0
DA:227,0
DA:229,0
DA:230,0
DA:233,0
DA:234,0
DA:238,0
DA:249,0
DA:254,0
DA:255,0
DA:258,0
DA:260,0
DA:261,0
DA:269,0
DA:270,0
DA:273,0
DA:275,0
DA:278,0
DA:279,0
DA:281,0
DA:282,0
DA:285,0
DA:287,0
DA:288,0
DA:300,0
DA:303,0
DA:304,0
DA:307,0
DA:309,0
DA:310,0
DA:317,0
DA:320,0
DA:322,0
DA:324,0
DA:325,0
DA:336,0
DA:337,0
DA:343,0
DA:344,0
DA:345,0
DA:346,0
LF:88
LH:0
BRDA:50,0,0,0
BRDA:50,0,1,0
BRDA:104,1,0,0
BRDA:106,2,0,0
BRDA:106,2,1,0
BRDA:110,3,0,0
BRDA:121,4,0,0
BRDA:121,4,1,0
BRDA:127,5,0,0
BRDA:127,5,1,0
BRDA:141,6,0,0
BRDA:155,7,0,0
BRDA:155,7,1,0
BRDA:155,8,0,0
BRDA:155,8,1,0
BRDA:161,9,0,0
BRDA:161,9,1,0
BRDA:162,10,0,0
BRDA:162,10,1,0
BRDA:163,11,0,0
BRDA:163,11,1,0
BRDA:164,12,0,0
BRDA:164,12,1,0
BRDA:165,13,0,0
BRDA:165,13,1,0
BRDA:166,14,0,0
BRDA:166,14,1,0
BRDA:184,15,0,0
BRDA:186,16,0,0
BRDA:186,16,1,0
BRDA:190,17,0,0
BRDA:190,18,0,0
BRDA:202,19,0,0
BRDA:202,19,1,0
BRDA:206,20,0,0
BRDA:206,20,1,0
BRDA:206,21,0,0
BRDA:206,21,1,0
BRDA:212,22,0,0
BRDA:212,22,1,0
BRDA:225,23,0,0
BRDA:229,24,0,0
BRDA:229,24,1,0
BRDA:229,25,0,0
BRDA:229,25,1,0
BRDA:234,26,0,0
BRDA:234,26,1,0
BRDA:252,27,0,0
BRDA:254,28,0,0
BRDA:254,28,1,0
BRDA:258,29,0,0
BRDA:269,30,0,0
BRDA:269,30,1,0
BRDA:275,31,0,0
BRDA:275,31,1,0
BRDA:281,32,0,0
BRDA:281,32,1,0
BRDA:282,33,0,0
BRDA:282,33,1,0
BRDA:301,34,0,0
BRDA:303,35,0,0
BRDA:303,35,1,0
BRDA:307,36,0,0
BRDA:307,37,0,0
BRDA:317,38,0,0
BRDA:317,38,1,0
BRDA:320,39,0,0
BRDA:320,39,1,0
BRDA:343,40,0,0
BRF:69
BRH:0
end_of_record
TN:
SF:lib/fetcher.ts
FN:23,(anonymous_7)
FN:35,(anonymous_8)
FN:45,createTimeoutController
FN:50,(anonymous_10)
FN:60,fetcher
FN:68,(anonymous_12)
FN:116,fetcherWithOptions
FN:159,getInFlightCount
FN:166,clearInFlightRequests
FNF:9
FNH:0
FNDA:0,(anonymous_7)
FNDA:0,(anonymous_8)
FNDA:0,createTimeoutController
FNDA:0,(anonymous_10)
FNDA:0,fetcher
FNDA:0,(anonymous_12)
FNDA:0,fetcherWithOptions
FNDA:0,getInFlightCount
FNDA:0,clearInFlightRequests
DA:12,1
DA:15,1
DA:18,0
DA:24,0
DA:25,0
DA:26,0
DA:27,0
DA:28,0
DA:32,0
DA:36,0
DA:37,0
DA:38,0
DA:49,0
DA:50,0
DA:51,0
DA:60,14
DA:62,0
DA:63,0
DA:64,0
DA:68,0
DA:69,0
DA:71,0
DA:72,0
DA:81,0
DA:83,0
DA:84,0
DA:92,0
DA:94,0
DA:96,0
DA:97,0
DA:100,0
DA:103,0
DA:108,0
DA:110,0
DA:116,0
DA:120,0
DA:122,0
DA:123,0
DA:133,0
DA:135,0
DA:136,0
DA:144,0
DA:146,0
DA:148,0
DA:149,0
DA:152,0
DA:159,0
DA:160,0
DA:166,0
DA:167,0
LF:50
LH:3
BRDA:63,0,0,0
BRDA:63,0,1,0
BRDA:83,1,0,0
BRDA:83,1,1,0
BRDA:96,2,0,0
BRDA:96,2,1,0
BRDA:96,3,0,0
BRDA:96,3,1,0
BRDA:118,4,0,0
BRDA:135,5,0,0
BRDA:135,5,1,0
BRDA:148,6,0,0
BRDA:148,6,1,0
BRDA:148,7,0,0
BRDA:148,7,1,0
BRF:15
BRH:0
end_of_record
TN:
SF:lib/google-sheets.ts
FN:8,(anonymous_6)
FN:23,getGoogleSheetsClient
FN:106,findColumnIndex
FN:119,parseRow
FN:120,(anonymous_10)
FN:125,(anonymous_11)
FN:157,fetchSheetData
FN:261,transformToEmailEvents
FN:328,transformToContacts
FN:330,(anonymous_15)
FN:331,(anonymous_16)
FN:345,calculateSheetStats
FN:364,(anonymous_18)
FNF:13
FNH:0
FNDA:0,(anonymous_6)
FNDA:0,getGoogleSheetsClient
FNDA:0,findColumnIndex
FNDA:0,parseRow
FNDA:0,(anonymous_10)
FNDA:0,(anonymous_11)
FNDA:0,fetchSheetData
FNDA:0,transformToEmailEvents
FNDA:0,transformToContacts
FNDA:0,(anonymous_15)
FNDA:0,(anonymous_16)
FNDA:0,calculateSheetStats
FNDA:0,(anonymous_18)
DA:1,0
DA:2,0
DA:5,0
DA:8,0
DA:9,0
DA:10,0
DA:11,0
DA:12,0
DA:14,0
DA:15,0
DA:17,0
DA:18,0
DA:23,0
DA:24,0
DA:25,0
DA:27,0
DA:28,0
DA:33,0
DA:34,0
DA:36,0
DA:37,0
DA:87,0
DA:107,0
DA:108,0
DA:109,0
DA:110,0
DA:111,0
DA:115,0
DA:120,0
DA:121,0
DA:122,0
DA:125,0
DA:126,0
DA:127,0
DA:130,0
DA:157,0
DA:159,0
DA:160,0
DA:162,0
DA:163,0
DA:164,0
DA:167,0
DA:168,0
DA:170,0
DA:171,0
DA:172,0
DA:173,0
DA:176,0
DA:178,0
DA:183,0
DA:184,0
DA:185,0
DA:186,0
DA:190,0
DA:193,0
DA:196,0
DA:197,0
DA:198,0
DA:199,0
DA:200,0
DA:203,0
DA:204,0
DA:206,0
DA:207,0
DA:209,0
DA:210,0
DA:212,0
DA:213,0
DA:215,0
DA:216,0
DA:218,0
DA:230,0
DA:231,0
DA:232,0
DA:233,0
DA:236,0
DA:237,0
DA:241,0
DA:248,0
DA:250,0
DA:251,0
DA:253,0
DA:255,0
DA:256,0
DA:261,0
DA:262,0
DA:263,0
DA:265,0
DA:266,0
DA:269,0
DA:270,0
DA:280,0
DA:281,0
DA:291,0
DA:292,0
DA:302,0
DA:303,0
DA:313,0
DA:314,0
DA:324,0
DA:328,0
DA:329,0
DA:330,0
DA:331,0
DA:345,0
DA:346,0
DA:349,0
DA:350,0
DA:351,0
DA:352,0
DA:353,0
DA:355,0
DA:356,0
DA:357,0
DA:358,0
DA:359,0
DA:360,0
DA:363,0
DA:364,0
DA:366,0
LF:120
LH:0
BRDA:5,0,0,0
BRDA:5,0,1,0
BRDA:10,1,0,0
BRDA:10,1,1,0
BRDA:25,2,0,0
BRDA:25,2,1,0
BRDA:108,3,0,0
BRDA:108,3,1,0
BRDA:110,4,0,0
BRDA:110,4,1,0
BRDA:121,5,0,0
BRDA:121,5,1,0
BRDA:121,6,0,0
BRDA:121,6,1,0
BRDA:122,7,0,0
BRDA:122,7,1,0
BRDA:127,8,0,0
BRDA:127,8,1,0
BRDA:127,8,2,0
BRDA:157,9,0,0
BRDA:162,10,0,0
BRDA:162,10,1,0
BRDA:171,11,0,0
BRDA:171,11,1,0
BRDA:184,12,0,0
BRDA:184,12,1,0
BRDA:184,13,0,0
BRDA:184,13,1,0
BRDA:204,14,0,0
BRDA:204,14,1,0
BRDA:207,15,0,0
BRDA:207,15,1,0
BRDA:210,16,0,0
BRDA:210,16,1,0
BRDA:213,17,0,0
BRDA:213,17,1,0
BRDA:216,18,0,0
BRDA:216,18,1,0
BRDA:236,19,0,0
BRDA:236,19,1,0
BRDA:236,20,0,0
BRDA:236,20,1,0
BRDA:266,21,0,0
BRDA:266,21,1,0
BRDA:269,22,0,0
BRDA:269,22,1,0
BRDA:280,23,0,0
BRDA:280,23,1,0
BRDA:291,24,0,0
BRDA:291,24,1,0
BRDA:302,25,0,0
BRDA:302,25,1,0
BRDA:313,26,0,0
BRDA:313,26,1,0
BRDA:330,27,0,0
BRDA:330,27,1,0
BRDA:356,28,0,0
BRDA:356,28,1,0
BRDA:357,29,0,0
BRDA:357,29,1,0
BRDA:358,30,0,0
BRDA:358,30,1,0
BRDA:359,31,0,0
BRDA:359,31,1,0
BRDA:360,32,0,0
BRDA:360,32,1,0
BRDA:364,33,0,0
BRDA:364,33,1,0
BRDA:364,33,2,0
BRDA:375,34,0,0
BRDA:375,34,1,0
BRDA:376,35,0,0
BRDA:376,35,1,0
BRF:73
BRH:0
end_of_record
TN:
SF:lib/rate-limit.ts
FN:16,(anonymous_8)
FN:46,checkRateLimit
FN:82,rateLimitHeaders
FN:94,getClientId
FNF:4
FNH:0
FNDA:0,(anonymous_8)
FNDA:0,checkRateLimit
FNDA:0,rateLimitHeaders
FNDA:0,getClientId
DA:13,0
DA:16,0
DA:17,0
DA:18,0
DA:19,0
DA:20,0
DA:46,0
DA:50,0
DA:51,0
DA:52,0
DA:54,0
DA:57,0
DA:58,0
DA:65,0
DA:66,0
DA:68,0
DA:69,0
DA:71,0
DA:82,0
DA:83,0
DA:94,0
DA:95,0
DA:96,0
DA:97,0
DA:100,0
DA:101,0
DA:102,0
DA:106,0
DA:114,0
DA:120,0
DA:126,0
DA:132,0
LF:32
LH:0
BRDA:19,0,0,0
BRDA:19,0,1,0
BRDA:57,1,0,0
BRDA:57,1,1,0
BRDA:57,2,0,0
BRDA:57,2,1,0
BRDA:96,3,0,0
BRDA:96,3,1,0
BRDA:101,4,0,0
BRDA:101,4,1,0
BRF:10
BRH:0
end_of_record
TN:
SF:lib/sanitize.ts
FN:9,sanitizeString
FN:27,sanitizeEmail
FN:41,sanitizeIdentifier
FN:54,sanitizeUrl
FN:72,(anonymous_11)
FN:87,sanitizeObject
FN:93,sanitize
FN:101,(anonymous_14)
FN:124,validateWebhookPayload
FNF:9
FNH:0
FNDA:0,sanitizeString
FNDA:0,sanitizeEmail
FNDA:0,sanitizeIdentifier
FNDA:0,sanitizeUrl
FNDA:0,(anonymous_11)
FNDA:0,sanitizeObject
FNDA:0,sanitize
FNDA:0,(anonymous_14)
FNDA:0,validateWebhookPayload
DA:9,0
DA:10,0
DA:12,0
DA:27,0
DA:28,0
DA:30,0
DA:41,0
DA:42,0
DA:44,0
DA:54,0
DA:55,0
DA:57,0
DA:59,0
DA:60,0
DA:63,0
DA:66,0
DA:67,0
DA:71,0
DA:72,0
DA:73,0
DA:75,0
DA:78,0
DA:80,0
DA:87,0
DA:91,0
DA:94,0
DA:96,0
DA:97,0
DA:100,0
DA:101,0
DA:104,0
DA:105,0
DA:106,0
DA:107,0
DA:108,0
DA:109,0
DA:112,0
DA:115,0
DA:118,0
DA:124,0
DA:129,0
DA:130,0
DA:133,0
DA:136,0
DA:137,0
DA:138,0
DA:142,0
DA:144,0
LF:48
LH:0
BRDA:9,0,0,0
BRDA:10,1,0,0
BRDA:10,1,1,0
BRDA:10,2,0,0
BRDA:10,2,1,0
BRDA:28,3,0,0
BRDA:28,3,1,0
BRDA:28,4,0,0
BRDA:28,4,1,0
BRDA:42,5,0,0
BRDA:42,5,1,0
BRDA:42,6,0,0
BRDA:42,6,1,0
BRDA:54,7,0,0
BRDA:55,8,0,0
BRDA:55,8,1,0
BRDA:55,9,0,0
BRDA:55,9,1,0
BRDA:59,10,0,0
BRDA:59,10,1,0
BRDA:59,11,0,0
BRDA:59,11,1,0
BRDA:66,12,0,0
BRDA:66,12,1,0
BRDA:71,13,0,0
BRDA:71,13,1,0
BRDA:73,14,0,0
BRDA:73,14,1,0
BRDA:75,15,0,0
BRDA:75,15,1,0
BRDA:89,16,0,0
BRDA:91,17,0,0
BRDA:91,18,0,0
BRDA:94,19,0,0
BRDA:94,19,1,0
BRDA:96,20,0,0
BRDA:96,20,1,0
BRDA:100,21,0,0
BRDA:100,21,1,0
BRDA:104,22,0,0
BRDA:104,22,1,0
BRDA:104,23,0,0
BRDA:104,23,1,0
BRDA:108,24,0,0
BRDA:108,24,1,0
BRDA:129,25,0,0
BRDA:129,25,1,0
BRDA:129,26,0,0
BRDA:129,26,1,0
BRDA:137,27,0,0
BRDA:137,27,1,0
BRF:51
BRH:0
end_of_record
TN:
SF:lib/supabase.ts
FN:8,createSupabaseAdmin
FN:37,isValidUUID
FN:49,getWorkspaceId
FNF:3
FNH:1
FNDA:1,createSupabaseAdmin
FNDA:0,isValidUUID
FNDA:0,getWorkspaceId
DA:1,1
DA:3,1
DA:4,1
DA:9,1
DA:10,1
DA:11,1
DA:14,0
DA:22,1
DA:32,2
DA:37,0
DA:38,0
DA:39,0
DA:49,0
DA:50,0
DA:51,0
DA:53,0
LF:16
LH:8
BRDA:3,0,0,1
BRDA:3,0,1,1
BRDA:4,1,0,1
BRDA:4,1,1,1
BRDA:9,2,0,1
BRDA:9,2,1,0
BRDA:9,3,0,1
BRDA:9,3,1,0
BRDA:50,4,0,0
BRDA:50,4,1,0
BRDA:50,5,0,0
BRDA:50,5,1,0
BRF:12
BRH:6
end_of_record
TN:
SF:lib/swr-config.tsx
FN:27,(anonymous_4)
FN:42,(anonymous_5)
FN:53,(anonymous_6)
FN:65,SWRProvider
FNF:4
FNH:0
FNDA:0,(anonymous_4)
FNDA:0,(anonymous_5)
FNDA:0,(anonymous_6)
FNDA:0,SWRProvider
DA:3,0
DA:4,0
DA:5,0
DA:12,0
DA:29,0
DA:30,0
DA:32,0
DA:44,0
DA:45,0
DA:54,0
DA:55,0
DA:65,0
DA:76,0
LF:13
LH:0
BRDA:29,0,0,0
BRDA:29,0,1,0
BRDA:29,1,0,0
BRDA:29,1,1,0
BRDA:44,2,0,0
BRDA:44,2,1,0
BRDA:54,3,0,0
BRDA:54,3,1,0
BRF:8
BRH:0
end_of_record
TN:
SF:lib/utils.ts
FN:5,cn
FN:10,formatNumber
FN:18,formatCurrency
FN:38,formatCurrencyShort
FN:52,formatCurrencyPrecise
FN:60,formatPercent
FN:65,percentChange
FN:71,formatDate
FN:81,toISODate
FN:89,daysAgo
FN:96,debounce
FN:101,(anonymous_25)
FN:103,(anonymous_26)
FN:108,getTrendIndicator
FNF:14
FNH:11
FNDA:4,cn
FNDA:9,formatNumber
FNDA:10,formatCurrency
FNDA:4,formatCurrencyShort
FNDA:3,formatCurrencyPrecise
FNDA:7,formatPercent
FNDA:9,percentChange
FNDA:2,formatDate
FNDA:4,toISODate
FNDA:3,daysAgo
FNDA:0,debounce
FNDA:0,(anonymous_25)
FNDA:0,(anonymous_26)
FNDA:5,getTrendIndicator
DA:1,1
DA:2,1
DA:5,4
DA:6,4
DA:10,9
DA:11,9
DA:18,10
DA:19,10
DA:20,1
DA:24,9
DA:25,3
DA:29,6
DA:38,4
DA:39,4
DA:40,1
DA:43,3
DA:52,3
DA:53,3
DA:54,1
DA:56,2
DA:60,7
DA:61,7
DA:65,9
DA:66,9
DA:67,7
DA:71,2
DA:72,2
DA:73,2
DA:81,4
DA:82,4
DA:83,4
DA:84,4
DA:85,4
DA:89,3
DA:90,3
DA:91,3
DA:92,3
DA:96,0
DA:101,0
DA:102,0
DA:103,0
DA:108,5
DA:109,5
DA:110,3
DA:111,1
DA:115,1
LF:46
LH:42
BRDA:10,0,0,5
BRDA:19,1,0,1
BRDA:19,1,1,9
BRDA:24,2,0,3
BRDA:24,2,1,6
BRDA:39,3,0,1
BRDA:39,3,1,3
BRDA:53,4,0,1
BRDA:53,4,1,2
BRDA:60,5,0,4
BRDA:66,6,0,2
BRDA:66,6,1,7
BRDA:66,7,0,1
BRDA:66,7,1,1
BRDA:72,8,0,1
BRDA:72,8,1,1
BRDA:109,9,0,2
BRDA:109,9,1,3
BRDA:110,10,0,2
BRDA:110,10,1,1
BRF:20
BRH:20
end_of_record
TN:
SF:lib/validation.ts
FN:91,parseSearchParams
FN:96,(anonymous_15)
FN:102,safeParseSearchParams
FN:107,(anonymous_17)
FNF:4
FNH:0
FNDA:0,parseSearchParams
FNDA:0,(anonymous_15)
FNDA:0,safeParseSearchParams
FNDA:0,(anonymous_17)
DA:1,0
DA:7,0
DA:9,0
DA:11,0
DA:13,0
DA:19,0
DA:26,0
DA:30,0
DA:37,0
DA:41,0
DA:50,0
DA:61,0
DA:91,0
DA:95,0
DA:96,0
DA:97,0
DA:99,0
DA:102,0
DA:106,0
DA:107,0
DA:108,0
DA:110,0
LF:22
LH:0
BRF:0
BRH:0
end_of_record
TN:
SF:lib/workspace-access.ts
FN:64,isSuperAdmin
FN:71,getWorkspaceAccess
FN:125,getUserWorkspaces
FN:135,(anonymous_18)
FN:158,(anonymous_19)
FN:159,(anonymous_20)
FN:174,canAccessWorkspace
FN:186,canWriteToWorkspace
FN:198,canManageWorkspace
FN:214,createWorkspace
FN:277,addUserToWorkspace
FN:309,removeUserFromWorkspace
FN:338,updateUserRole
FN:368,getWorkspaceMembers
FN:387,(anonymous_29)
FN:407,getCurrentUserAccess
FNF:16
FNH:0
FNDA:0,isSuperAdmin
FNDA:0,getWorkspaceAccess
FNDA:0,getUserWorkspaces
FNDA:0,(anonymous_18)
FNDA:0,(anonymous_19)
FNDA:0,(anonymous_20)
FNDA:0,canAccessWorkspace
FNDA:0,canWriteToWorkspace
FNDA:0,canManageWorkspace
FNDA:0,createWorkspace
FNDA:0,addUserToWorkspace
FNDA:0,removeUserFromWorkspace
FNDA:0,updateUserRole
FNDA:0,getWorkspaceMembers
FNDA:0,(anonymous_29)
FNDA:0,getCurrentUserAccess
DA:10,0
DA:11,0
DA:45,0
DA:53,0
DA:64,0
DA:65,0
DA:71,0
DA:75,0
DA:78,0
DA:79,0
DA:85,0
DA:87,0
DA:96,0
DA:109,0
DA:111,0
DA:112,0
DA:114,0
DA:125,0
DA:126,0
DA:129,0
DA:130,0
DA:135,0
DA:144,0
DA:155,0
DA:157,0
DA:158,0
DA:160,0
DA:161,0
DA:162,0
DA:174,0
DA:178,0
DA:179,0
DA:180,0
DA:186,0
DA:190,0
DA:191,0
DA:192,0
DA:198,0
DA:202,0
DA:203,0
DA:204,0
DA:214,0
DA:219,0
DA:220,0
DA:224,0
DA:226,0
DA:228,0
DA:239,0
DA:240,0
DA:241,0
DA:245,0
DA:253,0
DA:254,0
DA:256,0
DA:257,0
DA:260,0
DA:269,0
DA:270,0
DA:277,0
DA:282,0
DA:283,0
DA:286,0
DA:287,0
DA:295,0
DA:296,0
DA:299,0
DA:301,0
DA:302,0
DA:309,0
DA:313,0
DA:314,0
DA:317,0
DA:318,0
DA:324,0
DA:325,0
DA:328,0
DA:330,0
DA:331,0
DA:338,0
DA:343,0
DA:344,0
DA:347,0
DA:348,0
DA:354,0
DA:355,0
DA:358,0
DA:360,0
DA:361,0
DA:368,0
DA:372,0
DA:373,0
DA:376,0
DA:377,0
DA:382,0
DA:383,0
DA:386,0
DA:387,0
DA:394,0
DA:395,0
DA:407,0
DA:414,0
DA:415,0
DA:417,0
DA:418,0
DA:427,0
DA:428,0
DA:431,0
DA:434,0
DA:436,0
DA:444,0
DA:445,0
DA:460,0
DA:461,0
LF:113
LH:0
BRDA:75,0,0,0
BRDA:75,0,1,0
BRDA:78,1,0,0
BRDA:78,1,1,0
BRDA:85,2,0,0
BRDA:85,2,1,0
BRDA:109,3,0,0
BRDA:109,3,1,0
BRDA:109,4,0,0
BRDA:109,4,1,0
BRDA:126,5,0,0
BRDA:126,5,1,0
BRDA:129,6,0,0
BRDA:129,6,1,0
BRDA:135,7,0,0
BRDA:135,7,1,0
BRDA:155,8,0,0
BRDA:155,8,1,0
BRDA:155,9,0,0
BRDA:155,9,1,0
BRDA:178,10,0,0
BRDA:178,10,1,0
BRDA:190,11,0,0
BRDA:190,11,1,0
BRDA:192,12,0,0
BRDA:192,12,1,0
BRDA:202,13,0,0
BRDA:202,13,1,0
BRDA:204,14,0,0
BRDA:204,14,1,0
BRDA:219,15,0,0
BRDA:219,15,1,0
BRDA:224,16,0,0
BRDA:224,16,1,0
BRDA:239,17,0,0
BRDA:239,17,1,0
BRDA:253,18,0,0
BRDA:253,18,1,0
BRDA:280,19,0,0
BRDA:282,20,0,0
BRDA:282,20,1,0
BRDA:295,21,0,0
BRDA:295,21,1,0
BRDA:313,22,0,0
BRDA:313,22,1,0
BRDA:324,23,0,0
BRDA:324,23,1,0
BRDA:343,24,0,0
BRDA:343,24,1,0
BRDA:354,25,0,0
BRDA:354,25,1,0
BRDA:372,26,0,0
BRDA:372,26,1,0
BRDA:382,27,0,0
BRDA:382,27,1,0
BRDA:387,28,0,0
BRDA:387,28,1,0
BRDA:417,29,0,0
BRDA:417,29,1,0
BRDA:431,30,0,0
BRDA:431,30,1,0
BRDA:431,30,2,0
BRDA:441,31,0,0
BRDA:441,31,1,0
BRF:64
BRH:0
end_of_record
TN:
SF:lib/workspace-context.tsx
FN:85,WorkspaceProvider
FN:97,(anonymous_10)
FN:120,(anonymous_11)
FN:153,(anonymous_12)
FN:160,(anonymous_13)
FN:166,(anonymous_14)
FN:167,(anonymous_15)
FN:174,(anonymous_16)
FN:179,(anonymous_17)
FN:209,(anonymous_18)
FN:247,useWorkspace
FN:261,useOptionalWorkspace
FNF:12
FNH:0
FNDA:0,WorkspaceProvider
FNDA:0,(anonymous_10)
FNDA:0,(anonymous_11)
FNDA:0,(anonymous_12)
FNDA:0,(anonymous_13)
FNDA:0,(anonymous_14)
FNDA:0,(anonymous_15)
FNDA:0,(anonymous_16)
FNDA:0,(anonymous_17)
FNDA:0,(anonymous_18)
FNDA:0,useWorkspace
FNDA:0,useOptionalWorkspace
DA:3,1
DA:4,1
DA:5,1
DA:59,1
DA:74,1
DA:85,1
DA:89,0
DA:90,0
DA:91,0
DA:92,0
DA:93,0
DA:94,0
DA:97,0
DA:98,0
DA:100,0
DA:101,0
DA:102,0
DA:103,0
DA:105,0
DA:108,0
DA:109,0
DA:110,0
DA:111,0
DA:112,0
DA:113,0
DA:114,0
DA:115,0
DA:118,0
DA:119,0
DA:120,0
DA:123,0
DA:124,0
DA:125,0
DA:126,0
DA:127,0
DA:129,0
DA:130,0
DA:133,0
DA:136,0
DA:138,0
DA:139,0
DA:140,0
DA:141,0
DA:142,0
DA:148,0
DA:153,0
DA:154,0
DA:155,0
DA:160,0
DA:161,0
DA:162,0
DA:166,0
DA:167,0
DA:168,0
DA:169,0
DA:174,0
DA:175,0
DA:179,0
DA:180,0
DA:181,0
DA:187,0
DA:189,0
DA:190,0
DA:194,0
DA:197,0
DA:198,0
DA:201,0
DA:203,0
DA:204,0
DA:209,0
DA:247,1
DA:248,0
DA:250,0
DA:251,0
DA:254,0
DA:261,1
DA:262,0
DA:266,1
LF:78
LH:9
BRDA:87,0,0,0
BRDA:98,1,0,0
BRDA:98,1,1,0
BRDA:103,2,0,0
BRDA:103,2,1,0
BRDA:108,3,0,0
BRDA:108,3,1,0
BRDA:112,4,0,0
BRDA:112,4,1,0
BRDA:112,5,0,0
BRDA:112,5,1,0
BRDA:119,6,0,0
BRDA:119,6,1,0
BRDA:123,7,0,0
BRDA:123,7,1,0
BRDA:125,8,0,0
BRDA:125,8,1,0
BRDA:133,9,0,0
BRDA:133,9,1,0
BRDA:139,10,0,0
BRDA:139,10,1,0
BRDA:154,11,0,0
BRDA:154,11,1,0
BRDA:168,12,0,0
BRDA:168,12,1,0
BRDA:189,13,0,0
BRDA:189,13,1,0
BRDA:190,14,0,0
BRDA:190,14,1,0
BRDA:197,15,0,0
BRDA:197,15,1,0
BRDA:220,16,0,0
BRDA:220,16,1,0
BRDA:222,17,0,0
BRDA:222,17,1,0
BRDA:223,18,0,0
BRDA:223,18,1,0
BRDA:250,19,0,0
BRDA:250,19,1,0
BRF:39
BRH:0
end_of_record
